============================================================
   Tang Dynasty, V5.0.30786
   Copyright:   Shanghai Anlogic Infotech Co., Ltd.
                2011 - 2021
   Executable = E:/fpgadream/Anlogic_TD/bin/td.exe
   Run by =     86132
   Run Date =   Thu Aug 10 16:31:57 2023

   Run on =     THE-END-OF-THE-
============================================================
RUN-1002 : start command "import_device eagle_s20.db -package BG256"
ARC-1001 : Device Initialization.
ARC-1001 : ------------------------------------------------------------------
ARC-1001 :            OPTION            |          IO          |   SETTING   
ARC-1001 : ------------------------------------------------------------------
ARC-1001 :   cso_b/cclk/mosi/miso/dout  |  T3/R11/T10/P10/S11  |    gpio    
ARC-1001 :             done             |         P13          |    gpio    
ARC-1001 :           program_b          |          T2          |  dedicate  
ARC-1001 :        tdi/tms/tck/tdo       |   C12/A15/C14/E14    |  dedicate  
ARC-1001 : ------------------------------------------------------------------
ARC-1004 : Device setting, marked 5 dedicate IOs in total.
GUI-8003 ERROR: ../source/rtl/Driver.v is missing!
GUI-8003 ERROR: ../al_ip/fifo/ramfifo.v is missing!
GUI-8003 ERROR: ../source/rtl/BGMPlayer.v is missing!
GUI-8003 ERROR: ../al_ip/clk6Mhz.v is missing!
GUI-8003 ERROR: ../source/rtl/Sobel_edge/SQRT_CSDN.v is missing!
GUI-8003 ERROR: ../al_ip/test_pll.v is missing!
