============================================================
   Tang Dynasty, V5.0.30786
   Copyright:   Shanghai Anlogic Infotech Co., Ltd.
                2011 - 2021
   Executable = E:/fpgadream/Anlogic_TD/bin/td.exe
   Run by =     86132
   Run Date =   Fri Jul  7 10:38:53 2023

   Run on =     THE-END-OF-THE-
============================================================
RUN-001 : GUI based run...
RUN-1002 : start command "open_project flybird.al"
RUN-8001 ERROR: ../source/rtl/ov2640_init.v: Can't find this file.
RUN-8001 ERROR: ../source/rtl/ov2640_read.v: Can't find this file.
RUN-1001 : Print Global Property
RUN-1001 : -------------------------------------------------------
RUN-1001 :        Parameters        |  Settings  |  Default Values  
RUN-1001 : -------------------------------------------------------
RUN-1001 :          message         |  standard  |     standard     
RUN-1001 :   mixed_pack_place_flow  |     on     |        on        
RUN-1001 :        syn_ip_flow       |    off     |       off        
RUN-1001 :          thread          |    auto    |       auto       
RUN-1001 : -------------------------------------------------------
RUN-1001 : Print Design Property
RUN-1001 : ------------------------------------------------------
RUN-1001 :        Parameters       |  Settings  |  Default Values  
RUN-1001 : ------------------------------------------------------
RUN-1001 :        infer_add        |     on     |        on        
RUN-1001 :        infer_fsm        |    off     |       off        
RUN-1001 :        infer_mult       |     on     |        on        
RUN-1001 :        infer_ram        |     on     |        on        
RUN-1001 :        infer_reg        |     on     |        on        
RUN-1001 :   infer_reg_init_value  |     on     |        on        
RUN-1001 :        infer_rom        |     on     |        on        
RUN-1001 :      infer_shifter      |    off     |       off        
RUN-1001 :         map_dram        |    auto    |       auto       
RUN-1001 : ------------------------------------------------------
RUN-1001 : Print Rtl Property
RUN-1001 : ------------------------------------------------------
RUN-1001 :        Parameters       |  Settings  |  Default Values  
RUN-1001 : ------------------------------------------------------
RUN-1001 :       compress_add      |   ripple   |      ripple      
RUN-1001 :        elf_sload        |    off     |       off        
RUN-1001 :       fix_undriven      |     0      |        0         
RUN-1001 :         flatten         |    off     |       off        
RUN-1001 :       gate_sharing      |     on     |        on        
RUN-1001 :    hdl_warning_level    |   normal   |      normal      
RUN-1001 :   impl_internal_tribuf  |     on     |        on        
RUN-1001 :      impl_set_reset     |     on     |        on        
RUN-1001 :        infer_gsr        |    off     |       off        
RUN-1001 :      keep_hierarchy     |    auto    |       auto       
RUN-1001 :        max_fanout       |    9999    |       9999       
RUN-1001 :      max_oh2bin_len     |     10     |        10        
RUN-1001 :       merge_equal       |     on     |        on        
RUN-1001 :       merge_equiv       |     on     |        on        
RUN-1001 :        merge_mux        |    off     |       off        
RUN-1001 :      min_ce_fanout      |     16     |        16        
RUN-1001 :      min_ripple_len     |    auto    |       auto       
RUN-1001 :       oh2bin_ratio      |    0.08    |       0.08       
RUN-1001 :     opt_adder_fanout    |     on     |        on        
RUN-1001 :        opt_arith        |     on     |        on        
RUN-1001 :       opt_big_gate      |    off     |       off        
RUN-1001 :        opt_const        |     on     |        on        
RUN-1001 :      opt_const_mult     |     on     |        on        
RUN-1001 :       opt_lessthan      |     on     |        on        
RUN-1001 :         opt_mux         |    off     |       off        
RUN-1001 :         opt_ram         |    high    |       high       
RUN-1001 :      rtl_sim_model      |    off     |       off        
RUN-1001 :         seq_syn         |     on     |        on        
RUN-1001 : ------------------------------------------------------
HDL-1007 : analyze verilog file ../source/rtl/AngryBird_Demo.v
HDL-5007 WARNING: 'sdram_rd_b_addr' is already implicitly declared on line 257 in ../source/rtl/AngryBird_Demo.v(280)
HDL-5007 WARNING: 'sdram_rd_e_addr' is already implicitly declared on line 258 in ../source/rtl/AngryBird_Demo.v(281)
HDL-5007 WARNING: 'sdram_rden' is already implicitly declared on line 256 in ../source/rtl/AngryBird_Demo.v(282)
HDL-5007 WARNING: 'camera_rstn' is already implicitly declared on line 393 in ../source/rtl/AngryBird_Demo.v(499)
HDL-5007 WARNING: 'custom' is already implicitly declared on line 401 in ../source/rtl/AngryBird_Demo.v(500)
HDL-5007 WARNING: 'camera_sdram_rd_data' is already implicitly declared on line 317 in ../source/rtl/AngryBird_Demo.v(529)
HDL-5007 WARNING: 'int_sdram_rst_n' is already implicitly declared on line 563 in ../source/rtl/AngryBird_Demo.v(579)
HDL-5007 WARNING: 'int_sdram_rden' is already implicitly declared on line 559 in ../source/rtl/AngryBird_Demo.v(580)
HDL-5007 WARNING: identifier 'locked' is used before its declaration in ../source/rtl/AngryBird_Demo.v(91)
HDL-5007 WARNING: identifier 'hdmi_locked' is used before its declaration in ../source/rtl/AngryBird_Demo.v(91)
HDL-5007 WARNING: identifier 'sdram_init_done' is used before its declaration in ../source/rtl/AngryBird_Demo.v(169)
HDL-5007 WARNING: identifier 'sdram_rst_n' is used before its declaration in ../source/rtl/AngryBird_Demo.v(233)
HDL-5007 WARNING: identifier 'sdram_rst_n' is used before its declaration in ../source/rtl/AngryBird_Demo.v(234)
HDL-5007 WARNING: identifier 'camera_rstn' is used before its declaration in ../source/rtl/AngryBird_Demo.v(379)
HDL-1007 : analyze verilog file ../source/rtl/Display.v
HDL-5007 WARNING: 'custom1_3_bird1_rom_add' is already implicitly declared on line 308 in ../source/rtl/Display.v(320)
HDL-5007 WARNING: 'custom1_3_bird1_rom_data' is already implicitly declared on line 309 in ../source/rtl/Display.v(321)
HDL-5007 WARNING: 'custom1_3_bird2_rom_add' is already implicitly declared on line 316 in ../source/rtl/Display.v(322)
HDL-5007 WARNING: 'custom1_3_bird2_rom_data' is already implicitly declared on line 317 in ../source/rtl/Display.v(323)
HDL-5007 WARNING: 'all_shell_rom_add' is already implicitly declared on line 380 in ../source/rtl/Display.v(384)
HDL-5007 WARNING: 'all_shell_rom_data' is already implicitly declared on line 381 in ../source/rtl/Display.v(393)
HDL-5007 WARNING: parameter 'RED' becomes localparam in 'Display' with formal parameter declaration list in ../source/rtl/Display.v(51)
HDL-5007 WARNING: parameter 'GREEN' becomes localparam in 'Display' with formal parameter declaration list in ../source/rtl/Display.v(52)
HDL-5007 WARNING: parameter 'BLUE' becomes localparam in 'Display' with formal parameter declaration list in ../source/rtl/Display.v(53)
HDL-5007 WARNING: parameter 'WHITE' becomes localparam in 'Display' with formal parameter declaration list in ../source/rtl/Display.v(54)
HDL-5007 WARNING: parameter 'BLACK' becomes localparam in 'Display' with formal parameter declaration list in ../source/rtl/Display.v(55)
HDL-5007 WARNING: parameter 'YELLOW' becomes localparam in 'Display' with formal parameter declaration list in ../source/rtl/Display.v(56)
HDL-5007 WARNING: parameter 'CYAN' becomes localparam in 'Display' with formal parameter declaration list in ../source/rtl/Display.v(57)
HDL-5007 WARNING: parameter 'ROYAL' becomes localparam in 'Display' with formal parameter declaration list in ../source/rtl/Display.v(58)
HDL-5007 WARNING: parameter 'start_scene' becomes localparam in 'Display' with formal parameter declaration list in ../source/rtl/Display.v(61)
HDL-5007 WARNING: parameter 'custom1_scene' becomes localparam in 'Display' with formal parameter declaration list in ../source/rtl/Display.v(62)
HDL-5007 WARNING: parameter 'custom2_scene' becomes localparam in 'Display' with formal parameter declaration list in ../source/rtl/Display.v(63)
HDL-5007 WARNING: parameter 'custom3_scene' becomes localparam in 'Display' with formal parameter declaration list in ../source/rtl/Display.v(64)
HDL-5007 WARNING: parameter 'pause_scene' becomes localparam in 'Display' with formal parameter declaration list in ../source/rtl/Display.v(65)
HDL-5007 WARNING: parameter 'gameover_scene' becomes localparam in 'Display' with formal parameter declaration list in ../source/rtl/Display.v(66)
HDL-5007 WARNING: parameter 'method_scene' becomes localparam in 'Display' with formal parameter declaration list in ../source/rtl/Display.v(67)
HDL-5007 WARNING: parameter 'win_scene' becomes localparam in 'Display' with formal parameter declaration list in ../source/rtl/Display.v(68)
HDL-5007 WARNING: parameter 'singlebird' becomes localparam in 'Display' with formal parameter declaration list in ../source/rtl/Display.v(71)
HDL-5007 WARNING: parameter 'doublebird' becomes localparam in 'Display' with formal parameter declaration list in ../source/rtl/Display.v(72)
HDL-5007 WARNING: parameter 'method' becomes localparam in 'Display' with formal parameter declaration list in ../source/rtl/Display.v(73)
HDL-5007 WARNING: parameter 'continuegame' becomes localparam in 'Display' with formal parameter declaration list in ../source/rtl/Display.v(76)
HDL-5007 WARNING: parameter 'quitgame' becomes localparam in 'Display' with formal parameter declaration list in ../source/rtl/Display.v(77)
HDL-5007 WARNING: parameter 'pausemethod' becomes localparam in 'Display' with formal parameter declaration list in ../source/rtl/Display.v(78)
HDL-5007 WARNING: parameter 'cam_length' becomes localparam in 'Display' with formal parameter declaration list in ../source/rtl/Display.v(248)
HDL-5007 WARNING: parameter 'cam_width' becomes localparam in 'Display' with formal parameter declaration list in ../source/rtl/Display.v(249)
HDL-5007 WARNING: parameter 'sobel_length' becomes localparam in 'Display' with formal parameter declaration list in ../source/rtl/Display.v(250)
HDL-5007 WARNING: parameter 'sobel_width' becomes localparam in 'Display' with formal parameter declaration list in ../source/rtl/Display.v(251)
HDL-5007 WARNING: parameter 'custom1_bird_length' becomes localparam in 'Display' with formal parameter declaration list in ../source/rtl/Display.v(252)
HDL-5007 WARNING: parameter 'custom1_bird_width' becomes localparam in 'Display' with formal parameter declaration list in ../source/rtl/Display.v(253)
HDL-5007 WARNING: parameter 'custom2_bird_length' becomes localparam in 'Display' with formal parameter declaration list in ../source/rtl/Display.v(254)
HDL-5007 WARNING: parameter 'custom2_bird_width' becomes localparam in 'Display' with formal parameter declaration list in ../source/rtl/Display.v(255)
HDL-5007 WARNING: parameter 'custom3_bird_length' becomes localparam in 'Display' with formal parameter declaration list in ../source/rtl/Display.v(256)
HDL-5007 WARNING: parameter 'custom3_bird_width' becomes localparam in 'Display' with formal parameter declaration list in ../source/rtl/Display.v(257)
HDL-5007 WARNING: parameter 'Obstacle_length' becomes localparam in 'Display' with formal parameter declaration list in ../source/rtl/Display.v(258)
HDL-5007 WARNING: parameter 'Obstacle_width' becomes localparam in 'Display' with formal parameter declaration list in ../source/rtl/Display.v(259)
HDL-5007 WARNING: parameter 'background_length' becomes localparam in 'Display' with formal parameter declaration list in ../source/rtl/Display.v(260)
HDL-5007 WARNING: parameter 'background_width' becomes localparam in 'Display' with formal parameter declaration list in ../source/rtl/Display.v(261)
HDL-5007 WARNING: parameter 'modebutton_length' becomes localparam in 'Display' with formal parameter declaration list in ../source/rtl/Display.v(262)
HDL-5007 WARNING: parameter 'modebutton_width' becomes localparam in 'Display' with formal parameter declaration list in ../source/rtl/Display.v(263)
HDL-5007 WARNING: parameter 'trianglebutton_length' becomes localparam in 'Display' with formal parameter declaration list in ../source/rtl/Display.v(264)
HDL-5007 WARNING: parameter 'trianglebutton_width' becomes localparam in 'Display' with formal parameter declaration list in ../source/rtl/Display.v(265)
HDL-5007 WARNING: parameter 'shell_length' becomes localparam in 'Display' with formal parameter declaration list in ../source/rtl/Display.v(266)
HDL-5007 WARNING: parameter 'shell_width' becomes localparam in 'Display' with formal parameter declaration list in ../source/rtl/Display.v(267)
HDL-5007 WARNING: identifier 'single_state' is used before its declaration in ../source/rtl/Display.v(402)
HDL-5007 WARNING: identifier 'double_state' is used before its declaration in ../source/rtl/Display.v(403)
HDL-5007 WARNING: identifier 'method_state' is used before its declaration in ../source/rtl/Display.v(404)
HDL-5007 WARNING: identifier 'angle1_shell1_enable' is used before its declaration in ../source/rtl/Display.v(408)
HDL-5007 WARNING: identifier 'angle1_shell1_x0' is used before its declaration in ../source/rtl/Display.v(408)
HDL-5007 WARNING: identifier 'angle1_shell1_x0' is used before its declaration in ../source/rtl/Display.v(408)
HDL-5007 WARNING: identifier 'angle1_shell1_y0' is used before its declaration in ../source/rtl/Display.v(408)
HDL-5007 WARNING: identifier 'angle1_shell1_y0' is used before its declaration in ../source/rtl/Display.v(408)
HDL-5007 WARNING: identifier 'angle1_shell2_enable' is used before its declaration in ../source/rtl/Display.v(409)
HDL-5007 WARNING: identifier 'angle1_shell2_x0' is used before its declaration in ../source/rtl/Display.v(409)
HDL-5007 WARNING: identifier 'angle1_shell2_x0' is used before its declaration in ../source/rtl/Display.v(409)
HDL-5007 WARNING: identifier 'angle1_shell2_y0' is used before its declaration in ../source/rtl/Display.v(409)
HDL-5007 WARNING: identifier 'angle1_shell2_y0' is used before its declaration in ../source/rtl/Display.v(409)
HDL-5007 WARNING: identifier 'angle2_shell1_enable' is used before its declaration in ../source/rtl/Display.v(412)
HDL-5007 WARNING: identifier 'angle2_shell1_x0' is used before its declaration in ../source/rtl/Display.v(412)
HDL-5007 WARNING: identifier 'angle2_shell1_x0' is used before its declaration in ../source/rtl/Display.v(412)
HDL-5007 WARNING: identifier 'angle2_shell1_y0' is used before its declaration in ../source/rtl/Display.v(412)
HDL-5007 WARNING: identifier 'angle2_shell1_y0' is used before its declaration in ../source/rtl/Display.v(412)
HDL-5007 WARNING: identifier 'angle2_shell2_enable' is used before its declaration in ../source/rtl/Display.v(413)
HDL-5007 WARNING: identifier 'angle2_shell2_x0' is used before its declaration in ../source/rtl/Display.v(413)
HDL-5007 WARNING: identifier 'angle2_shell2_x0' is used before its declaration in ../source/rtl/Display.v(413)
HDL-5007 WARNING: identifier 'angle2_shell2_y0' is used before its declaration in ../source/rtl/Display.v(413)
HDL-5007 WARNING: identifier 'angle2_shell2_y0' is used before its declaration in ../source/rtl/Display.v(413)
HDL-5007 WARNING: identifier 'angle3_shell1_enable' is used before its declaration in ../source/rtl/Display.v(416)
HDL-5007 WARNING: identifier 'angle3_shell1_x0' is used before its declaration in ../source/rtl/Display.v(416)
HDL-5007 WARNING: identifier 'angle3_shell1_x0' is used before its declaration in ../source/rtl/Display.v(416)
HDL-5007 WARNING: identifier 'angle3_shell1_y0' is used before its declaration in ../source/rtl/Display.v(416)
HDL-5007 WARNING: identifier 'angle3_shell1_y0' is used before its declaration in ../source/rtl/Display.v(416)
HDL-5007 WARNING: identifier 'angle3_shell2_enable' is used before its declaration in ../source/rtl/Display.v(417)
HDL-5007 WARNING: identifier 'angle3_shell2_x0' is used before its declaration in ../source/rtl/Display.v(417)
HDL-5007 WARNING: identifier 'angle3_shell2_x0' is used before its declaration in ../source/rtl/Display.v(417)
HDL-5007 WARNING: identifier 'angle3_shell2_y0' is used before its declaration in ../source/rtl/Display.v(417)
HDL-5007 WARNING: identifier 'angle3_shell2_y0' is used before its declaration in ../source/rtl/Display.v(417)
HDL-5007 WARNING: identifier 'angle4_shell1_enable' is used before its declaration in ../source/rtl/Display.v(420)
HDL-5007 WARNING: identifier 'angle4_shell1_x0' is used before its declaration in ../source/rtl/Display.v(420)
HDL-5007 WARNING: identifier 'angle4_shell1_x0' is used before its declaration in ../source/rtl/Display.v(420)
HDL-5007 WARNING: identifier 'angle4_shell1_y0' is used before its declaration in ../source/rtl/Display.v(420)
HDL-5007 WARNING: identifier 'angle4_shell1_y0' is used before its declaration in ../source/rtl/Display.v(420)
HDL-5007 WARNING: identifier 'angle4_shell2_enable' is used before its declaration in ../source/rtl/Display.v(421)
HDL-5007 WARNING: identifier 'angle4_shell2_x0' is used before its declaration in ../source/rtl/Display.v(421)
HDL-5007 WARNING: identifier 'angle4_shell2_x0' is used before its declaration in ../source/rtl/Display.v(421)
HDL-5007 WARNING: identifier 'angle4_shell2_y0' is used before its declaration in ../source/rtl/Display.v(421)
HDL-5007 WARNING: identifier 'angle4_shell2_y0' is used before its declaration in ../source/rtl/Display.v(421)
HDL-5007 WARNING: identifier 'angle5_shell1_enable' is used before its declaration in ../source/rtl/Display.v(424)
HDL-5007 WARNING: identifier 'angle5_shell1_x0' is used before its declaration in ../source/rtl/Display.v(424)
HDL-5007 WARNING: identifier 'angle5_shell1_x0' is used before its declaration in ../source/rtl/Display.v(424)
HDL-5007 WARNING: identifier 'angle5_shell1_y0' is used before its declaration in ../source/rtl/Display.v(424)
HDL-5007 WARNING: identifier 'angle5_shell1_y0' is used before its declaration in ../source/rtl/Display.v(424)
HDL-5007 WARNING: identifier 'angle5_shell2_enable' is used before its declaration in ../source/rtl/Display.v(425)
HDL-5007 WARNING: identifier 'angle5_shell2_x0' is used before its declaration in ../source/rtl/Display.v(425)
HDL-5007 WARNING: identifier 'angle5_shell2_x0' is used before its declaration in ../source/rtl/Display.v(425)
HDL-5007 WARNING: identifier 'angle5_shell2_y0' is used before its declaration in ../source/rtl/Display.v(425)
HDL-5007 WARNING: identifier 'angle5_shell2_y0' is used before its declaration in ../source/rtl/Display.v(425)
HDL-5007 WARNING: identifier 'angle6_shell1_enable' is used before its declaration in ../source/rtl/Display.v(428)
HDL-5007 WARNING: identifier 'angle6_shell1_x0' is used before its declaration in ../source/rtl/Display.v(428)
HDL-5007 WARNING: identifier 'angle6_shell1_x0' is used before its declaration in ../source/rtl/Display.v(428)
HDL-5007 WARNING: identifier 'angle6_shell1_y0' is used before its declaration in ../source/rtl/Display.v(428)
HDL-5007 WARNING: identifier 'angle6_shell1_y0' is used before its declaration in ../source/rtl/Display.v(428)
HDL-5007 WARNING: identifier 'angle6_shell2_enable' is used before its declaration in ../source/rtl/Display.v(429)
HDL-5007 WARNING: identifier 'angle6_shell2_x0' is used before its declaration in ../source/rtl/Display.v(429)
HDL-5007 WARNING: identifier 'angle6_shell2_x0' is used before its declaration in ../source/rtl/Display.v(429)
HDL-5007 WARNING: identifier 'angle6_shell2_y0' is used before its declaration in ../source/rtl/Display.v(429)
HDL-5007 WARNING: identifier 'angle6_shell2_y0' is used before its declaration in ../source/rtl/Display.v(429)
HDL-5007 WARNING: identifier 'angle7_shell1_enable' is used before its declaration in ../source/rtl/Display.v(432)
HDL-5007 WARNING: identifier 'angle7_shell1_x0' is used before its declaration in ../source/rtl/Display.v(432)
HDL-5007 WARNING: identifier 'angle7_shell1_x0' is used before its declaration in ../source/rtl/Display.v(432)
HDL-5007 WARNING: identifier 'angle7_shell1_y0' is used before its declaration in ../source/rtl/Display.v(432)
HDL-5007 WARNING: identifier 'angle7_shell1_y0' is used before its declaration in ../source/rtl/Display.v(432)
HDL-5007 WARNING: identifier 'angle7_shell2_enable' is used before its declaration in ../source/rtl/Display.v(433)
HDL-5007 WARNING: identifier 'angle7_shell2_x0' is used before its declaration in ../source/rtl/Display.v(433)
HDL-5007 WARNING: identifier 'angle7_shell2_x0' is used before its declaration in ../source/rtl/Display.v(433)
HDL-5007 WARNING: identifier 'angle7_shell2_y0' is used before its declaration in ../source/rtl/Display.v(433)
HDL-5007 WARNING: identifier 'angle7_shell2_y0' is used before its declaration in ../source/rtl/Display.v(433)
HDL-5007 WARNING: identifier 'angle8_shell1_enable' is used before its declaration in ../source/rtl/Display.v(436)
HDL-5007 WARNING: identifier 'angle8_shell1_x0' is used before its declaration in ../source/rtl/Display.v(436)
HDL-5007 WARNING: identifier 'angle8_shell1_x0' is used before its declaration in ../source/rtl/Display.v(436)
HDL-5007 WARNING: identifier 'angle8_shell1_y0' is used before its declaration in ../source/rtl/Display.v(436)
HDL-5007 WARNING: identifier 'angle8_shell1_y0' is used before its declaration in ../source/rtl/Display.v(436)
HDL-5007 WARNING: identifier 'angle8_shell2_enable' is used before its declaration in ../source/rtl/Display.v(437)
HDL-5007 WARNING: identifier 'angle8_shell2_x0' is used before its declaration in ../source/rtl/Display.v(437)
HDL-5007 WARNING: identifier 'angle8_shell2_x0' is used before its declaration in ../source/rtl/Display.v(437)
HDL-5007 WARNING: identifier 'angle8_shell2_y0' is used before its declaration in ../source/rtl/Display.v(437)
HDL-5007 WARNING: identifier 'angle8_shell2_y0' is used before its declaration in ../source/rtl/Display.v(437)
HDL-5007 WARNING: identifier 'custom1_bird1dead' is used before its declaration in ../source/rtl/Display.v(441)
HDL-5007 WARNING: identifier 'custom1_bird2dead' is used before its declaration in ../source/rtl/Display.v(442)
HDL-5007 WARNING: identifier 'custom2_bird1dead' is used before its declaration in ../source/rtl/Display.v(445)
HDL-5007 WARNING: identifier 'custom2_bird2dead' is used before its declaration in ../source/rtl/Display.v(446)
HDL-5007 WARNING: identifier 'custom3_bird1dead' is used before its declaration in ../source/rtl/Display.v(449)
HDL-5007 WARNING: identifier 'custom3_bird2dead' is used before its declaration in ../source/rtl/Display.v(450)
HDL-5007 WARNING: identifier 'angle1_shell1_x0' is used before its declaration in ../source/rtl/Display.v(541)
HDL-5007 WARNING: identifier 'angle1_shell1_y0' is used before its declaration in ../source/rtl/Display.v(541)
HDL-5007 WARNING: identifier 'angle1_shell2_x0' is used before its declaration in ../source/rtl/Display.v(542)
HDL-5007 WARNING: identifier 'angle1_shell2_y0' is used before its declaration in ../source/rtl/Display.v(542)
HDL-5007 WARNING: identifier 'angle2_shell1_x0' is used before its declaration in ../source/rtl/Display.v(544)
HDL-5007 WARNING: identifier 'angle2_shell1_y0' is used before its declaration in ../source/rtl/Display.v(544)
HDL-5007 WARNING: identifier 'angle2_shell2_x0' is used before its declaration in ../source/rtl/Display.v(545)
HDL-5007 WARNING: identifier 'angle2_shell2_y0' is used before its declaration in ../source/rtl/Display.v(545)
HDL-5007 WARNING: identifier 'angle3_shell1_x0' is used before its declaration in ../source/rtl/Display.v(547)
HDL-5007 WARNING: identifier 'angle3_shell1_y0' is used before its declaration in ../source/rtl/Display.v(547)
HDL-5007 WARNING: identifier 'angle3_shell2_x0' is used before its declaration in ../source/rtl/Display.v(548)
HDL-5007 WARNING: identifier 'angle3_shell2_y0' is used before its declaration in ../source/rtl/Display.v(548)
HDL-5007 WARNING: identifier 'angle4_shell1_x0' is used before its declaration in ../source/rtl/Display.v(550)
HDL-5007 WARNING: identifier 'angle4_shell1_y0' is used before its declaration in ../source/rtl/Display.v(550)
HDL-5007 WARNING: identifier 'angle4_shell2_x0' is used before its declaration in ../source/rtl/Display.v(551)
HDL-5007 WARNING: identifier 'angle4_shell2_y0' is used before its declaration in ../source/rtl/Display.v(551)
HDL-5007 WARNING: identifier 'angle5_shell1_x0' is used before its declaration in ../source/rtl/Display.v(553)
HDL-5007 WARNING: identifier 'angle5_shell1_y0' is used before its declaration in ../source/rtl/Display.v(553)
HDL-5007 WARNING: identifier 'angle5_shell2_x0' is used before its declaration in ../source/rtl/Display.v(554)
HDL-5007 WARNING: identifier 'angle5_shell2_y0' is used before its declaration in ../source/rtl/Display.v(554)
HDL-5007 WARNING: identifier 'angle6_shell1_x0' is used before its declaration in ../source/rtl/Display.v(556)
HDL-5007 WARNING: identifier 'angle6_shell1_y0' is used before its declaration in ../source/rtl/Display.v(556)
HDL-5007 WARNING: identifier 'angle6_shell2_x0' is used before its declaration in ../source/rtl/Display.v(557)
HDL-5007 WARNING: identifier 'angle6_shell2_y0' is used before its declaration in ../source/rtl/Display.v(557)
HDL-5007 WARNING: identifier 'angle7_shell1_x0' is used before its declaration in ../source/rtl/Display.v(559)
HDL-5007 WARNING: identifier 'angle7_shell1_y0' is used before its declaration in ../source/rtl/Display.v(559)
HDL-5007 WARNING: identifier 'angle7_shell2_x0' is used before its declaration in ../source/rtl/Display.v(560)
HDL-5007 WARNING: identifier 'angle7_shell2_y0' is used before its declaration in ../source/rtl/Display.v(560)
HDL-5007 WARNING: identifier 'angle8_shell1_x0' is used before its declaration in ../source/rtl/Display.v(562)
HDL-5007 WARNING: identifier 'angle8_shell1_y0' is used before its declaration in ../source/rtl/Display.v(562)
HDL-5007 WARNING: identifier 'angle8_shell2_x0' is used before its declaration in ../source/rtl/Display.v(563)
HDL-5007 WARNING: identifier 'angle8_shell2_y0' is used before its declaration in ../source/rtl/Display.v(563)
HDL-5007 WARNING: parameter 'speed0' becomes localparam in 'Display' with formal parameter declaration list in ../source/rtl/Display.v(615)
HDL-5007 WARNING: parameter 'speed1' becomes localparam in 'Display' with formal parameter declaration list in ../source/rtl/Display.v(616)
HDL-5007 WARNING: parameter 'speed2' becomes localparam in 'Display' with formal parameter declaration list in ../source/rtl/Display.v(617)
HDL-5007 WARNING: parameter 'score0' becomes localparam in 'Display' with formal parameter declaration list in ../source/rtl/Display.v(619)
HDL-5007 WARNING: parameter 'score1' becomes localparam in 'Display' with formal parameter declaration list in ../source/rtl/Display.v(620)
HDL-5007 WARNING: parameter 'second_score' becomes localparam in 'Display' with formal parameter declaration list in ../source/rtl/Display.v(622)
HDL-5007 WARNING: identifier 'custom2_x_max' is used before its declaration in ../source/rtl/Display.v(1012)
HDL-5007 WARNING: identifier 'custom2_y_max' is used before its declaration in ../source/rtl/Display.v(1012)
HDL-5007 WARNING: identifier 'custom2_x_max' is used before its declaration in ../source/rtl/Display.v(1025)
HDL-5007 WARNING: identifier 'custom2_y_max' is used before its declaration in ../source/rtl/Display.v(1025)
HDL-5007 WARNING: parameter 'custom1_y_min' becomes localparam in 'Display' with formal parameter declaration list in ../source/rtl/Display.v(1115)
HDL-5007 WARNING: parameter 'custom1_y_max' becomes localparam in 'Display' with formal parameter declaration list in ../source/rtl/Display.v(1116)
HDL-5007 WARNING: parameter 'custom2_y_min' becomes localparam in 'Display' with formal parameter declaration list in ../source/rtl/Display.v(1118)
HDL-5007 WARNING: parameter 'custom2_y_max' becomes localparam in 'Display' with formal parameter declaration list in ../source/rtl/Display.v(1119)
HDL-5007 WARNING: parameter 'custom2_x_min' becomes localparam in 'Display' with formal parameter declaration list in ../source/rtl/Display.v(1120)
HDL-5007 WARNING: parameter 'custom2_x_max' becomes localparam in 'Display' with formal parameter declaration list in ../source/rtl/Display.v(1121)
HDL-5007 WARNING: parameter 'custom3_y_min' becomes localparam in 'Display' with formal parameter declaration list in ../source/rtl/Display.v(1123)
HDL-5007 WARNING: parameter 'custom3_y_max' becomes localparam in 'Display' with formal parameter declaration list in ../source/rtl/Display.v(1124)
HDL-5007 WARNING: parameter 'custom3_x_min' becomes localparam in 'Display' with formal parameter declaration list in ../source/rtl/Display.v(1125)
HDL-5007 WARNING: parameter 'custom3_x_max' becomes localparam in 'Display' with formal parameter declaration list in ../source/rtl/Display.v(1126)
HDL-5007 WARNING: parameter 'high_speed_mode' becomes localparam in 'Display' with formal parameter declaration list in ../source/rtl/Display.v(1132)
HDL-5007 WARNING: parameter 'middle_speed_mode' becomes localparam in 'Display' with formal parameter declaration list in ../source/rtl/Display.v(1133)
HDL-5007 WARNING: parameter 'CUSTOM2_DEAD_THRESHOLD' becomes localparam in 'Display' with formal parameter declaration list in ../source/rtl/Display.v(1612)
HDL-5007 WARNING: parameter 'CUSTOM3_DEAD_THRESHOLD' becomes localparam in 'Display' with formal parameter declaration list in ../source/rtl/Display.v(1711)
HDL-1007 : analyze verilog file ../source/rtl/Driver.v
HDL-1007 : analyze verilog file ../source/rtl/I2C_init.v
HDL-1007 : analyze verilog file ../source/rtl/process.v
HDL-1007 : analyze verilog file ../source/rtl/top.v
HDL-1007 : analyze verilog file ../source/rtl/Top_Logic.v
HDL-1007 : analyze verilog file ../al_ip/PLL.v
HDL-1007 : analyze verilog file ../al_ip/sdram.v
HDL-1007 : analyze verilog file ../al_ip/fifo/ramfifo.v
HDL-1007 : analyze verilog file ../source/rtl/bcd_8421.v
HDL-1007 : analyze verilog file ../source/rtl/seg_dynamic.v
HDL-1007 : analyze verilog file ../source/rtl/BGMPlayer.v
HDL-5007 WARNING: identifier 'high' is used before its declaration in ../source/rtl/BGMPlayer.v(71)
HDL-5007 WARNING: identifier 'med' is used before its declaration in ../source/rtl/BGMPlayer.v(71)
HDL-5007 WARNING: identifier 'low' is used before its declaration in ../source/rtl/BGMPlayer.v(71)
HDL-1007 : analyze verilog file ../al_ip/clk6Mhz.v
HDL-1007 : analyze verilog file ../source/rtl/Sdram_Control_4Port/command.v
HDL-1007 : analyze included file ../source/rtl/Sdram_Control_4Port/Sdram_Params.h in ../source/rtl/Sdram_Control_4Port/command.v(27)
HDL-1007 : back to file '../source/rtl/Sdram_Control_4Port/command.v' in ../source/rtl/Sdram_Control_4Port/command.v(27)
HDL-1007 : analyze verilog file ../source/rtl/Sdram_Control_4Port/control_interface.v
HDL-1007 : analyze included file ../source/rtl/Sdram_Control_4Port/Sdram_Params.h in ../source/rtl/Sdram_Control_4Port/control_interface.v(21)
HDL-1007 : back to file '../source/rtl/Sdram_Control_4Port/control_interface.v' in ../source/rtl/Sdram_Control_4Port/control_interface.v(21)
HDL-1007 : analyze verilog file ../source/rtl/Sdram_Control_4Port/sdr_data_path.v
HDL-1007 : analyze included file ../source/rtl/Sdram_Control_4Port/Sdram_Params.h in ../source/rtl/Sdram_Control_4Port/sdr_data_path.v(10)
HDL-1007 : back to file '../source/rtl/Sdram_Control_4Port/sdr_data_path.v' in ../source/rtl/Sdram_Control_4Port/sdr_data_path.v(10)
HDL-1007 : analyze verilog file ../source/rtl/Sdram_Control_4Port/Sdram_Control_4Port.v
HDL-1007 : analyze included file ../source/rtl/Sdram_Control_4Port/Sdram_Params.h in ../source/rtl/Sdram_Control_4Port/Sdram_Control_4Port.v(49)
HDL-1007 : back to file '../source/rtl/Sdram_Control_4Port/Sdram_Control_4Port.v' in ../source/rtl/Sdram_Control_4Port/Sdram_Control_4Port.v(49)
HDL-1007 : analyze verilog file ../source/rtl/Sdram_Control_4Port/Sdram_RD_FIFO.v
HDL-1007 : analyze verilog file ../source/rtl/Sdram_Control_4Port/Sdram_WR_FIFO.v
HDL-1007 : analyze verilog file ../al_ip/bram_256_1bit.v
HDL-1007 : analyze verilog file ../al_ip/bram_256_8bit.v
HDL-1007 : analyze verilog file ../al_ip/hdmi_pll.v
HDL-1007 : analyze verilog file ../source/rtl/hdmi/asyn_rst_syn.v
HDL-1007 : analyze verilog file ../source/rtl/hdmi/dvi_encoder.v
HDL-1007 : analyze verilog file ../source/rtl/hdmi/dvi_transmitter_top.v
HDL-1007 : analyze verilog file ../source/rtl/hdmi/hdmi_top.v
HDL-5007 WARNING: redeclaration of ansi port 'hcnt' is not allowed in ../source/rtl/hdmi/hdmi_top.v(30)
HDL-5007 WARNING: 'hcnt' was previously declared with a range in ../source/rtl/hdmi/hdmi_top.v(30)
HDL-5007 WARNING: redeclaration of ansi port 'vcnt' is not allowed in ../source/rtl/hdmi/hdmi_top.v(31)
HDL-5007 WARNING: 'vcnt' was previously declared with a range in ../source/rtl/hdmi/hdmi_top.v(31)
HDL-1007 : analyze verilog file ../source/rtl/hdmi/serializer_10_to_1.v
HDL-1007 : analyze verilog file ../al_ip/ddio_out.v
HDL-1007 : analyze verilog file ../source/rtl/sd_ctrl_top/sd_init.v
HDL-1007 : analyze verilog file ../source/rtl/sd_ctrl_top/sd_read.v
HDL-1007 : analyze verilog file ../source/rtl/sd_ctrl_top/sd_write.v
HDL-1007 : analyze verilog file ../source/rtl/sdram_pingpang/fifo_ctrl.v
HDL-1007 : analyze verilog file ../source/rtl/sdram_pingpang/sdram_a_ref.v
HDL-1007 : analyze verilog file ../source/rtl/sdram_pingpang/sdram_arbit.v
HDL-1007 : analyze verilog file ../source/rtl/sdram_pingpang/sdram_ctrl.v
HDL-1007 : analyze verilog file ../source/rtl/sdram_pingpang/sdram_init.v
HDL-1007 : analyze verilog file ../source/rtl/sdram_pingpang/sdram_read.v
HDL-1007 : analyze verilog file ../source/rtl/sdram_pingpang/sdram_top.v
HDL-1007 : analyze verilog file ../source/rtl/sdram_pingpang/sdram_write.v
HDL-1007 : analyze verilog file ../source/rtl/sd_read_photo.v
HDL-1007 : analyze verilog file ../source/rtl/sd_ctrl_top/sd_ctrl.v
HDL-1007 : analyze verilog file ../source/rtl/camera_init_control.v
HDL-1007 : analyze verilog file ../source/rtl/camera_rd_synchro.v
HDL-1007 : analyze verilog file ../source/rtl/sdcard_rd_synchro.v
HDL-1007 : analyze verilog file ../source/rtl/Sobel_edge/vip_rgb_gray/vip_rgb_to_ycbcr_and_gary.v
HDL-1007 : analyze verilog file ../source/rtl/Sobel_edge/vip_sobel_edge/line_shift_ram_1bit.v
HDL-1007 : analyze verilog file ../source/rtl/Sobel_edge/vip_sobel_edge/line_shift_ram_8bit.v
HDL-1007 : analyze verilog file ../source/rtl/Sobel_edge/vip_sobel_edge/vip.v
HDL-5007 WARNING: redeclaration of ansi port 'sobel' is not allowed in ../source/rtl/Sobel_edge/vip_sobel_edge/vip.v(97)
HDL-1007 : analyze verilog file ../source/rtl/Sobel_edge/vip_sobel_edge/VIP_Bit_Dilation_Detector.v
HDL-5007 WARNING: identifier 'en' is used before its declaration in ../source/rtl/Sobel_edge/vip_sobel_edge/VIP_Bit_Dilation_Detector.v(117)
HDL-1007 : analyze verilog file ../source/rtl/Sobel_edge/vip_sobel_edge/VIP_Bit_Erosion_Detector.v
HDL-1007 : analyze verilog file ../source/rtl/Sobel_edge/vip_sobel_edge/vip_matrix_generate_3x3_1bit.v
HDL-1007 : analyze verilog file ../source/rtl/Sobel_edge/vip_sobel_edge/vip_matrix_generate_3x3_8bit.v
HDL-1007 : analyze verilog file ../source/rtl/Sobel_edge/vip_sobel_edge/VIP_RGB888_YCbCr444.v
HDL-1007 : analyze verilog file ../source/rtl/Sobel_edge/vip_sobel_edge/vip_sobel_edge_detector.v
HDL-1007 : analyze verilog file ../al_ip/double_mode.v
HDL-1007 : analyze verilog file ../al_ip/method_mode.v
HDL-1007 : analyze verilog file ../source/rtl/Sobel_edge/vip_rgb_gray/threshold_binary.v
HDL-1007 : analyze verilog file ../al_ip/custom1_bird1.v
HDL-1007 : analyze verilog file ../al_ip/custom1_bird2.v
HDL-1007 : analyze verilog file ../al_ip/custom2_bird1.v
HDL-1007 : analyze verilog file ../al_ip/custom2_bird2.v
HDL-1007 : analyze verilog file ../al_ip/single_mode.v
HDL-1007 : analyze verilog file ../source/rtl/OV5640/cmos_capture_data.v
HDL-1007 : analyze verilog file ../source/rtl/OV5640/i2c_dri.v
HDL-1007 : analyze verilog file ../source/rtl/OV5640/i2c_ov5640_rgb565_cfg.v
HDL-1007 : analyze verilog file ../al_ip/triangle.v
HDL-1007 : analyze verilog file ../al_ip/shell.v
HDL-1007 : analyze verilog file ../source/rtl/shell/shell_go.v
RUN-1001 : Project manager successfully analyzed 71 source files.
