============================================================
   Tang Dynasty, V5.0.30786
   Copyright:   Shanghai Anlogic Infotech Co., Ltd.
                2011 - 2021
   Executable = E:/fpgadream/Anlogic_TD/bin/td.exe
   Run by =     86132
   Run Date =   Wed Jun 28 21:19:34 2023

   Run on =     THE-END-OF-THE-
============================================================
RUN-001 : GUI based run...
RUN-1002 : start command "open_project flybird.al"
RUN-1001 : Print Global Property
RUN-1001 : -------------------------------------------------------
RUN-1001 :        Parameters        |  Settings  |  Default Values  
RUN-1001 : -------------------------------------------------------
RUN-1001 :          message         |  standard  |     standard     
RUN-1001 :   mixed_pack_place_flow  |     on     |        on        
RUN-1001 :        syn_ip_flow       |    off     |       off        
RUN-1001 :          thread          |    auto    |       auto       
RUN-1001 : -------------------------------------------------------
RUN-1001 : Print Design Property
RUN-1001 : ------------------------------------------------------
RUN-1001 :        Parameters       |  Settings  |  Default Values  
RUN-1001 : ------------------------------------------------------
RUN-1001 :        infer_add        |     on     |        on        
RUN-1001 :        infer_fsm        |    off     |       off        
RUN-1001 :        infer_mult       |     on     |        on        
RUN-1001 :        infer_ram        |     on     |        on        
RUN-1001 :        infer_reg        |     on     |        on        
RUN-1001 :   infer_reg_init_value  |     on     |        on        
RUN-1001 :        infer_rom        |     on     |        on        
RUN-1001 :      infer_shifter      |    off     |       off        
RUN-1001 :         map_dram        |    auto    |       auto       
RUN-1001 : ------------------------------------------------------
RUN-1001 : Print Rtl Property
RUN-1001 : ------------------------------------------------------
RUN-1001 :        Parameters       |  Settings  |  Default Values  
RUN-1001 : ------------------------------------------------------
RUN-1001 :       compress_add      |   ripple   |      ripple      
RUN-1001 :        elf_sload        |    off     |       off        
RUN-1001 :       fix_undriven      |     0      |        0         
RUN-1001 :         flatten         |    off     |       off        
RUN-1001 :       gate_sharing      |     on     |        on        
RUN-1001 :    hdl_warning_level    |   normal   |      normal      
RUN-1001 :   impl_internal_tribuf  |     on     |        on        
RUN-1001 :      impl_set_reset     |     on     |        on        
RUN-1001 :        infer_gsr        |    off     |       off        
RUN-1001 :      keep_hierarchy     |    auto    |       auto       
RUN-1001 :        max_fanout       |    9999    |       9999       
RUN-1001 :      max_oh2bin_len     |     10     |        10        
RUN-1001 :       merge_equal       |     on     |        on        
RUN-1001 :       merge_equiv       |     on     |        on        
RUN-1001 :        merge_mux        |    off     |       off        
RUN-1001 :      min_ce_fanout      |     16     |        16        
RUN-1001 :      min_ripple_len     |    auto    |       auto       
RUN-1001 :       oh2bin_ratio      |    0.08    |       0.08       
RUN-1001 :     opt_adder_fanout    |     on     |        on        
RUN-1001 :        opt_arith        |     on     |        on        
RUN-1001 :       opt_big_gate      |    off     |       off        
RUN-1001 :        opt_const        |     on     |        on        
RUN-1001 :      opt_const_mult     |     on     |        on        
RUN-1001 :       opt_lessthan      |     on     |        on        
RUN-1001 :         opt_mux         |    off     |       off        
RUN-1001 :         opt_ram         |    high    |       high       
RUN-1001 :      rtl_sim_model      |    off     |       off        
RUN-1001 :         seq_syn         |     on     |        on        
RUN-1001 : ------------------------------------------------------
HDL-1007 : analyze verilog file ../source/rtl/AngryBird_Demo.v
HDL-5007 WARNING: 'photo_wr_done' is already implicitly declared on line 142 in ../source/rtl/AngryBird_Demo.v(175)
HDL-5007 WARNING: 'sdram_rd_b_addr' is already implicitly declared on line 257 in ../source/rtl/AngryBird_Demo.v(280)
HDL-5007 WARNING: 'sdram_rd_e_addr' is already implicitly declared on line 258 in ../source/rtl/AngryBird_Demo.v(281)
HDL-5007 WARNING: 'sdram_rden' is already implicitly declared on line 256 in ../source/rtl/AngryBird_Demo.v(282)
HDL-5007 WARNING: 'camera_rstn' is already implicitly declared on line 390 in ../source/rtl/AngryBird_Demo.v(499)
HDL-5007 WARNING: 'camera_sdram_rd_data' is already implicitly declared on line 317 in ../source/rtl/AngryBird_Demo.v(529)
HDL-5007 WARNING: 'int_sdram_rst_n' is already implicitly declared on line 563 in ../source/rtl/AngryBird_Demo.v(579)
HDL-5007 WARNING: 'int_sdram_rden' is already implicitly declared on line 559 in ../source/rtl/AngryBird_Demo.v(580)
HDL-5007 WARNING: 'color_binary_clken' is already implicitly declared on line 514 in ../source/rtl/AngryBird_Demo.v(607)
HDL-5007 WARNING: identifier 'locked' is used before its declaration in ../source/rtl/AngryBird_Demo.v(100)
HDL-5007 WARNING: identifier 'hdmi_locked' is used before its declaration in ../source/rtl/AngryBird_Demo.v(100)
HDL-5007 WARNING: identifier 'sdram_init_done' is used before its declaration in ../source/rtl/AngryBird_Demo.v(172)
HDL-5007 WARNING: identifier 'sdram_rst_n' is used before its declaration in ../source/rtl/AngryBird_Demo.v(233)
HDL-5007 WARNING: identifier 'sdram_rst_n' is used before its declaration in ../source/rtl/AngryBird_Demo.v(234)
HDL-5007 WARNING: identifier 'custom' is used before its declaration in ../source/rtl/AngryBird_Demo.v(383)
HDL-5007 WARNING: identifier 'custom' is used before its declaration in ../source/rtl/AngryBird_Demo.v(384)
HDL-1007 : analyze verilog file ../source/rtl/Display.v
HDL-5007 WARNING: parameter 'RED' becomes localparam in 'Display' with formal parameter declaration list in ../source/rtl/Display.v(67)
HDL-5007 WARNING: parameter 'GREEN' becomes localparam in 'Display' with formal parameter declaration list in ../source/rtl/Display.v(68)
HDL-5007 WARNING: parameter 'BLUE' becomes localparam in 'Display' with formal parameter declaration list in ../source/rtl/Display.v(69)
HDL-5007 WARNING: parameter 'WHITE' becomes localparam in 'Display' with formal parameter declaration list in ../source/rtl/Display.v(70)
HDL-5007 WARNING: parameter 'BLACK' becomes localparam in 'Display' with formal parameter declaration list in ../source/rtl/Display.v(71)
HDL-5007 WARNING: parameter 'YELLOW' becomes localparam in 'Display' with formal parameter declaration list in ../source/rtl/Display.v(72)
HDL-5007 WARNING: parameter 'CYAN' becomes localparam in 'Display' with formal parameter declaration list in ../source/rtl/Display.v(73)
HDL-5007 WARNING: parameter 'ROYAL' becomes localparam in 'Display' with formal parameter declaration list in ../source/rtl/Display.v(74)
HDL-5007 WARNING: parameter 'start_scene' becomes localparam in 'Display' with formal parameter declaration list in ../source/rtl/Display.v(77)
HDL-5007 WARNING: parameter 'custom1_scene' becomes localparam in 'Display' with formal parameter declaration list in ../source/rtl/Display.v(78)
HDL-5007 WARNING: parameter 'custom2_scene' becomes localparam in 'Display' with formal parameter declaration list in ../source/rtl/Display.v(79)
HDL-5007 WARNING: parameter 'pause_scene' becomes localparam in 'Display' with formal parameter declaration list in ../source/rtl/Display.v(80)
HDL-5007 WARNING: parameter 'gameover_scene' becomes localparam in 'Display' with formal parameter declaration list in ../source/rtl/Display.v(81)
HDL-5007 WARNING: parameter 'method_scene' becomes localparam in 'Display' with formal parameter declaration list in ../source/rtl/Display.v(82)
HDL-5007 WARNING: parameter 'singlebird' becomes localparam in 'Display' with formal parameter declaration list in ../source/rtl/Display.v(85)
HDL-5007 WARNING: parameter 'doublebird' becomes localparam in 'Display' with formal parameter declaration list in ../source/rtl/Display.v(86)
HDL-5007 WARNING: parameter 'method' becomes localparam in 'Display' with formal parameter declaration list in ../source/rtl/Display.v(87)
HDL-5007 WARNING: parameter 'continuegame' becomes localparam in 'Display' with formal parameter declaration list in ../source/rtl/Display.v(90)
HDL-5007 WARNING: parameter 'quitgame' becomes localparam in 'Display' with formal parameter declaration list in ../source/rtl/Display.v(91)
HDL-5007 WARNING: parameter 'pausemethod' becomes localparam in 'Display' with formal parameter declaration list in ../source/rtl/Display.v(92)
HDL-5007 WARNING: parameter 'cam_length' becomes localparam in 'Display' with formal parameter declaration list in ../source/rtl/Display.v(198)
HDL-5007 WARNING: parameter 'cam_width' becomes localparam in 'Display' with formal parameter declaration list in ../source/rtl/Display.v(199)
HDL-5007 WARNING: parameter 'sobel_length' becomes localparam in 'Display' with formal parameter declaration list in ../source/rtl/Display.v(200)
HDL-5007 WARNING: parameter 'sobel_width' becomes localparam in 'Display' with formal parameter declaration list in ../source/rtl/Display.v(201)
HDL-5007 WARNING: parameter 'custom1_bird_length' becomes localparam in 'Display' with formal parameter declaration list in ../source/rtl/Display.v(202)
HDL-5007 WARNING: parameter 'custom1_bird_width' becomes localparam in 'Display' with formal parameter declaration list in ../source/rtl/Display.v(203)
HDL-5007 WARNING: parameter 'custom2_bird_length' becomes localparam in 'Display' with formal parameter declaration list in ../source/rtl/Display.v(204)
HDL-5007 WARNING: parameter 'custom2_bird_width' becomes localparam in 'Display' with formal parameter declaration list in ../source/rtl/Display.v(205)
HDL-5007 WARNING: parameter 'Obstacle_length' becomes localparam in 'Display' with formal parameter declaration list in ../source/rtl/Display.v(206)
HDL-5007 WARNING: parameter 'background_length' becomes localparam in 'Display' with formal parameter declaration list in ../source/rtl/Display.v(207)
HDL-5007 WARNING: parameter 'background_width' becomes localparam in 'Display' with formal parameter declaration list in ../source/rtl/Display.v(208)
HDL-5007 WARNING: parameter 'modebutton_length' becomes localparam in 'Display' with formal parameter declaration list in ../source/rtl/Display.v(209)
HDL-5007 WARNING: parameter 'modebutton_width' becomes localparam in 'Display' with formal parameter declaration list in ../source/rtl/Display.v(210)
HDL-5007 WARNING: parameter 'trianglebutton_length' becomes localparam in 'Display' with formal parameter declaration list in ../source/rtl/Display.v(211)
HDL-5007 WARNING: parameter 'trianglebutton_width' becomes localparam in 'Display' with formal parameter declaration list in ../source/rtl/Display.v(212)
HDL-5007 WARNING: identifier 'single_state' is used before its declaration in ../source/rtl/Display.v(300)
HDL-5007 WARNING: identifier 'double_state' is used before its declaration in ../source/rtl/Display.v(301)
HDL-5007 WARNING: identifier 'method_state' is used before its declaration in ../source/rtl/Display.v(302)
HDL-5007 WARNING: identifier 'custom1_bird1dead_en' is used before its declaration in ../source/rtl/Display.v(330)
HDL-5007 WARNING: identifier 'custom1_bird2dead_en' is used before its declaration in ../source/rtl/Display.v(337)
HDL-5007 WARNING: identifier 'custom2_bird1dead' is used before its declaration in ../source/rtl/Display.v(344)
HDL-5007 WARNING: identifier 'custom2_bird2dead' is used before its declaration in ../source/rtl/Display.v(351)
HDL-5007 WARNING: parameter 'speed0' becomes localparam in 'Display' with formal parameter declaration list in ../source/rtl/Display.v(431)
HDL-5007 WARNING: parameter 'speed1' becomes localparam in 'Display' with formal parameter declaration list in ../source/rtl/Display.v(432)
HDL-5007 WARNING: parameter 'speed2' becomes localparam in 'Display' with formal parameter declaration list in ../source/rtl/Display.v(433)
HDL-5007 WARNING: parameter 'speed3' becomes localparam in 'Display' with formal parameter declaration list in ../source/rtl/Display.v(434)
HDL-5007 WARNING: parameter 'speed4' becomes localparam in 'Display' with formal parameter declaration list in ../source/rtl/Display.v(435)
HDL-5007 WARNING: parameter 'speed5' becomes localparam in 'Display' with formal parameter declaration list in ../source/rtl/Display.v(436)
HDL-5007 WARNING: parameter 'score0' becomes localparam in 'Display' with formal parameter declaration list in ../source/rtl/Display.v(438)
HDL-5007 WARNING: parameter 'score1' becomes localparam in 'Display' with formal parameter declaration list in ../source/rtl/Display.v(439)
HDL-5007 WARNING: parameter 'score2' becomes localparam in 'Display' with formal parameter declaration list in ../source/rtl/Display.v(440)
HDL-5007 WARNING: parameter 'score3' becomes localparam in 'Display' with formal parameter declaration list in ../source/rtl/Display.v(441)
HDL-5007 WARNING: parameter 'score4' becomes localparam in 'Display' with formal parameter declaration list in ../source/rtl/Display.v(442)
HDL-5007 WARNING: parameter 'second_score' becomes localparam in 'Display' with formal parameter declaration list in ../source/rtl/Display.v(444)
HDL-5007 WARNING: parameter 'Obstacle_width0' becomes localparam in 'Display' with formal parameter declaration list in ../source/rtl/Display.v(448)
HDL-5007 WARNING: parameter 'Obstacle_width1' becomes localparam in 'Display' with formal parameter declaration list in ../source/rtl/Display.v(449)
HDL-5007 WARNING: parameter 'Obstacle_width2' becomes localparam in 'Display' with formal parameter declaration list in ../source/rtl/Display.v(450)
HDL-5007 WARNING: parameter 'Obstacle_width3' becomes localparam in 'Display' with formal parameter declaration list in ../source/rtl/Display.v(451)
HDL-5007 WARNING: parameter 'Obstacle_width4' becomes localparam in 'Display' with formal parameter declaration list in ../source/rtl/Display.v(452)
HDL-5007 WARNING: parameter 'Obstacle_width5' becomes localparam in 'Display' with formal parameter declaration list in ../source/rtl/Display.v(453)
HDL-5007 WARNING: parameter 'custom1_y_min' becomes localparam in 'Display' with formal parameter declaration list in ../source/rtl/Display.v(744)
HDL-5007 WARNING: parameter 'custom1_y_max' becomes localparam in 'Display' with formal parameter declaration list in ../source/rtl/Display.v(745)
HDL-5007 WARNING: parameter 'custom2_y_min' becomes localparam in 'Display' with formal parameter declaration list in ../source/rtl/Display.v(747)
HDL-5007 WARNING: parameter 'custom2_y_max' becomes localparam in 'Display' with formal parameter declaration list in ../source/rtl/Display.v(748)
HDL-5007 WARNING: parameter 'custom2_x_min' becomes localparam in 'Display' with formal parameter declaration list in ../source/rtl/Display.v(749)
HDL-5007 WARNING: parameter 'custom2_x_max' becomes localparam in 'Display' with formal parameter declaration list in ../source/rtl/Display.v(750)
HDL-5007 WARNING: parameter 'DEAD_THRESHOLD' becomes localparam in 'Display' with formal parameter declaration list in ../source/rtl/Display.v(1045)
HDL-1007 : analyze verilog file ../source/rtl/Driver.v
HDL-1007 : analyze verilog file ../source/rtl/I2C_init.v
HDL-1007 : analyze verilog file ../source/rtl/ov2640_init.v
HDL-1007 : analyze verilog file ../source/rtl/ov2640_read.v
HDL-1007 : analyze verilog file ../source/rtl/process.v
HDL-1007 : analyze verilog file ../source/rtl/top.v
HDL-1007 : analyze verilog file ../source/rtl/Top_Logic.v
HDL-1007 : analyze verilog file ../al_ip/PLL.v
HDL-1007 : analyze verilog file ../al_ip/sdram.v
HDL-1007 : analyze verilog file ../al_ip/fifo/ramfifo.v
HDL-1007 : analyze verilog file ../source/rtl/bcd_8421.v
HDL-1007 : analyze verilog file ../source/rtl/seg_dynamic.v
HDL-1007 : analyze verilog file ../source/rtl/BGMPlayer.v
HDL-5007 WARNING: identifier 'high' is used before its declaration in ../source/rtl/BGMPlayer.v(71)
HDL-5007 WARNING: identifier 'med' is used before its declaration in ../source/rtl/BGMPlayer.v(71)
HDL-5007 WARNING: identifier 'low' is used before its declaration in ../source/rtl/BGMPlayer.v(71)
HDL-1007 : analyze verilog file ../al_ip/clk6Mhz.v
HDL-1007 : analyze verilog file ../source/rtl/Sdram_Control_4Port/command.v
HDL-1007 : analyze included file ../source/rtl/Sdram_Control_4Port/Sdram_Params.h in ../source/rtl/Sdram_Control_4Port/command.v(27)
HDL-1007 : back to file '../source/rtl/Sdram_Control_4Port/command.v' in ../source/rtl/Sdram_Control_4Port/command.v(27)
HDL-1007 : analyze verilog file ../source/rtl/Sdram_Control_4Port/control_interface.v
HDL-1007 : analyze included file ../source/rtl/Sdram_Control_4Port/Sdram_Params.h in ../source/rtl/Sdram_Control_4Port/control_interface.v(21)
HDL-1007 : back to file '../source/rtl/Sdram_Control_4Port/control_interface.v' in ../source/rtl/Sdram_Control_4Port/control_interface.v(21)
HDL-1007 : analyze verilog file ../source/rtl/Sdram_Control_4Port/sdr_data_path.v
HDL-1007 : analyze included file ../source/rtl/Sdram_Control_4Port/Sdram_Params.h in ../source/rtl/Sdram_Control_4Port/sdr_data_path.v(10)
HDL-1007 : back to file '../source/rtl/Sdram_Control_4Port/sdr_data_path.v' in ../source/rtl/Sdram_Control_4Port/sdr_data_path.v(10)
HDL-1007 : analyze verilog file ../source/rtl/Sdram_Control_4Port/Sdram_Control_4Port.v
HDL-1007 : analyze included file ../source/rtl/Sdram_Control_4Port/Sdram_Params.h in ../source/rtl/Sdram_Control_4Port/Sdram_Control_4Port.v(49)
HDL-1007 : back to file '../source/rtl/Sdram_Control_4Port/Sdram_Control_4Port.v' in ../source/rtl/Sdram_Control_4Port/Sdram_Control_4Port.v(49)
HDL-1007 : analyze verilog file ../source/rtl/Sdram_Control_4Port/Sdram_RD_FIFO.v
HDL-1007 : analyze verilog file ../source/rtl/Sdram_Control_4Port/Sdram_WR_FIFO.v
HDL-1007 : analyze verilog file ../al_ip/bram_256_1bit.v
HDL-1007 : analyze verilog file ../al_ip/bram_256_8bit.v
HDL-1007 : analyze verilog file ../al_ip/hdmi_pll.v
HDL-1007 : analyze verilog file ../source/rtl/hdmi/asyn_rst_syn.v
HDL-1007 : analyze verilog file ../source/rtl/hdmi/dvi_encoder.v
HDL-1007 : analyze verilog file ../source/rtl/hdmi/dvi_transmitter_top.v
HDL-1007 : analyze verilog file ../source/rtl/hdmi/hdmi_top.v
HDL-5007 WARNING: redeclaration of ansi port 'hcnt' is not allowed in ../source/rtl/hdmi/hdmi_top.v(30)
HDL-5007 WARNING: 'hcnt' was previously declared with a range in ../source/rtl/hdmi/hdmi_top.v(30)
HDL-5007 WARNING: redeclaration of ansi port 'vcnt' is not allowed in ../source/rtl/hdmi/hdmi_top.v(31)
HDL-5007 WARNING: 'vcnt' was previously declared with a range in ../source/rtl/hdmi/hdmi_top.v(31)
HDL-1007 : analyze verilog file ../source/rtl/hdmi/serializer_10_to_1.v
HDL-1007 : analyze verilog file ../al_ip/ddio_out.v
HDL-1007 : analyze verilog file ../source/rtl/sd_ctrl_top/sd_init.v
HDL-1007 : analyze verilog file ../source/rtl/sd_ctrl_top/sd_read.v
HDL-1007 : analyze verilog file ../source/rtl/sd_ctrl_top/sd_write.v
HDL-1007 : analyze verilog file ../source/rtl/sdram_pingpang/fifo_ctrl.v
HDL-1007 : analyze verilog file ../source/rtl/sdram_pingpang/sdram_a_ref.v
HDL-1007 : analyze verilog file ../source/rtl/sdram_pingpang/sdram_arbit.v
HDL-1007 : analyze verilog file ../source/rtl/sdram_pingpang/sdram_ctrl.v
HDL-1007 : analyze verilog file ../source/rtl/sdram_pingpang/sdram_init.v
HDL-1007 : analyze verilog file ../source/rtl/sdram_pingpang/sdram_read.v
HDL-1007 : analyze verilog file ../source/rtl/sdram_pingpang/sdram_top.v
HDL-1007 : analyze verilog file ../source/rtl/sdram_pingpang/sdram_write.v
HDL-1007 : analyze verilog file ../source/rtl/sd_read_photo.v
HDL-1007 : analyze verilog file ../source/rtl/sd_ctrl_top/sd_ctrl.v
HDL-1007 : analyze verilog file ../source/rtl/camera_init_control.v
HDL-1007 : analyze verilog file ../source/rtl/camera_rd_synchro.v
HDL-1007 : analyze verilog file ../source/rtl/sdcard_rd_synchro.v
HDL-1007 : analyze verilog file ../source/rtl/Sobel_edge/vip_rgb_gray/vip_rgb_to_ycbcr_and_gary.v
HDL-1007 : analyze verilog file ../source/rtl/Sobel_edge/vip_sobel_edge/line_shift_ram_1bit.v
HDL-1007 : analyze verilog file ../source/rtl/Sobel_edge/vip_sobel_edge/line_shift_ram_8bit.v
HDL-1007 : analyze verilog file ../source/rtl/Sobel_edge/vip_sobel_edge/vip.v
HDL-5007 WARNING: redeclaration of ansi port 'sobel' is not allowed in ../source/rtl/Sobel_edge/vip_sobel_edge/vip.v(67)
HDL-1007 : analyze verilog file ../source/rtl/Sobel_edge/vip_sobel_edge/VIP_Bit_Dilation_Detector.v
HDL-5007 WARNING: identifier 'en' is used before its declaration in ../source/rtl/Sobel_edge/vip_sobel_edge/VIP_Bit_Dilation_Detector.v(117)
HDL-1007 : analyze verilog file ../source/rtl/Sobel_edge/vip_sobel_edge/VIP_Bit_Erosion_Detector.v
HDL-1007 : analyze verilog file ../source/rtl/Sobel_edge/vip_sobel_edge/vip_matrix_generate_3x3_1bit.v
HDL-1007 : analyze verilog file ../source/rtl/Sobel_edge/vip_sobel_edge/vip_matrix_generate_3x3_8bit.v
HDL-1007 : analyze verilog file ../source/rtl/Sobel_edge/vip_sobel_edge/VIP_RGB888_YCbCr444.v
HDL-1007 : analyze verilog file ../source/rtl/Sobel_edge/vip_sobel_edge/vip_sobel_edge_detector.v
HDL-1007 : analyze verilog file ../al_ip/double_mode.v
HDL-1007 : analyze verilog file ../al_ip/method_mode.v
HDL-1007 : analyze verilog file ../source/rtl/Sobel_edge/vip_rgb_gray/threshold_binary.v
HDL-1007 : analyze verilog file ../al_ip/custom1_bird1.v
HDL-1007 : analyze verilog file ../al_ip/custom1_bird2.v
HDL-1007 : analyze verilog file ../al_ip/custom2_bird1.v
HDL-1007 : analyze verilog file ../al_ip/custom2_bird2.v
HDL-1007 : analyze verilog file ../al_ip/single_mode.v
RUN-1001 : Project manager successfully analyzed 65 source files.
