============================================================
   Tang Dynasty, V5.0.30786
   Copyright:   Shanghai Anlogic Infotech Co., Ltd.
                2011 - 2021
   Executable = E:/fpgadream/Anlogic_TD/bin/td.exe
   Run by =     86132
   Run Date =   Mon Jun 12 13:44:57 2023

   Run on =     THE-END-OF-THE-
============================================================
RUN-1002 : start command "import_device eagle_s20.db -package BG256"
ARC-1001 : Device Initialization.
ARC-1001 : ------------------------------------------------------------------
ARC-1001 :            OPTION            |          IO          |   SETTING   
ARC-1001 : ------------------------------------------------------------------
ARC-1001 :   cso_b/cclk/mosi/miso/dout  |  T3/R11/T10/P10/S11  |    gpio    
ARC-1001 :             done             |         P13          |    gpio    
ARC-1001 :           program_b          |          T2          |  dedicate  
ARC-1001 :        tdi/tms/tck/tdo       |   C12/A15/C14/E14    |  dedicate  
ARC-1001 : ------------------------------------------------------------------
ARC-1004 : Device setting, marked 5 dedicate IOs in total.
RUN-1002 : start command "import_db flybird_pr.db"
RUN-1001 : Importing database generated by Tang Dynasty, V5.0.30786.
RUN-1001 : Database version number 46126.
RUN-1001 : Import IO constraints
RUN-1001 : Import Inst constraints
RUN-6014 WARNING: Importing design, skipped an obsolete step parameter place:timing_factor.
RUN-6014 WARNING: Importing design, skipped an obsolete step parameter route:least_critical_net_perc.
RUN-6014 WARNING: Importing design, skipped an obsolete step parameter route:most_critical_net_perc.
RUN-6014 WARNING: Importing design, skipped an obsolete step parameter route:tactics.
RUN-1001 : Import flow parameters
RUN-1003 : finish command "import_db flybird_pr.db" in  3.165464s wall, 3.046875s user + 0.703125s system = 3.750000s CPU (118.5%)

RUN-1004 : used memory is 457 MB, reserved memory is 424 MB, peak memory is 457 MB
RUN-1002 : start command "download -bit flybird.bit -mode jtag -spd 6 -sec 64 -cable 0"
PRG-2014 : Chip validation success: EAGLE_S20_BG256
RUN-1002 : start command "bit_to_vec -chip EAGLE_S20_BG256 -m jtag -bit flybird.bit"
PRG-3000 : BIT2VEC::JtagBitstream: completed! line_num = 1358, frame_num = 1259
RUN-1003 : finish command "bit_to_vec -chip EAGLE_S20_BG256 -m jtag -bit flybird.bit" in  1.239755s wall, 1.218750s user + 0.140625s system = 1.359375s CPU (109.6%)

RUN-1004 : used memory is 620 MB, reserved memory is 590 MB, peak memory is 620 MB
RUN-1002 : start command "program -cable 0 -spd 6 -p"
RUN-1003 : finish command "program -cable 0 -spd 6 -p" in  7.471014s wall, 0.468750s user + 1.234375s system = 1.703125s CPU (22.8%)

RUN-1004 : used memory is 648 MB, reserved memory is 619 MB, peak memory is 648 MB
RUN-1003 : finish command "download -bit flybird.bit -mode jtag -spd 6 -sec 64 -cable 0" in  9.617014s wall, 1.828125s user + 1.593750s system = 3.421875s CPU (35.6%)

RUN-1004 : used memory is 495 MB, reserved memory is 461 MB, peak memory is 648 MB
GUI-1001 : Download success!
RUN-1001 : Print Global Property
RUN-1001 : -------------------------------------------------------
RUN-1001 :        Parameters        |  Settings  |  Default Values  
RUN-1001 : -------------------------------------------------------
RUN-1001 :          message         |  standard  |     standard     
RUN-1001 :   mixed_pack_place_flow  |     on     |        on        
RUN-1001 :        syn_ip_flow       |    off     |       off        
RUN-1001 :          thread          |    auto    |       auto       
RUN-1001 : -------------------------------------------------------
RUN-1001 : Print Design Property
RUN-1001 : ------------------------------------------------------
RUN-1001 :        Parameters       |  Settings  |  Default Values  
RUN-1001 : ------------------------------------------------------
RUN-1001 :        infer_add        |     on     |        on        
RUN-1001 :        infer_fsm        |    off     |       off        
RUN-1001 :        infer_mult       |     on     |        on        
RUN-1001 :        infer_ram        |     on     |        on        
RUN-1001 :        infer_reg        |     on     |        on        
RUN-1001 :   infer_reg_init_value  |     on     |        on        
RUN-1001 :        infer_rom        |     on     |        on        
RUN-1001 :      infer_shifter      |    off     |       off        
RUN-1001 :         map_dram        |    auto    |       auto       
RUN-1001 : ------------------------------------------------------
RUN-1001 : Print Rtl Property
RUN-1001 : ------------------------------------------------------
RUN-1001 :        Parameters       |  Settings  |  Default Values  
RUN-1001 : ------------------------------------------------------
RUN-1001 :       compress_add      |   ripple   |      ripple      
RUN-1001 :        elf_sload        |    off     |       off        
RUN-1001 :       fix_undriven      |     0      |        0         
RUN-1001 :         flatten         |    off     |       off        
RUN-1001 :       gate_sharing      |     on     |        on        
RUN-1001 :    hdl_warning_level    |   normal   |      normal      
RUN-1001 :   impl_internal_tribuf  |     on     |        on        
RUN-1001 :      impl_set_reset     |     on     |        on        
RUN-1001 :        infer_gsr        |    off     |       off        
RUN-1001 :      keep_hierarchy     |    auto    |       auto       
RUN-1001 :        max_fanout       |    9999    |       9999       
RUN-1001 :      max_oh2bin_len     |     10     |        10        
RUN-1001 :       merge_equal       |     on     |        on        
RUN-1001 :       merge_equiv       |     on     |        on        
RUN-1001 :        merge_mux        |    off     |       off        
RUN-1001 :      min_ce_fanout      |     16     |        16        
RUN-1001 :      min_ripple_len     |    auto    |       auto       
RUN-1001 :       oh2bin_ratio      |    0.08    |       0.08       
RUN-1001 :     opt_adder_fanout    |     on     |        on        
RUN-1001 :        opt_arith        |     on     |        on        
RUN-1001 :       opt_big_gate      |    off     |       off        
RUN-1001 :        opt_const        |     on     |        on        
RUN-1001 :      opt_const_mult     |     on     |        on        
RUN-1001 :       opt_lessthan      |     on     |        on        
RUN-1001 :         opt_mux         |    off     |       off        
RUN-1001 :         opt_ram         |    high    |       high       
RUN-1001 :      rtl_sim_model      |    off     |       off        
RUN-1001 :         seq_syn         |     on     |        on        
RUN-1001 : ------------------------------------------------------
HDL-1007 : analyze verilog file ../source/rtl/sdram/fifo_ctrl.v
HDL-1007 : analyze verilog file ../source/rtl/sdram/sdram_a_ref.v
HDL-1007 : analyze verilog file ../source/rtl/sdram/sdram_arbit.v
HDL-1007 : analyze verilog file ../source/rtl/sdram/sdram_ctrl.v
HDL-1007 : analyze verilog file ../source/rtl/sdram/sdram_init.v
HDL-1007 : analyze verilog file ../source/rtl/sdram/sdram_read.v
HDL-1007 : analyze verilog file ../source/rtl/sdram/sdram_top.v
HDL-1007 : analyze verilog file ../source/rtl/sdram/sdram_write.v
HDL-1007 : analyze verilog file ../source/rtl/AngryBird_Demo.v
HDL-5007 WARNING: 'second_data' is already implicitly declared on line 143 in ../source/rtl/AngryBird_Demo.v(190)
HDL-1007 : analyze verilog file ../source/rtl/Display.v
HDL-5007 WARNING: parameter 'RED' becomes localparam in 'Display' with formal parameter declaration list in ../source/rtl/Display.v(49)
HDL-5007 WARNING: parameter 'GREEN' becomes localparam in 'Display' with formal parameter declaration list in ../source/rtl/Display.v(50)
HDL-5007 WARNING: parameter 'BLUE' becomes localparam in 'Display' with formal parameter declaration list in ../source/rtl/Display.v(51)
HDL-5007 WARNING: parameter 'WHITE' becomes localparam in 'Display' with formal parameter declaration list in ../source/rtl/Display.v(52)
HDL-5007 WARNING: parameter 'BLACK' becomes localparam in 'Display' with formal parameter declaration list in ../source/rtl/Display.v(53)
HDL-5007 WARNING: parameter 'YELLOW' becomes localparam in 'Display' with formal parameter declaration list in ../source/rtl/Display.v(54)
HDL-5007 WARNING: parameter 'CYAN' becomes localparam in 'Display' with formal parameter declaration list in ../source/rtl/Display.v(55)
HDL-5007 WARNING: parameter 'ROYAL' becomes localparam in 'Display' with formal parameter declaration list in ../source/rtl/Display.v(56)
HDL-5007 WARNING: parameter 'start_scene' becomes localparam in 'Display' with formal parameter declaration list in ../source/rtl/Display.v(58)
HDL-5007 WARNING: parameter 'gameplay_scene' becomes localparam in 'Display' with formal parameter declaration list in ../source/rtl/Display.v(59)
HDL-5007 WARNING: parameter 'pause_scene' becomes localparam in 'Display' with formal parameter declaration list in ../source/rtl/Display.v(60)
HDL-5007 WARNING: parameter 'gameover_scene' becomes localparam in 'Display' with formal parameter declaration list in ../source/rtl/Display.v(61)
HDL-5007 WARNING: parameter 'start_button_length' becomes localparam in 'Display' with formal parameter declaration list in ../source/rtl/Display.v(113)
HDL-5007 WARNING: parameter 'start_button_width' becomes localparam in 'Display' with formal parameter declaration list in ../source/rtl/Display.v(114)
HDL-5007 WARNING: parameter 'cam_length' becomes localparam in 'Display' with formal parameter declaration list in ../source/rtl/Display.v(117)
HDL-5007 WARNING: parameter 'cam_width' becomes localparam in 'Display' with formal parameter declaration list in ../source/rtl/Display.v(118)
HDL-5007 WARNING: parameter 'grass_length' becomes localparam in 'Display' with formal parameter declaration list in ../source/rtl/Display.v(119)
HDL-5007 WARNING: parameter 'grass_width' becomes localparam in 'Display' with formal parameter declaration list in ../source/rtl/Display.v(120)
HDL-5007 WARNING: parameter 'star_length' becomes localparam in 'Display' with formal parameter declaration list in ../source/rtl/Display.v(121)
HDL-5007 WARNING: parameter 'star_width' becomes localparam in 'Display' with formal parameter declaration list in ../source/rtl/Display.v(122)
HDL-5007 WARNING: parameter 'moon_length' becomes localparam in 'Display' with formal parameter declaration list in ../source/rtl/Display.v(123)
HDL-5007 WARNING: parameter 'moon_width' becomes localparam in 'Display' with formal parameter declaration list in ../source/rtl/Display.v(124)
HDL-5007 WARNING: parameter 'Bird_length' becomes localparam in 'Display' with formal parameter declaration list in ../source/rtl/Display.v(125)
HDL-5007 WARNING: parameter 'Bird_width' becomes localparam in 'Display' with formal parameter declaration list in ../source/rtl/Display.v(126)
HDL-5007 WARNING: parameter 'Obstacle_length' becomes localparam in 'Display' with formal parameter declaration list in ../source/rtl/Display.v(129)
HDL-5007 WARNING: identifier 'Bird1_dead_en' is used before its declaration in ../source/rtl/Display.v(303)
HDL-5007 WARNING: identifier 'Bird2_dead_en' is used before its declaration in ../source/rtl/Display.v(310)
HDL-1007 : analyze verilog file ../source/rtl/Driver.v
HDL-1007 : analyze verilog file ../source/rtl/I2C_init.v
HDL-1007 : analyze verilog file ../source/rtl/ov2640_init.v
HDL-1007 : analyze verilog file ../source/rtl/ov2640_read.v
HDL-1007 : analyze verilog file ../source/rtl/process.v
HDL-1007 : analyze verilog file ../source/rtl/rgb2ycbcr.v
HDL-1007 : analyze verilog file ../source/rtl/top.v
HDL-1007 : analyze verilog file ../source/rtl/Top_Logic.v
HDL-1007 : analyze verilog file ../source/rtl/ycbcr2gray2gray.v
HDL-1007 : analyze verilog file ../al_ip/gameoverbutton.v
HDL-1007 : analyze verilog file ../al_ip/grass.v
HDL-1007 : analyze verilog file ../al_ip/moon.v
HDL-1007 : analyze verilog file ../al_ip/pausebutton.v
HDL-1007 : analyze verilog file ../al_ip/PLL.v
HDL-1007 : analyze verilog file ../al_ip/sdram.v
HDL-1007 : analyze verilog file ../al_ip/star.v
HDL-1007 : analyze verilog file ../al_ip/Startbutton.v
HDL-1007 : analyze verilog file ../al_ip/fifo/ramfifo.v
HDL-1007 : analyze verilog file ../source/rtl/bcd_8421.v
HDL-1007 : analyze verilog file ../source/rtl/seg_dynamic.v
HDL-1007 : analyze verilog file ../al_ip/bird1.v
HDL-1007 : analyze verilog file ../al_ip/bird2.v
HDL-1007 : analyze verilog file ../source/rtl/BGMPlayer.v
HDL-5007 WARNING: identifier 'high' is used before its declaration in ../source/rtl/BGMPlayer.v(71)
HDL-5007 WARNING: identifier 'med' is used before its declaration in ../source/rtl/BGMPlayer.v(71)
HDL-5007 WARNING: identifier 'low' is used before its declaration in ../source/rtl/BGMPlayer.v(71)
HDL-1007 : analyze verilog file ../al_ip/clk6Mhz.v
HDL-1007 : analyze verilog file ../source/rtl/Sdram_Control_4Port/command.v
HDL-1007 : analyze included file ../source/rtl/Sdram_Control_4Port/Sdram_Params.h in ../source/rtl/Sdram_Control_4Port/command.v(27)
HDL-1007 : back to file '../source/rtl/Sdram_Control_4Port/command.v' in ../source/rtl/Sdram_Control_4Port/command.v(27)
HDL-1007 : analyze verilog file ../source/rtl/Sdram_Control_4Port/control_interface.v
HDL-1007 : analyze included file ../source/rtl/Sdram_Control_4Port/Sdram_Params.h in ../source/rtl/Sdram_Control_4Port/control_interface.v(21)
HDL-1007 : back to file '../source/rtl/Sdram_Control_4Port/control_interface.v' in ../source/rtl/Sdram_Control_4Port/control_interface.v(21)
HDL-1007 : analyze verilog file ../source/rtl/Sdram_Control_4Port/sdr_data_path.v
HDL-1007 : analyze included file ../source/rtl/Sdram_Control_4Port/Sdram_Params.h in ../source/rtl/Sdram_Control_4Port/sdr_data_path.v(10)
HDL-1007 : back to file '../source/rtl/Sdram_Control_4Port/sdr_data_path.v' in ../source/rtl/Sdram_Control_4Port/sdr_data_path.v(10)
HDL-1007 : analyze verilog file ../source/rtl/Sdram_Control_4Port/Sdram_Control_4Port.v
HDL-1007 : analyze included file ../source/rtl/Sdram_Control_4Port/Sdram_Params.h in ../source/rtl/Sdram_Control_4Port/Sdram_Control_4Port.v(49)
HDL-1007 : back to file '../source/rtl/Sdram_Control_4Port/Sdram_Control_4Port.v' in ../source/rtl/Sdram_Control_4Port/Sdram_Control_4Port.v(49)
HDL-1007 : analyze verilog file ../source/rtl/Sdram_Control_4Port/Sdram_RD_FIFO.v
HDL-1007 : analyze verilog file ../source/rtl/Sdram_Control_4Port/Sdram_WR_FIFO.v
HDL-1007 : analyze verilog file ../source/rtl/Display.v
HDL-5007 WARNING: parameter 'RED' becomes localparam in 'Display' with formal parameter declaration list in ../source/rtl/Display.v(49)
HDL-5007 WARNING: parameter 'GREEN' becomes localparam in 'Display' with formal parameter declaration list in ../source/rtl/Display.v(50)
HDL-5007 WARNING: parameter 'BLUE' becomes localparam in 'Display' with formal parameter declaration list in ../source/rtl/Display.v(51)
HDL-5007 WARNING: parameter 'WHITE' becomes localparam in 'Display' with formal parameter declaration list in ../source/rtl/Display.v(52)
HDL-5007 WARNING: parameter 'BLACK' becomes localparam in 'Display' with formal parameter declaration list in ../source/rtl/Display.v(53)
HDL-5007 WARNING: parameter 'YELLOW' becomes localparam in 'Display' with formal parameter declaration list in ../source/rtl/Display.v(54)
HDL-5007 WARNING: parameter 'CYAN' becomes localparam in 'Display' with formal parameter declaration list in ../source/rtl/Display.v(55)
HDL-5007 WARNING: parameter 'ROYAL' becomes localparam in 'Display' with formal parameter declaration list in ../source/rtl/Display.v(56)
HDL-5007 WARNING: parameter 'start_scene' becomes localparam in 'Display' with formal parameter declaration list in ../source/rtl/Display.v(58)
HDL-5007 WARNING: parameter 'gameplay_scene' becomes localparam in 'Display' with formal parameter declaration list in ../source/rtl/Display.v(59)
HDL-5007 WARNING: parameter 'pause_scene' becomes localparam in 'Display' with formal parameter declaration list in ../source/rtl/Display.v(60)
HDL-5007 WARNING: parameter 'gameover_scene' becomes localparam in 'Display' with formal parameter declaration list in ../source/rtl/Display.v(61)
HDL-5007 WARNING: parameter 'start_button_length' becomes localparam in 'Display' with formal parameter declaration list in ../source/rtl/Display.v(113)
HDL-5007 WARNING: parameter 'start_button_width' becomes localparam in 'Display' with formal parameter declaration list in ../source/rtl/Display.v(114)
HDL-5007 WARNING: parameter 'cam_length' becomes localparam in 'Display' with formal parameter declaration list in ../source/rtl/Display.v(117)
HDL-5007 WARNING: parameter 'cam_width' becomes localparam in 'Display' with formal parameter declaration list in ../source/rtl/Display.v(118)
HDL-5007 WARNING: parameter 'grass_length' becomes localparam in 'Display' with formal parameter declaration list in ../source/rtl/Display.v(119)
HDL-5007 WARNING: parameter 'grass_width' becomes localparam in 'Display' with formal parameter declaration list in ../source/rtl/Display.v(120)
HDL-5007 WARNING: parameter 'star_length' becomes localparam in 'Display' with formal parameter declaration list in ../source/rtl/Display.v(121)
HDL-5007 WARNING: parameter 'star_width' becomes localparam in 'Display' with formal parameter declaration list in ../source/rtl/Display.v(122)
HDL-5007 WARNING: parameter 'moon_length' becomes localparam in 'Display' with formal parameter declaration list in ../source/rtl/Display.v(123)
HDL-5007 WARNING: parameter 'moon_width' becomes localparam in 'Display' with formal parameter declaration list in ../source/rtl/Display.v(124)
HDL-5007 WARNING: parameter 'Bird_length' becomes localparam in 'Display' with formal parameter declaration list in ../source/rtl/Display.v(125)
HDL-5007 WARNING: parameter 'Bird_width' becomes localparam in 'Display' with formal parameter declaration list in ../source/rtl/Display.v(126)
HDL-5007 WARNING: parameter 'Obstacle_length' becomes localparam in 'Display' with formal parameter declaration list in ../source/rtl/Display.v(129)
HDL-5007 WARNING: identifier 'Bird1_dead_en' is used before its declaration in ../source/rtl/Display.v(303)
HDL-5007 WARNING: identifier 'Bird2_dead_en' is used before its declaration in ../source/rtl/Display.v(310)
HDL-1007 : analyze verilog file ../source/rtl/ov2640_init.v
HDL-1007 : analyze verilog file ../source/rtl/ov2640_read.v
Oops! 'Signal Segmentation Violation' raised. The backtrace:
[bt] (4)_chkstk
[bt] (5)RtlRestoreContext
[bt] (6)KiUserExceptionDispatcher
[bt] (7)QListData::size

