============================================================
   Tang Dynasty, V5.0.30786
   Copyright:   Shanghai Anlogic Infotech Co., Ltd.
                2011 - 2021
   Executable = E:/fpgadream/Anlogic_TD/bin/td.exe
   Run by =     86132
   Run Date =   Fri Jul  7 21:18:24 2023

   Run on =     THE-END-OF-THE-
============================================================
RUN-001 : GUI based run...
RUN-1002 : start command "open_project flybird.al"
RUN-8001 ERROR: ../source/rtl/I2C_init.v: Can't find this file.
RUN-8001 ERROR: ../source/rtl/top.v: Can't find this file.
RUN-8001 ERROR: ../source/rtl/bcd_8421.v: Can't find this file.
RUN-8001 ERROR: ../source/rtl/seg_dynamic.v: Can't find this file.
RUN-8001 ERROR: ../source/rtl/Sobel_edge/vip_rgb_gray/vip_rgb_to_ycbcr_and_gary.v: Can't find this file.
RUN-8001 ERROR: ../source/rtl/Sobel_edge/vip_sobel_edge/line_shift_ram_1bit.v: Can't find this file.
RUN-8001 ERROR: ../source/rtl/Sobel_edge/vip_sobel_edge/line_shift_ram_8bit.v: Can't find this file.
RUN-8001 ERROR: ../source/rtl/Sobel_edge/vip_sobel_edge/vip.v: Can't find this file.
RUN-8001 ERROR: ../source/rtl/Sobel_edge/vip_sobel_edge/VIP_Bit_Dilation_Detector.v: Can't find this file.
RUN-8001 ERROR: ../source/rtl/Sobel_edge/vip_sobel_edge/VIP_Bit_Erosion_Detector.v: Can't find this file.
RUN-8001 ERROR: ../source/rtl/Sobel_edge/vip_sobel_edge/vip_matrix_generate_3x3_1bit.v: Can't find this file.
RUN-8001 ERROR: ../source/rtl/Sobel_edge/vip_sobel_edge/vip_matrix_generate_3x3_8bit.v: Can't find this file.
RUN-8001 ERROR: ../source/rtl/Sobel_edge/vip_sobel_edge/VIP_RGB888_YCbCr444.v: Can't find this file.
RUN-8001 ERROR: ../source/rtl/Sobel_edge/vip_sobel_edge/vip_sobel_edge_detector.v: Can't find this file.
RUN-8001 ERROR: ../source/rtl/Sobel_edge/vip_rgb_gray/threshold_binary.v: Can't find this file.
RUN-1001 : Print Global Property
RUN-1001 : -------------------------------------------------------
RUN-1001 :        Parameters        |  Settings  |  Default Values  
RUN-1001 : -------------------------------------------------------
RUN-1001 :          message         |  standard  |     standard     
RUN-1001 :   mixed_pack_place_flow  |     on     |        on        
RUN-1001 :        syn_ip_flow       |    off     |       off        
RUN-1001 :          thread          |    auto    |       auto       
RUN-1001 : -------------------------------------------------------
RUN-1001 : Print Design Property
RUN-1001 : ------------------------------------------------------
RUN-1001 :        Parameters       |  Settings  |  Default Values  
RUN-1001 : ------------------------------------------------------
RUN-1001 :        infer_add        |     on     |        on        
RUN-1001 :        infer_fsm        |    off     |       off        
RUN-1001 :        infer_mult       |     on     |        on        
RUN-1001 :        infer_ram        |     on     |        on        
RUN-1001 :        infer_reg        |     on     |        on        
RUN-1001 :   infer_reg_init_value  |     on     |        on        
RUN-1001 :        infer_rom        |     on     |        on        
RUN-1001 :      infer_shifter      |    off     |       off        
RUN-1001 :         map_dram        |    auto    |       auto       
RUN-1001 : ------------------------------------------------------
RUN-1001 : Print Rtl Property
RUN-1001 : ------------------------------------------------------
RUN-1001 :        Parameters       |  Settings  |  Default Values  
RUN-1001 : ------------------------------------------------------
RUN-1001 :       compress_add      |   ripple   |      ripple      
RUN-1001 :        elf_sload        |    off     |       off        
RUN-1001 :       fix_undriven      |     0      |        0         
RUN-1001 :         flatten         |    off     |       off        
RUN-1001 :       gate_sharing      |     on     |        on        
RUN-1001 :    hdl_warning_level    |   normal   |      normal      
RUN-1001 :   impl_internal_tribuf  |     on     |        on        
RUN-1001 :      impl_set_reset     |     on     |        on        
RUN-1001 :        infer_gsr        |    off     |       off        
RUN-1001 :      keep_hierarchy     |    auto    |       auto       
RUN-1001 :        max_fanout       |    9999    |       9999       
RUN-1001 :      max_oh2bin_len     |     10     |        10        
RUN-1001 :       merge_equal       |     on     |        on        
RUN-1001 :       merge_equiv       |     on     |        on        
RUN-1001 :        merge_mux        |    off     |       off        
RUN-1001 :      min_ce_fanout      |     16     |        16        
RUN-1001 :      min_ripple_len     |    auto    |       auto       
RUN-1001 :       oh2bin_ratio      |    0.08    |       0.08       
RUN-1001 :     opt_adder_fanout    |     on     |        on        
RUN-1001 :        opt_arith        |     on     |        on        
RUN-1001 :       opt_big_gate      |    off     |       off        
RUN-1001 :        opt_const        |     on     |        on        
RUN-1001 :      opt_const_mult     |     on     |        on        
RUN-1001 :       opt_lessthan      |     on     |        on        
RUN-1001 :         opt_mux         |    off     |       off        
RUN-1001 :         opt_ram         |    high    |       high       
RUN-1001 :      rtl_sim_model      |    off     |       off        
RUN-1001 :         seq_syn         |     on     |        on        
RUN-1001 : ------------------------------------------------------
HDL-1007 : analyze verilog file ../source/rtl/AngryBird_Demo.v
HDL-5007 WARNING: 'sdram_rd_b_addr' is already implicitly declared on line 257 in ../source/rtl/AngryBird_Demo.v(280)
HDL-5007 WARNING: 'sdram_rd_e_addr' is already implicitly declared on line 258 in ../source/rtl/AngryBird_Demo.v(281)
HDL-5007 WARNING: 'sdram_rden' is already implicitly declared on line 256 in ../source/rtl/AngryBird_Demo.v(282)
HDL-5007 WARNING: 'camera_rstn' is already implicitly declared on line 393 in ../source/rtl/AngryBird_Demo.v(499)
HDL-5007 WARNING: 'custom' is already implicitly declared on line 401 in ../source/rtl/AngryBird_Demo.v(500)
HDL-5007 WARNING: 'camera_sdram_rd_data' is already implicitly declared on line 317 in ../source/rtl/AngryBird_Demo.v(529)
HDL-5007 WARNING: 'int_sdram_rst_n' is already implicitly declared on line 563 in ../source/rtl/AngryBird_Demo.v(579)
HDL-5007 WARNING: 'int_sdram_rden' is already implicitly declared on line 559 in ../source/rtl/AngryBird_Demo.v(580)
HDL-5007 WARNING: identifier 'locked' is used before its declaration in ../source/rtl/AngryBird_Demo.v(91)
HDL-5007 WARNING: identifier 'hdmi_locked' is used before its declaration in ../source/rtl/AngryBird_Demo.v(91)
HDL-5007 WARNING: identifier 'sdram_init_done' is used before its declaration in ../source/rtl/AngryBird_Demo.v(169)
HDL-5007 WARNING: identifier 'sdram_rst_n' is used before its declaration in ../source/rtl/AngryBird_Demo.v(233)
HDL-5007 WARNING: identifier 'sdram_rst_n' is used before its declaration in ../source/rtl/AngryBird_Demo.v(234)
HDL-5007 WARNING: identifier 'camera_rstn' is used before its declaration in ../source/rtl/AngryBird_Demo.v(379)
HDL-1007 : analyze verilog file ../source/rtl/Display.v
HDL-5007 WARNING: 'custom1_3_bird1_rom_add' is already implicitly declared on line 319 in ../source/rtl/Display.v(331)
HDL-5007 WARNING: 'custom1_3_bird1_rom_data' is already implicitly declared on line 320 in ../source/rtl/Display.v(332)
HDL-5007 WARNING: 'custom1_3_bird2_rom_add' is already implicitly declared on line 327 in ../source/rtl/Display.v(333)
HDL-5007 WARNING: 'custom1_3_bird2_rom_data' is already implicitly declared on line 328 in ../source/rtl/Display.v(334)
HDL-5007 WARNING: 'all_shell_rom_add' is already implicitly declared on line 391 in ../source/rtl/Display.v(395)
HDL-5007 WARNING: 'all_shell_rom_data' is already implicitly declared on line 392 in ../source/rtl/Display.v(404)
HDL-5007 WARNING: identifier 'single_state' is used before its declaration in ../source/rtl/Display.v(413)
HDL-5007 WARNING: identifier 'double_state' is used before its declaration in ../source/rtl/Display.v(414)
HDL-5007 WARNING: identifier 'method_state' is used before its declaration in ../source/rtl/Display.v(415)
HDL-5007 WARNING: identifier 'angle1_shell1_enable' is used before its declaration in ../source/rtl/Display.v(419)
HDL-5007 WARNING: identifier 'angle1_shell1_x0' is used before its declaration in ../source/rtl/Display.v(419)
HDL-5007 WARNING: identifier 'angle1_shell1_x0' is used before its declaration in ../source/rtl/Display.v(419)
HDL-5007 WARNING: identifier 'angle1_shell1_y0' is used before its declaration in ../source/rtl/Display.v(419)
HDL-5007 WARNING: identifier 'angle1_shell1_y0' is used before its declaration in ../source/rtl/Display.v(419)
HDL-5007 WARNING: identifier 'angle1_shell2_enable' is used before its declaration in ../source/rtl/Display.v(420)
HDL-5007 WARNING: identifier 'angle1_shell2_x0' is used before its declaration in ../source/rtl/Display.v(420)
HDL-5007 WARNING: identifier 'angle1_shell2_x0' is used before its declaration in ../source/rtl/Display.v(420)
HDL-5007 WARNING: identifier 'angle1_shell2_y0' is used before its declaration in ../source/rtl/Display.v(420)
HDL-5007 WARNING: identifier 'angle1_shell2_y0' is used before its declaration in ../source/rtl/Display.v(420)
HDL-5007 WARNING: identifier 'angle2_shell1_enable' is used before its declaration in ../source/rtl/Display.v(423)
HDL-5007 WARNING: identifier 'angle2_shell1_x0' is used before its declaration in ../source/rtl/Display.v(423)
HDL-5007 WARNING: identifier 'angle2_shell1_x0' is used before its declaration in ../source/rtl/Display.v(423)
HDL-5007 WARNING: identifier 'angle2_shell1_y0' is used before its declaration in ../source/rtl/Display.v(423)
HDL-5007 WARNING: identifier 'angle2_shell1_y0' is used before its declaration in ../source/rtl/Display.v(423)
HDL-5007 WARNING: identifier 'angle2_shell2_enable' is used before its declaration in ../source/rtl/Display.v(424)
HDL-5007 WARNING: identifier 'angle2_shell2_x0' is used before its declaration in ../source/rtl/Display.v(424)
HDL-5007 WARNING: identifier 'angle2_shell2_x0' is used before its declaration in ../source/rtl/Display.v(424)
HDL-5007 WARNING: identifier 'angle2_shell2_y0' is used before its declaration in ../source/rtl/Display.v(424)
HDL-5007 WARNING: identifier 'angle2_shell2_y0' is used before its declaration in ../source/rtl/Display.v(424)
HDL-5007 WARNING: identifier 'angle3_shell1_enable' is used before its declaration in ../source/rtl/Display.v(427)
HDL-5007 WARNING: identifier 'angle3_shell1_x0' is used before its declaration in ../source/rtl/Display.v(427)
HDL-5007 WARNING: identifier 'angle3_shell1_x0' is used before its declaration in ../source/rtl/Display.v(427)
HDL-5007 WARNING: identifier 'angle3_shell1_y0' is used before its declaration in ../source/rtl/Display.v(427)
HDL-5007 WARNING: identifier 'angle3_shell1_y0' is used before its declaration in ../source/rtl/Display.v(427)
HDL-5007 WARNING: identifier 'angle3_shell2_enable' is used before its declaration in ../source/rtl/Display.v(428)
HDL-5007 WARNING: identifier 'angle3_shell2_x0' is used before its declaration in ../source/rtl/Display.v(428)
HDL-5007 WARNING: identifier 'angle3_shell2_x0' is used before its declaration in ../source/rtl/Display.v(428)
HDL-5007 WARNING: identifier 'angle3_shell2_y0' is used before its declaration in ../source/rtl/Display.v(428)
HDL-5007 WARNING: identifier 'angle3_shell2_y0' is used before its declaration in ../source/rtl/Display.v(428)
HDL-5007 WARNING: identifier 'angle4_shell1_enable' is used before its declaration in ../source/rtl/Display.v(431)
HDL-5007 WARNING: identifier 'angle4_shell1_x0' is used before its declaration in ../source/rtl/Display.v(431)
HDL-5007 WARNING: identifier 'angle4_shell1_x0' is used before its declaration in ../source/rtl/Display.v(431)
HDL-5007 WARNING: identifier 'angle4_shell1_y0' is used before its declaration in ../source/rtl/Display.v(431)
HDL-5007 WARNING: identifier 'angle4_shell1_y0' is used before its declaration in ../source/rtl/Display.v(431)
HDL-5007 WARNING: identifier 'angle4_shell2_enable' is used before its declaration in ../source/rtl/Display.v(432)
HDL-5007 WARNING: identifier 'angle4_shell2_x0' is used before its declaration in ../source/rtl/Display.v(432)
HDL-5007 WARNING: identifier 'angle4_shell2_x0' is used before its declaration in ../source/rtl/Display.v(432)
HDL-5007 WARNING: identifier 'angle4_shell2_y0' is used before its declaration in ../source/rtl/Display.v(432)
HDL-5007 WARNING: identifier 'angle4_shell2_y0' is used before its declaration in ../source/rtl/Display.v(432)
HDL-5007 WARNING: identifier 'angle5_shell1_enable' is used before its declaration in ../source/rtl/Display.v(435)
HDL-5007 WARNING: identifier 'angle5_shell1_x0' is used before its declaration in ../source/rtl/Display.v(435)
HDL-5007 WARNING: identifier 'angle5_shell1_x0' is used before its declaration in ../source/rtl/Display.v(435)
HDL-5007 WARNING: identifier 'angle5_shell1_y0' is used before its declaration in ../source/rtl/Display.v(435)
HDL-5007 WARNING: identifier 'angle5_shell1_y0' is used before its declaration in ../source/rtl/Display.v(435)
HDL-5007 WARNING: identifier 'angle5_shell2_enable' is used before its declaration in ../source/rtl/Display.v(436)
HDL-5007 WARNING: identifier 'angle5_shell2_x0' is used before its declaration in ../source/rtl/Display.v(436)
HDL-5007 WARNING: identifier 'angle5_shell2_x0' is used before its declaration in ../source/rtl/Display.v(436)
HDL-5007 WARNING: identifier 'angle5_shell2_y0' is used before its declaration in ../source/rtl/Display.v(436)
HDL-5007 WARNING: identifier 'angle5_shell2_y0' is used before its declaration in ../source/rtl/Display.v(436)
HDL-5007 WARNING: identifier 'angle6_shell1_enable' is used before its declaration in ../source/rtl/Display.v(439)
HDL-5007 WARNING: identifier 'angle6_shell1_x0' is used before its declaration in ../source/rtl/Display.v(439)
HDL-5007 WARNING: identifier 'angle6_shell1_x0' is used before its declaration in ../source/rtl/Display.v(439)
HDL-5007 WARNING: identifier 'angle6_shell1_y0' is used before its declaration in ../source/rtl/Display.v(439)
HDL-5007 WARNING: identifier 'angle6_shell1_y0' is used before its declaration in ../source/rtl/Display.v(439)
HDL-5007 WARNING: identifier 'angle6_shell2_enable' is used before its declaration in ../source/rtl/Display.v(440)
HDL-5007 WARNING: identifier 'angle6_shell2_x0' is used before its declaration in ../source/rtl/Display.v(440)
HDL-5007 WARNING: identifier 'angle6_shell2_x0' is used before its declaration in ../source/rtl/Display.v(440)
HDL-5007 WARNING: identifier 'angle6_shell2_y0' is used before its declaration in ../source/rtl/Display.v(440)
HDL-5007 WARNING: identifier 'angle6_shell2_y0' is used before its declaration in ../source/rtl/Display.v(440)
HDL-5007 WARNING: identifier 'angle7_shell1_enable' is used before its declaration in ../source/rtl/Display.v(443)
HDL-5007 WARNING: identifier 'angle7_shell1_x0' is used before its declaration in ../source/rtl/Display.v(443)
HDL-5007 WARNING: identifier 'angle7_shell1_x0' is used before its declaration in ../source/rtl/Display.v(443)
HDL-5007 WARNING: identifier 'angle7_shell1_y0' is used before its declaration in ../source/rtl/Display.v(443)
HDL-5007 WARNING: identifier 'angle7_shell1_y0' is used before its declaration in ../source/rtl/Display.v(443)
HDL-5007 WARNING: identifier 'angle7_shell2_enable' is used before its declaration in ../source/rtl/Display.v(444)
HDL-5007 WARNING: identifier 'angle7_shell2_x0' is used before its declaration in ../source/rtl/Display.v(444)
HDL-5007 WARNING: identifier 'angle7_shell2_x0' is used before its declaration in ../source/rtl/Display.v(444)
HDL-5007 WARNING: identifier 'angle7_shell2_y0' is used before its declaration in ../source/rtl/Display.v(444)
HDL-5007 WARNING: identifier 'angle7_shell2_y0' is used before its declaration in ../source/rtl/Display.v(444)
HDL-5007 WARNING: identifier 'angle8_shell1_enable' is used before its declaration in ../source/rtl/Display.v(447)
HDL-5007 WARNING: identifier 'angle8_shell1_x0' is used before its declaration in ../source/rtl/Display.v(447)
HDL-5007 WARNING: identifier 'angle8_shell1_x0' is used before its declaration in ../source/rtl/Display.v(447)
HDL-5007 WARNING: identifier 'angle8_shell1_y0' is used before its declaration in ../source/rtl/Display.v(447)
HDL-5007 WARNING: identifier 'angle8_shell1_y0' is used before its declaration in ../source/rtl/Display.v(447)
HDL-5007 WARNING: identifier 'angle8_shell2_enable' is used before its declaration in ../source/rtl/Display.v(448)
HDL-5007 WARNING: identifier 'angle8_shell2_x0' is used before its declaration in ../source/rtl/Display.v(448)
HDL-5007 WARNING: identifier 'angle8_shell2_x0' is used before its declaration in ../source/rtl/Display.v(448)
HDL-5007 WARNING: identifier 'angle8_shell2_y0' is used before its declaration in ../source/rtl/Display.v(448)
HDL-5007 WARNING: identifier 'angle8_shell2_y0' is used before its declaration in ../source/rtl/Display.v(448)
HDL-5007 WARNING: identifier 'custom1_bird1dead' is used before its declaration in ../source/rtl/Display.v(452)
HDL-5007 WARNING: identifier 'custom1_bird2dead' is used before its declaration in ../source/rtl/Display.v(453)
HDL-5007 WARNING: identifier 'custom2_bird1dead' is used before its declaration in ../source/rtl/Display.v(456)
HDL-5007 WARNING: identifier 'custom2_bird2dead' is used before its declaration in ../source/rtl/Display.v(457)
HDL-5007 WARNING: identifier 'custom3_bird1dead' is used before its declaration in ../source/rtl/Display.v(460)
HDL-5007 WARNING: identifier 'custom3_bird2dead' is used before its declaration in ../source/rtl/Display.v(461)
HDL-5007 WARNING: identifier 'angle1_shell1_x0' is used before its declaration in ../source/rtl/Display.v(552)
HDL-5007 WARNING: identifier 'angle1_shell1_y0' is used before its declaration in ../source/rtl/Display.v(552)
HDL-5007 WARNING: identifier 'angle1_shell2_x0' is used before its declaration in ../source/rtl/Display.v(553)
HDL-5007 WARNING: identifier 'angle1_shell2_y0' is used before its declaration in ../source/rtl/Display.v(553)
HDL-5007 WARNING: identifier 'angle2_shell1_x0' is used before its declaration in ../source/rtl/Display.v(555)
HDL-5007 WARNING: identifier 'angle2_shell1_y0' is used before its declaration in ../source/rtl/Display.v(555)
HDL-5007 WARNING: identifier 'angle2_shell2_x0' is used before its declaration in ../source/rtl/Display.v(556)
HDL-5007 WARNING: identifier 'angle2_shell2_y0' is used before its declaration in ../source/rtl/Display.v(556)
HDL-5007 WARNING: identifier 'angle3_shell1_x0' is used before its declaration in ../source/rtl/Display.v(558)
HDL-5007 WARNING: identifier 'angle3_shell1_y0' is used before its declaration in ../source/rtl/Display.v(558)
HDL-5007 WARNING: identifier 'angle3_shell2_x0' is used before its declaration in ../source/rtl/Display.v(559)
HDL-5007 WARNING: identifier 'angle3_shell2_y0' is used before its declaration in ../source/rtl/Display.v(559)
HDL-5007 WARNING: identifier 'angle4_shell1_x0' is used before its declaration in ../source/rtl/Display.v(561)
HDL-5007 WARNING: identifier 'angle4_shell1_y0' is used before its declaration in ../source/rtl/Display.v(561)
HDL-5007 WARNING: identifier 'angle4_shell2_x0' is used before its declaration in ../source/rtl/Display.v(562)
HDL-5007 WARNING: identifier 'angle4_shell2_y0' is used before its declaration in ../source/rtl/Display.v(562)
HDL-5007 WARNING: identifier 'angle5_shell1_x0' is used before its declaration in ../source/rtl/Display.v(564)
HDL-5007 WARNING: identifier 'angle5_shell1_y0' is used before its declaration in ../source/rtl/Display.v(564)
HDL-5007 WARNING: identifier 'angle5_shell2_x0' is used before its declaration in ../source/rtl/Display.v(565)
HDL-5007 WARNING: identifier 'angle5_shell2_y0' is used before its declaration in ../source/rtl/Display.v(565)
HDL-5007 WARNING: identifier 'angle6_shell1_x0' is used before its declaration in ../source/rtl/Display.v(567)
HDL-5007 WARNING: identifier 'angle6_shell1_y0' is used before its declaration in ../source/rtl/Display.v(567)
HDL-5007 WARNING: identifier 'angle6_shell2_x0' is used before its declaration in ../source/rtl/Display.v(568)
HDL-5007 WARNING: identifier 'angle6_shell2_y0' is used before its declaration in ../source/rtl/Display.v(568)
HDL-5007 WARNING: identifier 'angle7_shell1_x0' is used before its declaration in ../source/rtl/Display.v(570)
HDL-5007 WARNING: identifier 'angle7_shell1_y0' is used before its declaration in ../source/rtl/Display.v(570)
HDL-5007 WARNING: identifier 'angle7_shell2_x0' is used before its declaration in ../source/rtl/Display.v(571)
HDL-5007 WARNING: identifier 'angle7_shell2_y0' is used before its declaration in ../source/rtl/Display.v(571)
HDL-5007 WARNING: identifier 'angle8_shell1_x0' is used before its declaration in ../source/rtl/Display.v(573)
HDL-5007 WARNING: identifier 'angle8_shell1_y0' is used before its declaration in ../source/rtl/Display.v(573)
HDL-5007 WARNING: identifier 'angle8_shell2_x0' is used before its declaration in ../source/rtl/Display.v(574)
HDL-5007 WARNING: identifier 'angle8_shell2_y0' is used before its declaration in ../source/rtl/Display.v(574)
HDL-5007 WARNING: identifier 'custom2_x_max' is used before its declaration in ../source/rtl/Display.v(1008)
HDL-5007 WARNING: identifier 'custom2_y_max' is used before its declaration in ../source/rtl/Display.v(1008)
HDL-5007 WARNING: identifier 'custom2_x_max' is used before its declaration in ../source/rtl/Display.v(1021)
HDL-5007 WARNING: identifier 'custom2_y_max' is used before its declaration in ../source/rtl/Display.v(1021)
HDL-1007 : analyze verilog file ../source/rtl/Driver.v
HDL-1007 : analyze verilog file ../source/rtl/process.v
HDL-1007 : analyze verilog file ../source/rtl/Top_Logic.v
HDL-1007 : analyze verilog file ../al_ip/PLL.v
HDL-1007 : analyze verilog file ../al_ip/sdram.v
HDL-1007 : analyze verilog file ../al_ip/fifo/ramfifo.v
HDL-1007 : analyze verilog file ../source/rtl/BGMPlayer.v
HDL-5007 WARNING: identifier 'high' is used before its declaration in ../source/rtl/BGMPlayer.v(71)
HDL-5007 WARNING: identifier 'med' is used before its declaration in ../source/rtl/BGMPlayer.v(71)
HDL-5007 WARNING: identifier 'low' is used before its declaration in ../source/rtl/BGMPlayer.v(71)
HDL-1007 : analyze verilog file ../al_ip/clk6Mhz.v
HDL-1007 : analyze verilog file ../source/rtl/Sdram_Control_4Port/command.v
HDL-1007 : analyze included file ../source/rtl/Sdram_Control_4Port/Sdram_Params.h in ../source/rtl/Sdram_Control_4Port/command.v(27)
HDL-1007 : back to file '../source/rtl/Sdram_Control_4Port/command.v' in ../source/rtl/Sdram_Control_4Port/command.v(27)
HDL-1007 : analyze verilog file ../source/rtl/Sdram_Control_4Port/control_interface.v
HDL-1007 : analyze included file ../source/rtl/Sdram_Control_4Port/Sdram_Params.h in ../source/rtl/Sdram_Control_4Port/control_interface.v(21)
HDL-1007 : back to file '../source/rtl/Sdram_Control_4Port/control_interface.v' in ../source/rtl/Sdram_Control_4Port/control_interface.v(21)
HDL-1007 : analyze verilog file ../source/rtl/Sdram_Control_4Port/sdr_data_path.v
HDL-1007 : analyze included file ../source/rtl/Sdram_Control_4Port/Sdram_Params.h in ../source/rtl/Sdram_Control_4Port/sdr_data_path.v(10)
HDL-1007 : back to file '../source/rtl/Sdram_Control_4Port/sdr_data_path.v' in ../source/rtl/Sdram_Control_4Port/sdr_data_path.v(10)
HDL-1007 : analyze verilog file ../source/rtl/Sdram_Control_4Port/Sdram_Control_4Port.v
HDL-1007 : analyze included file ../source/rtl/Sdram_Control_4Port/Sdram_Params.h in ../source/rtl/Sdram_Control_4Port/Sdram_Control_4Port.v(49)
HDL-1007 : back to file '../source/rtl/Sdram_Control_4Port/Sdram_Control_4Port.v' in ../source/rtl/Sdram_Control_4Port/Sdram_Control_4Port.v(49)
HDL-1007 : analyze verilog file ../source/rtl/Sdram_Control_4Port/Sdram_RD_FIFO.v
HDL-1007 : analyze verilog file ../source/rtl/Sdram_Control_4Port/Sdram_WR_FIFO.v
HDL-1007 : analyze verilog file ../al_ip/bram_256_1bit.v
HDL-1007 : analyze verilog file ../al_ip/bram_256_8bit.v
HDL-1007 : analyze verilog file ../al_ip/hdmi_pll.v
HDL-1007 : analyze verilog file ../source/rtl/hdmi/asyn_rst_syn.v
HDL-1007 : analyze verilog file ../source/rtl/hdmi/dvi_encoder.v
HDL-1007 : analyze verilog file ../source/rtl/hdmi/dvi_transmitter_top.v
HDL-1007 : analyze verilog file ../source/rtl/hdmi/hdmi_top.v
HDL-5007 WARNING: redeclaration of ansi port 'hcnt' is not allowed in ../source/rtl/hdmi/hdmi_top.v(30)
HDL-5007 WARNING: 'hcnt' was previously declared with a range in ../source/rtl/hdmi/hdmi_top.v(30)
HDL-5007 WARNING: redeclaration of ansi port 'vcnt' is not allowed in ../source/rtl/hdmi/hdmi_top.v(31)
HDL-5007 WARNING: 'vcnt' was previously declared with a range in ../source/rtl/hdmi/hdmi_top.v(31)
HDL-1007 : analyze verilog file ../source/rtl/hdmi/serializer_10_to_1.v
HDL-1007 : analyze verilog file ../al_ip/ddio_out.v
HDL-1007 : analyze verilog file ../source/rtl/sd_ctrl_top/sd_init.v
HDL-1007 : analyze verilog file ../source/rtl/sd_ctrl_top/sd_read.v
HDL-1007 : analyze verilog file ../source/rtl/sd_ctrl_top/sd_write.v
HDL-1007 : analyze verilog file ../source/rtl/sdram_pingpang/fifo_ctrl.v
HDL-1007 : analyze verilog file ../source/rtl/sdram_pingpang/sdram_a_ref.v
HDL-1007 : analyze verilog file ../source/rtl/sdram_pingpang/sdram_arbit.v
HDL-1007 : analyze verilog file ../source/rtl/sdram_pingpang/sdram_ctrl.v
HDL-1007 : analyze verilog file ../source/rtl/sdram_pingpang/sdram_init.v
HDL-1007 : analyze verilog file ../source/rtl/sdram_pingpang/sdram_read.v
HDL-1007 : analyze verilog file ../source/rtl/sdram_pingpang/sdram_top.v
HDL-1007 : analyze verilog file ../source/rtl/sdram_pingpang/sdram_write.v
HDL-1007 : analyze verilog file ../source/rtl/sd_read_photo.v
HDL-1007 : analyze verilog file ../source/rtl/sd_ctrl_top/sd_ctrl.v
HDL-1007 : analyze verilog file ../source/rtl/camera_init_control.v
HDL-1007 : analyze verilog file ../source/rtl/camera_rd_synchro.v
HDL-1007 : analyze verilog file ../source/rtl/sdcard_rd_synchro.v
HDL-1007 : analyze verilog file ../al_ip/double_mode.v
HDL-1007 : analyze verilog file ../al_ip/method_mode.v
HDL-1007 : analyze verilog file ../al_ip/custom1_bird1.v
HDL-1007 : analyze verilog file ../al_ip/custom1_bird2.v
HDL-1007 : analyze verilog file ../al_ip/custom2_bird1.v
HDL-1007 : analyze verilog file ../al_ip/custom2_bird2.v
HDL-1007 : analyze verilog file ../al_ip/single_mode.v
HDL-1007 : analyze verilog file ../source/rtl/OV5640/cmos_capture_data.v
HDL-1007 : analyze verilog file ../source/rtl/OV5640/i2c_dri.v
HDL-1007 : analyze verilog file ../source/rtl/OV5640/i2c_ov5640_rgb565_cfg.v
HDL-1007 : analyze verilog file ../al_ip/triangle.v
HDL-1007 : analyze verilog file ../al_ip/shell.v
HDL-1007 : analyze verilog file ../source/rtl/shell/shell_go.v
RUN-1001 : Project manager successfully analyzed 69 source files.
RUN-1002 : start command "open_project Cortex_M0.al"
RUN-1001 : Print Global Property
RUN-1001 : -------------------------------------------------------
RUN-1001 :        Parameters        |  Settings  |  Default Values  
RUN-1001 : -------------------------------------------------------
RUN-1001 :          message         |  standard  |     standard     
RUN-1001 :   mixed_pack_place_flow  |     on     |        on        
RUN-1001 :        syn_ip_flow       |    off     |       off        
RUN-1001 :          thread          |    auto    |       auto       
RUN-1001 : -------------------------------------------------------
RUN-1001 : Print Design Property
RUN-1001 : ------------------------------------------------------
RUN-1001 :        Parameters       |  Settings  |  Default Values  
RUN-1001 : ------------------------------------------------------
RUN-1001 :        infer_add        |     on     |        on        
RUN-1001 :        infer_fsm        |    off     |       off        
RUN-1001 :        infer_mult       |     on     |        on        
RUN-1001 :        infer_ram        |     on     |        on        
RUN-1001 :        infer_reg        |     on     |        on        
RUN-1001 :   infer_reg_init_value  |     on     |        on        
RUN-1001 :        infer_rom        |     on     |        on        
RUN-1001 :      infer_shifter      |    off     |       off        
RUN-1001 :         map_dram        |    auto    |       auto       
RUN-1001 : ------------------------------------------------------
RUN-1001 : Print Rtl Property
RUN-1001 : ------------------------------------------------------
RUN-1001 :        Parameters       |  Settings  |  Default Values  
RUN-1001 : ------------------------------------------------------
RUN-1001 :       compress_add      |   ripple   |      ripple      
RUN-1001 :        elf_sload        |    off     |       off        
RUN-1001 :       fix_undriven      |     0      |        0         
RUN-1001 :         flatten         |    off     |       off        
RUN-1001 :       gate_sharing      |     on     |        on        
RUN-1001 :    hdl_warning_level    |   normal   |      normal      
RUN-1001 :   impl_internal_tribuf  |     on     |        on        
RUN-1001 :      impl_set_reset     |     on     |        on        
RUN-1001 :        infer_gsr        |    off     |       off        
RUN-1001 :      keep_hierarchy     |    auto    |       auto       
RUN-1001 :        max_fanout       |    9999    |       9999       
RUN-1001 :      max_oh2bin_len     |     10     |        10        
RUN-1001 :       merge_equal       |     on     |        on        
RUN-1001 :       merge_equiv       |     on     |        on        
RUN-1001 :        merge_mux        |    off     |       off        
RUN-1001 :      min_ce_fanout      |     16     |        16        
RUN-1001 :      min_ripple_len     |    auto    |       auto       
RUN-1001 :       oh2bin_ratio      |    0.08    |       0.08       
RUN-1001 :     opt_adder_fanout    |     on     |        on        
RUN-1001 :        opt_arith        |     on     |        on        
RUN-1001 :       opt_big_gate      |    off     |       off        
RUN-1001 :        opt_const        |     on     |        on        
RUN-1001 :      opt_const_mult     |     on     |        on        
RUN-1001 :       opt_lessthan      |     on     |        on        
RUN-1001 :         opt_mux         |    off     |       off        
RUN-1001 :         opt_ram         |    high    |       high       
RUN-1001 :      rtl_sim_model      |    off     |       off        
RUN-1001 :         seq_syn         |     on     |        on        
RUN-1001 : ------------------------------------------------------
HDL-1007 : analyze verilog file ../rtl/AHBlite_Decoder.v
HDL-1007 : analyze verilog file ../rtl/AHBlite_Interconnect.v
HDL-1007 : analyze verilog file ../rtl/AHBlite_SlaveMUX.v
HDL-1007 : analyze verilog file ../rtl/AHBlite_Timer.v
HDL-1007 : analyze verilog file ../rtl/cmsdk_ahb_gpio.v
HDL-1007 : analyze verilog file ../rtl/cmsdk_ahb_slave_mux.v
HDL-1007 : analyze verilog file ../rtl/cmsdk_ahb_to_apb.v
HDL-1007 : analyze verilog file ../rtl/cmsdk_ahb_to_iop.v
HDL-1007 : analyze verilog file ../rtl/cmsdk_ahb_to_sram.v
HDL-1007 : analyze verilog file ../rtl/cmsdk_apb_slave_mux.v
HDL-1007 : analyze verilog file ../rtl/cmsdk_apb_uart.v
HDL-1007 : analyze verilog file ../rtl/cmsdk_iop_gpio.v
HDL-1007 : analyze verilog file ../rtl/cmsdk_mcu_addr_decode.v
HDL-1007 : analyze verilog file ../rtl/CortexM0_SoC.v
HDL-1007 : analyze verilog file ../rtl/cortexm0ds_logic.v
HDL-1007 : analyze verilog file ../rtl/flybird_interface.v
HDL-1007 : analyze verilog file ../rtl/fpga_ram.v
HDL-1007 : analyze verilog file ../rtl/fpga_rom.v
HDL-1007 : analyze verilog file ../rtl/microphone_interface.v
HDL-5007 WARNING: identifier 'microphone_left_flag' is used before its declaration in ../rtl/microphone_interface.v(94)
HDL-5007 WARNING: identifier 'microphone_right_flag' is used before its declaration in ../rtl/microphone_interface.v(94)
HDL-5007 WARNING: identifier 'microphone_up_flag' is used before its declaration in ../rtl/microphone_interface.v(255)
HDL-5007 WARNING: identifier 'microphone_down_flag' is used before its declaration in ../rtl/microphone_interface.v(255)
HDL-1007 : analyze verilog file ../rtl/SG90_interface.v
HDL-1007 : analyze verilog file ../rtl/FlappyBird-main/source/rtl/AngryBird_Demo.v
HDL-5007 WARNING: 'sdram_rd_b_addr' is already implicitly declared on line 257 in ../rtl/FlappyBird-main/source/rtl/AngryBird_Demo.v(280)
HDL-5007 WARNING: 'sdram_rd_e_addr' is already implicitly declared on line 258 in ../rtl/FlappyBird-main/source/rtl/AngryBird_Demo.v(281)
HDL-5007 WARNING: 'sdram_rden' is already implicitly declared on line 256 in ../rtl/FlappyBird-main/source/rtl/AngryBird_Demo.v(282)
HDL-5007 WARNING: 'camera_rstn' is already implicitly declared on line 393 in ../rtl/FlappyBird-main/source/rtl/AngryBird_Demo.v(499)
HDL-5007 WARNING: 'custom' is already implicitly declared on line 401 in ../rtl/FlappyBird-main/source/rtl/AngryBird_Demo.v(500)
HDL-5007 WARNING: 'camera_sdram_rd_data' is already implicitly declared on line 317 in ../rtl/FlappyBird-main/source/rtl/AngryBird_Demo.v(529)
HDL-5007 WARNING: 'int_sdram_rst_n' is already implicitly declared on line 563 in ../rtl/FlappyBird-main/source/rtl/AngryBird_Demo.v(579)
HDL-5007 WARNING: 'int_sdram_rden' is already implicitly declared on line 559 in ../rtl/FlappyBird-main/source/rtl/AngryBird_Demo.v(580)
HDL-5007 WARNING: identifier 'locked' is used before its declaration in ../rtl/FlappyBird-main/source/rtl/AngryBird_Demo.v(91)
HDL-5007 WARNING: identifier 'hdmi_locked' is used before its declaration in ../rtl/FlappyBird-main/source/rtl/AngryBird_Demo.v(91)
HDL-5007 WARNING: identifier 'sdram_init_done' is used before its declaration in ../rtl/FlappyBird-main/source/rtl/AngryBird_Demo.v(169)
HDL-5007 WARNING: identifier 'sdram_rst_n' is used before its declaration in ../rtl/FlappyBird-main/source/rtl/AngryBird_Demo.v(233)
HDL-5007 WARNING: identifier 'sdram_rst_n' is used before its declaration in ../rtl/FlappyBird-main/source/rtl/AngryBird_Demo.v(234)
HDL-5007 WARNING: identifier 'camera_rstn' is used before its declaration in ../rtl/FlappyBird-main/source/rtl/AngryBird_Demo.v(379)
HDL-1007 : analyze verilog file ../rtl/FlappyBird-main/source/rtl/camera_init_control.v
HDL-1007 : analyze verilog file ../rtl/FlappyBird-main/source/rtl/camera_rd_synchro.v
HDL-1007 : analyze verilog file ../rtl/FlappyBird-main/source/rtl/Display.v
HDL-5007 WARNING: 'custom1_3_bird1_rom_add' is already implicitly declared on line 319 in ../rtl/FlappyBird-main/source/rtl/Display.v(331)
HDL-5007 WARNING: 'custom1_3_bird1_rom_data' is already implicitly declared on line 320 in ../rtl/FlappyBird-main/source/rtl/Display.v(332)
HDL-5007 WARNING: 'custom1_3_bird2_rom_add' is already implicitly declared on line 327 in ../rtl/FlappyBird-main/source/rtl/Display.v(333)
HDL-5007 WARNING: 'custom1_3_bird2_rom_data' is already implicitly declared on line 328 in ../rtl/FlappyBird-main/source/rtl/Display.v(334)
HDL-5007 WARNING: 'all_shell_rom_add' is already implicitly declared on line 391 in ../rtl/FlappyBird-main/source/rtl/Display.v(395)
HDL-5007 WARNING: 'all_shell_rom_data' is already implicitly declared on line 392 in ../rtl/FlappyBird-main/source/rtl/Display.v(404)
HDL-5007 WARNING: identifier 'single_state' is used before its declaration in ../rtl/FlappyBird-main/source/rtl/Display.v(413)
HDL-5007 WARNING: identifier 'double_state' is used before its declaration in ../rtl/FlappyBird-main/source/rtl/Display.v(414)
HDL-5007 WARNING: identifier 'method_state' is used before its declaration in ../rtl/FlappyBird-main/source/rtl/Display.v(415)
HDL-5007 WARNING: identifier 'angle1_shell1_enable' is used before its declaration in ../rtl/FlappyBird-main/source/rtl/Display.v(419)
HDL-5007 WARNING: identifier 'angle1_shell1_x0' is used before its declaration in ../rtl/FlappyBird-main/source/rtl/Display.v(419)
HDL-5007 WARNING: identifier 'angle1_shell1_x0' is used before its declaration in ../rtl/FlappyBird-main/source/rtl/Display.v(419)
HDL-5007 WARNING: identifier 'angle1_shell1_y0' is used before its declaration in ../rtl/FlappyBird-main/source/rtl/Display.v(419)
HDL-5007 WARNING: identifier 'angle1_shell1_y0' is used before its declaration in ../rtl/FlappyBird-main/source/rtl/Display.v(419)
HDL-5007 WARNING: identifier 'angle1_shell2_enable' is used before its declaration in ../rtl/FlappyBird-main/source/rtl/Display.v(420)
HDL-5007 WARNING: identifier 'angle1_shell2_x0' is used before its declaration in ../rtl/FlappyBird-main/source/rtl/Display.v(420)
HDL-5007 WARNING: identifier 'angle1_shell2_x0' is used before its declaration in ../rtl/FlappyBird-main/source/rtl/Display.v(420)
HDL-5007 WARNING: identifier 'angle1_shell2_y0' is used before its declaration in ../rtl/FlappyBird-main/source/rtl/Display.v(420)
HDL-5007 WARNING: identifier 'angle1_shell2_y0' is used before its declaration in ../rtl/FlappyBird-main/source/rtl/Display.v(420)
HDL-5007 WARNING: identifier 'angle2_shell1_enable' is used before its declaration in ../rtl/FlappyBird-main/source/rtl/Display.v(423)
HDL-5007 WARNING: identifier 'angle2_shell1_x0' is used before its declaration in ../rtl/FlappyBird-main/source/rtl/Display.v(423)
HDL-5007 WARNING: identifier 'angle2_shell1_x0' is used before its declaration in ../rtl/FlappyBird-main/source/rtl/Display.v(423)
HDL-5007 WARNING: identifier 'angle2_shell1_y0' is used before its declaration in ../rtl/FlappyBird-main/source/rtl/Display.v(423)
HDL-5007 WARNING: identifier 'angle2_shell1_y0' is used before its declaration in ../rtl/FlappyBird-main/source/rtl/Display.v(423)
HDL-5007 WARNING: identifier 'angle2_shell2_enable' is used before its declaration in ../rtl/FlappyBird-main/source/rtl/Display.v(424)
HDL-5007 WARNING: identifier 'angle2_shell2_x0' is used before its declaration in ../rtl/FlappyBird-main/source/rtl/Display.v(424)
HDL-5007 WARNING: identifier 'angle2_shell2_x0' is used before its declaration in ../rtl/FlappyBird-main/source/rtl/Display.v(424)
HDL-5007 WARNING: identifier 'angle2_shell2_y0' is used before its declaration in ../rtl/FlappyBird-main/source/rtl/Display.v(424)
HDL-5007 WARNING: identifier 'angle2_shell2_y0' is used before its declaration in ../rtl/FlappyBird-main/source/rtl/Display.v(424)
HDL-5007 WARNING: identifier 'angle3_shell1_enable' is used before its declaration in ../rtl/FlappyBird-main/source/rtl/Display.v(427)
HDL-5007 WARNING: identifier 'angle3_shell1_x0' is used before its declaration in ../rtl/FlappyBird-main/source/rtl/Display.v(427)
HDL-5007 WARNING: identifier 'angle3_shell1_x0' is used before its declaration in ../rtl/FlappyBird-main/source/rtl/Display.v(427)
HDL-5007 WARNING: identifier 'angle3_shell1_y0' is used before its declaration in ../rtl/FlappyBird-main/source/rtl/Display.v(427)
HDL-5007 WARNING: identifier 'angle3_shell1_y0' is used before its declaration in ../rtl/FlappyBird-main/source/rtl/Display.v(427)
HDL-5007 WARNING: identifier 'angle3_shell2_enable' is used before its declaration in ../rtl/FlappyBird-main/source/rtl/Display.v(428)
HDL-5007 WARNING: identifier 'angle3_shell2_x0' is used before its declaration in ../rtl/FlappyBird-main/source/rtl/Display.v(428)
HDL-5007 WARNING: identifier 'angle3_shell2_x0' is used before its declaration in ../rtl/FlappyBird-main/source/rtl/Display.v(428)
HDL-5007 WARNING: identifier 'angle3_shell2_y0' is used before its declaration in ../rtl/FlappyBird-main/source/rtl/Display.v(428)
HDL-5007 WARNING: identifier 'angle3_shell2_y0' is used before its declaration in ../rtl/FlappyBird-main/source/rtl/Display.v(428)
HDL-5007 WARNING: identifier 'angle4_shell1_enable' is used before its declaration in ../rtl/FlappyBird-main/source/rtl/Display.v(431)
HDL-5007 WARNING: identifier 'angle4_shell1_x0' is used before its declaration in ../rtl/FlappyBird-main/source/rtl/Display.v(431)
HDL-5007 WARNING: identifier 'angle4_shell1_x0' is used before its declaration in ../rtl/FlappyBird-main/source/rtl/Display.v(431)
HDL-5007 WARNING: identifier 'angle4_shell1_y0' is used before its declaration in ../rtl/FlappyBird-main/source/rtl/Display.v(431)
HDL-5007 WARNING: identifier 'angle4_shell1_y0' is used before its declaration in ../rtl/FlappyBird-main/source/rtl/Display.v(431)
HDL-5007 WARNING: identifier 'angle4_shell2_enable' is used before its declaration in ../rtl/FlappyBird-main/source/rtl/Display.v(432)
HDL-5007 WARNING: identifier 'angle4_shell2_x0' is used before its declaration in ../rtl/FlappyBird-main/source/rtl/Display.v(432)
HDL-5007 WARNING: identifier 'angle4_shell2_x0' is used before its declaration in ../rtl/FlappyBird-main/source/rtl/Display.v(432)
HDL-5007 WARNING: identifier 'angle4_shell2_y0' is used before its declaration in ../rtl/FlappyBird-main/source/rtl/Display.v(432)
HDL-5007 WARNING: identifier 'angle4_shell2_y0' is used before its declaration in ../rtl/FlappyBird-main/source/rtl/Display.v(432)
HDL-5007 WARNING: identifier 'angle5_shell1_enable' is used before its declaration in ../rtl/FlappyBird-main/source/rtl/Display.v(435)
HDL-5007 WARNING: identifier 'angle5_shell1_x0' is used before its declaration in ../rtl/FlappyBird-main/source/rtl/Display.v(435)
HDL-5007 WARNING: identifier 'angle5_shell1_x0' is used before its declaration in ../rtl/FlappyBird-main/source/rtl/Display.v(435)
HDL-5007 WARNING: identifier 'angle5_shell1_y0' is used before its declaration in ../rtl/FlappyBird-main/source/rtl/Display.v(435)
HDL-5007 WARNING: identifier 'angle5_shell1_y0' is used before its declaration in ../rtl/FlappyBird-main/source/rtl/Display.v(435)
HDL-5007 WARNING: identifier 'angle5_shell2_enable' is used before its declaration in ../rtl/FlappyBird-main/source/rtl/Display.v(436)
HDL-5007 WARNING: identifier 'angle5_shell2_x0' is used before its declaration in ../rtl/FlappyBird-main/source/rtl/Display.v(436)
HDL-5007 WARNING: identifier 'angle5_shell2_x0' is used before its declaration in ../rtl/FlappyBird-main/source/rtl/Display.v(436)
HDL-5007 WARNING: identifier 'angle5_shell2_y0' is used before its declaration in ../rtl/FlappyBird-main/source/rtl/Display.v(436)
HDL-5007 WARNING: identifier 'angle5_shell2_y0' is used before its declaration in ../rtl/FlappyBird-main/source/rtl/Display.v(436)
HDL-5007 WARNING: identifier 'angle6_shell1_enable' is used before its declaration in ../rtl/FlappyBird-main/source/rtl/Display.v(439)
HDL-5007 WARNING: identifier 'angle6_shell1_x0' is used before its declaration in ../rtl/FlappyBird-main/source/rtl/Display.v(439)
HDL-5007 WARNING: identifier 'angle6_shell1_x0' is used before its declaration in ../rtl/FlappyBird-main/source/rtl/Display.v(439)
HDL-5007 WARNING: identifier 'angle6_shell1_y0' is used before its declaration in ../rtl/FlappyBird-main/source/rtl/Display.v(439)
HDL-5007 WARNING: identifier 'angle6_shell1_y0' is used before its declaration in ../rtl/FlappyBird-main/source/rtl/Display.v(439)
HDL-5007 WARNING: identifier 'angle6_shell2_enable' is used before its declaration in ../rtl/FlappyBird-main/source/rtl/Display.v(440)
HDL-5007 WARNING: identifier 'angle6_shell2_x0' is used before its declaration in ../rtl/FlappyBird-main/source/rtl/Display.v(440)
HDL-5007 WARNING: identifier 'angle6_shell2_x0' is used before its declaration in ../rtl/FlappyBird-main/source/rtl/Display.v(440)
HDL-5007 WARNING: identifier 'angle6_shell2_y0' is used before its declaration in ../rtl/FlappyBird-main/source/rtl/Display.v(440)
HDL-5007 WARNING: identifier 'angle6_shell2_y0' is used before its declaration in ../rtl/FlappyBird-main/source/rtl/Display.v(440)
HDL-5007 WARNING: identifier 'angle7_shell1_enable' is used before its declaration in ../rtl/FlappyBird-main/source/rtl/Display.v(443)
HDL-5007 WARNING: identifier 'angle7_shell1_x0' is used before its declaration in ../rtl/FlappyBird-main/source/rtl/Display.v(443)
HDL-5007 WARNING: identifier 'angle7_shell1_x0' is used before its declaration in ../rtl/FlappyBird-main/source/rtl/Display.v(443)
HDL-5007 WARNING: identifier 'angle7_shell1_y0' is used before its declaration in ../rtl/FlappyBird-main/source/rtl/Display.v(443)
HDL-5007 WARNING: identifier 'angle7_shell1_y0' is used before its declaration in ../rtl/FlappyBird-main/source/rtl/Display.v(443)
HDL-5007 WARNING: identifier 'angle7_shell2_enable' is used before its declaration in ../rtl/FlappyBird-main/source/rtl/Display.v(444)
HDL-5007 WARNING: identifier 'angle7_shell2_x0' is used before its declaration in ../rtl/FlappyBird-main/source/rtl/Display.v(444)
HDL-5007 WARNING: identifier 'angle7_shell2_x0' is used before its declaration in ../rtl/FlappyBird-main/source/rtl/Display.v(444)
HDL-5007 WARNING: identifier 'angle7_shell2_y0' is used before its declaration in ../rtl/FlappyBird-main/source/rtl/Display.v(444)
HDL-5007 WARNING: identifier 'angle7_shell2_y0' is used before its declaration in ../rtl/FlappyBird-main/source/rtl/Display.v(444)
HDL-5007 WARNING: identifier 'angle8_shell1_enable' is used before its declaration in ../rtl/FlappyBird-main/source/rtl/Display.v(447)
HDL-5007 WARNING: identifier 'angle8_shell1_x0' is used before its declaration in ../rtl/FlappyBird-main/source/rtl/Display.v(447)
HDL-5007 WARNING: identifier 'angle8_shell1_x0' is used before its declaration in ../rtl/FlappyBird-main/source/rtl/Display.v(447)
HDL-5007 WARNING: identifier 'angle8_shell1_y0' is used before its declaration in ../rtl/FlappyBird-main/source/rtl/Display.v(447)
HDL-5007 WARNING: identifier 'angle8_shell1_y0' is used before its declaration in ../rtl/FlappyBird-main/source/rtl/Display.v(447)
HDL-5007 WARNING: identifier 'angle8_shell2_enable' is used before its declaration in ../rtl/FlappyBird-main/source/rtl/Display.v(448)
HDL-5007 WARNING: identifier 'angle8_shell2_x0' is used before its declaration in ../rtl/FlappyBird-main/source/rtl/Display.v(448)
HDL-5007 WARNING: identifier 'angle8_shell2_x0' is used before its declaration in ../rtl/FlappyBird-main/source/rtl/Display.v(448)
HDL-5007 WARNING: identifier 'angle8_shell2_y0' is used before its declaration in ../rtl/FlappyBird-main/source/rtl/Display.v(448)
HDL-5007 WARNING: identifier 'angle8_shell2_y0' is used before its declaration in ../rtl/FlappyBird-main/source/rtl/Display.v(448)
HDL-5007 WARNING: identifier 'custom1_bird1dead' is used before its declaration in ../rtl/FlappyBird-main/source/rtl/Display.v(452)
HDL-5007 WARNING: identifier 'custom1_bird2dead' is used before its declaration in ../rtl/FlappyBird-main/source/rtl/Display.v(453)
HDL-5007 WARNING: identifier 'custom2_bird1dead' is used before its declaration in ../rtl/FlappyBird-main/source/rtl/Display.v(456)
HDL-5007 WARNING: identifier 'custom2_bird2dead' is used before its declaration in ../rtl/FlappyBird-main/source/rtl/Display.v(457)
HDL-5007 WARNING: identifier 'custom3_bird1dead' is used before its declaration in ../rtl/FlappyBird-main/source/rtl/Display.v(460)
HDL-5007 WARNING: identifier 'custom3_bird2dead' is used before its declaration in ../rtl/FlappyBird-main/source/rtl/Display.v(461)
HDL-5007 WARNING: identifier 'angle1_shell1_x0' is used before its declaration in ../rtl/FlappyBird-main/source/rtl/Display.v(552)
HDL-5007 WARNING: identifier 'angle1_shell1_y0' is used before its declaration in ../rtl/FlappyBird-main/source/rtl/Display.v(552)
HDL-5007 WARNING: identifier 'angle1_shell2_x0' is used before its declaration in ../rtl/FlappyBird-main/source/rtl/Display.v(553)
HDL-5007 WARNING: identifier 'angle1_shell2_y0' is used before its declaration in ../rtl/FlappyBird-main/source/rtl/Display.v(553)
HDL-5007 WARNING: identifier 'angle2_shell1_x0' is used before its declaration in ../rtl/FlappyBird-main/source/rtl/Display.v(555)
HDL-5007 WARNING: identifier 'angle2_shell1_y0' is used before its declaration in ../rtl/FlappyBird-main/source/rtl/Display.v(555)
HDL-5007 WARNING: identifier 'angle2_shell2_x0' is used before its declaration in ../rtl/FlappyBird-main/source/rtl/Display.v(556)
HDL-5007 WARNING: identifier 'angle2_shell2_y0' is used before its declaration in ../rtl/FlappyBird-main/source/rtl/Display.v(556)
HDL-5007 WARNING: identifier 'angle3_shell1_x0' is used before its declaration in ../rtl/FlappyBird-main/source/rtl/Display.v(558)
HDL-5007 WARNING: identifier 'angle3_shell1_y0' is used before its declaration in ../rtl/FlappyBird-main/source/rtl/Display.v(558)
HDL-5007 WARNING: identifier 'angle3_shell2_x0' is used before its declaration in ../rtl/FlappyBird-main/source/rtl/Display.v(559)
HDL-5007 WARNING: identifier 'angle3_shell2_y0' is used before its declaration in ../rtl/FlappyBird-main/source/rtl/Display.v(559)
HDL-5007 WARNING: identifier 'angle4_shell1_x0' is used before its declaration in ../rtl/FlappyBird-main/source/rtl/Display.v(561)
HDL-5007 WARNING: identifier 'angle4_shell1_y0' is used before its declaration in ../rtl/FlappyBird-main/source/rtl/Display.v(561)
HDL-5007 WARNING: identifier 'angle4_shell2_x0' is used before its declaration in ../rtl/FlappyBird-main/source/rtl/Display.v(562)
HDL-5007 WARNING: identifier 'angle4_shell2_y0' is used before its declaration in ../rtl/FlappyBird-main/source/rtl/Display.v(562)
HDL-5007 WARNING: identifier 'angle5_shell1_x0' is used before its declaration in ../rtl/FlappyBird-main/source/rtl/Display.v(564)
HDL-5007 WARNING: identifier 'angle5_shell1_y0' is used before its declaration in ../rtl/FlappyBird-main/source/rtl/Display.v(564)
HDL-5007 WARNING: identifier 'angle5_shell2_x0' is used before its declaration in ../rtl/FlappyBird-main/source/rtl/Display.v(565)
HDL-5007 WARNING: identifier 'angle5_shell2_y0' is used before its declaration in ../rtl/FlappyBird-main/source/rtl/Display.v(565)
HDL-5007 WARNING: identifier 'angle6_shell1_x0' is used before its declaration in ../rtl/FlappyBird-main/source/rtl/Display.v(567)
HDL-5007 WARNING: identifier 'angle6_shell1_y0' is used before its declaration in ../rtl/FlappyBird-main/source/rtl/Display.v(567)
HDL-5007 WARNING: identifier 'angle6_shell2_x0' is used before its declaration in ../rtl/FlappyBird-main/source/rtl/Display.v(568)
HDL-5007 WARNING: identifier 'angle6_shell2_y0' is used before its declaration in ../rtl/FlappyBird-main/source/rtl/Display.v(568)
HDL-5007 WARNING: identifier 'angle7_shell1_x0' is used before its declaration in ../rtl/FlappyBird-main/source/rtl/Display.v(570)
HDL-5007 WARNING: identifier 'angle7_shell1_y0' is used before its declaration in ../rtl/FlappyBird-main/source/rtl/Display.v(570)
HDL-5007 WARNING: identifier 'angle7_shell2_x0' is used before its declaration in ../rtl/FlappyBird-main/source/rtl/Display.v(571)
HDL-5007 WARNING: identifier 'angle7_shell2_y0' is used before its declaration in ../rtl/FlappyBird-main/source/rtl/Display.v(571)
HDL-5007 WARNING: identifier 'angle8_shell1_x0' is used before its declaration in ../rtl/FlappyBird-main/source/rtl/Display.v(573)
HDL-5007 WARNING: identifier 'angle8_shell1_y0' is used before its declaration in ../rtl/FlappyBird-main/source/rtl/Display.v(573)
HDL-5007 WARNING: identifier 'angle8_shell2_x0' is used before its declaration in ../rtl/FlappyBird-main/source/rtl/Display.v(574)
HDL-5007 WARNING: identifier 'angle8_shell2_y0' is used before its declaration in ../rtl/FlappyBird-main/source/rtl/Display.v(574)
HDL-5007 WARNING: identifier 'custom2_x_max' is used before its declaration in ../rtl/FlappyBird-main/source/rtl/Display.v(1008)
HDL-5007 WARNING: identifier 'custom2_y_max' is used before its declaration in ../rtl/FlappyBird-main/source/rtl/Display.v(1008)
HDL-5007 WARNING: identifier 'custom2_x_max' is used before its declaration in ../rtl/FlappyBird-main/source/rtl/Display.v(1021)
HDL-5007 WARNING: identifier 'custom2_y_max' is used before its declaration in ../rtl/FlappyBird-main/source/rtl/Display.v(1021)
HDL-1007 : analyze verilog file ../rtl/FlappyBird-main/source/rtl/Driver.v
HDL-1007 : analyze verilog file ../rtl/FlappyBird-main/source/rtl/process.v
HDL-1007 : analyze verilog file ../rtl/FlappyBird-main/source/rtl/sd_read_photo.v
HDL-1007 : analyze verilog file ../rtl/FlappyBird-main/source/rtl/sdcard_rd_synchro.v
HDL-1007 : analyze verilog file ../rtl/FlappyBird-main/source/rtl/Top_Logic.v
HDL-1007 : analyze verilog file ../rtl/FlappyBird-main/source/rtl/hdmi/asyn_rst_syn.v
HDL-1007 : analyze verilog file ../rtl/FlappyBird-main/source/rtl/hdmi/dvi_encoder.v
HDL-1007 : analyze verilog file ../rtl/FlappyBird-main/source/rtl/hdmi/dvi_transmitter_top.v
HDL-1007 : analyze verilog file ../rtl/FlappyBird-main/source/rtl/hdmi/hdmi_top.v
HDL-5007 WARNING: redeclaration of ansi port 'hcnt' is not allowed in ../rtl/FlappyBird-main/source/rtl/hdmi/hdmi_top.v(30)
HDL-5007 WARNING: 'hcnt' was previously declared with a range in ../rtl/FlappyBird-main/source/rtl/hdmi/hdmi_top.v(30)
HDL-5007 WARNING: redeclaration of ansi port 'vcnt' is not allowed in ../rtl/FlappyBird-main/source/rtl/hdmi/hdmi_top.v(31)
HDL-5007 WARNING: 'vcnt' was previously declared with a range in ../rtl/FlappyBird-main/source/rtl/hdmi/hdmi_top.v(31)
HDL-1007 : analyze verilog file ../rtl/FlappyBird-main/source/rtl/hdmi/serializer_10_to_1.v
HDL-1007 : analyze verilog file ../rtl/FlappyBird-main/source/rtl/OV5640/cmos_capture_data.v
HDL-1007 : analyze verilog file ../rtl/FlappyBird-main/source/rtl/OV5640/i2c_dri.v
HDL-1007 : analyze verilog file ../rtl/FlappyBird-main/source/rtl/OV5640/i2c_ov5640_rgb565_cfg.v
HDL-1007 : analyze verilog file ../rtl/FlappyBird-main/source/rtl/sd_ctrl_top/sd_ctrl.v
HDL-1007 : analyze verilog file ../rtl/FlappyBird-main/source/rtl/sd_ctrl_top/sd_init.v
HDL-1007 : analyze verilog file ../rtl/FlappyBird-main/source/rtl/sd_ctrl_top/sd_read.v
HDL-1007 : analyze verilog file ../rtl/FlappyBird-main/source/rtl/sd_ctrl_top/sd_write.v
HDL-1007 : analyze verilog file ../rtl/FlappyBird-main/source/rtl/Sdram_Control_4Port/command.v
HDL-1007 : analyze included file ../rtl/FlappyBird-main/source/rtl/Sdram_Control_4Port/Sdram_Params.h in ../rtl/FlappyBird-main/source/rtl/Sdram_Control_4Port/command.v(27)
HDL-1007 : back to file '../rtl/FlappyBird-main/source/rtl/Sdram_Control_4Port/command.v' in ../rtl/FlappyBird-main/source/rtl/Sdram_Control_4Port/command.v(27)
HDL-1007 : analyze verilog file ../rtl/FlappyBird-main/source/rtl/Sdram_Control_4Port/control_interface.v
HDL-1007 : analyze included file ../rtl/FlappyBird-main/source/rtl/Sdram_Control_4Port/Sdram_Params.h in ../rtl/FlappyBird-main/source/rtl/Sdram_Control_4Port/control_interface.v(21)
HDL-1007 : back to file '../rtl/FlappyBird-main/source/rtl/Sdram_Control_4Port/control_interface.v' in ../rtl/FlappyBird-main/source/rtl/Sdram_Control_4Port/control_interface.v(21)
HDL-1007 : analyze verilog file ../rtl/FlappyBird-main/source/rtl/Sdram_Control_4Port/sdr_data_path.v
HDL-1007 : analyze included file ../rtl/FlappyBird-main/source/rtl/Sdram_Control_4Port/Sdram_Params.h in ../rtl/FlappyBird-main/source/rtl/Sdram_Control_4Port/sdr_data_path.v(10)
HDL-1007 : back to file '../rtl/FlappyBird-main/source/rtl/Sdram_Control_4Port/sdr_data_path.v' in ../rtl/FlappyBird-main/source/rtl/Sdram_Control_4Port/sdr_data_path.v(10)
HDL-1007 : analyze verilog file ../rtl/FlappyBird-main/source/rtl/Sdram_Control_4Port/Sdram_Control_4Port.v
HDL-1007 : analyze included file ../rtl/FlappyBird-main/source/rtl/Sdram_Control_4Port/Sdram_Params.h in ../rtl/FlappyBird-main/source/rtl/Sdram_Control_4Port/Sdram_Control_4Port.v(49)
HDL-1007 : back to file '../rtl/FlappyBird-main/source/rtl/Sdram_Control_4Port/Sdram_Control_4Port.v' in ../rtl/FlappyBird-main/source/rtl/Sdram_Control_4Port/Sdram_Control_4Port.v(49)
HDL-1007 : analyze verilog file ../rtl/FlappyBird-main/source/rtl/Sdram_Control_4Port/Sdram_RD_FIFO.v
HDL-1007 : analyze verilog file ../rtl/FlappyBird-main/source/rtl/Sdram_Control_4Port/Sdram_WR_FIFO.v
HDL-1007 : analyze verilog file ../rtl/FlappyBird-main/source/rtl/sdram_pingpang/fifo_ctrl.v
HDL-1007 : analyze verilog file ../rtl/FlappyBird-main/source/rtl/sdram_pingpang/sdram_a_ref.v
HDL-1007 : analyze verilog file ../rtl/FlappyBird-main/source/rtl/sdram_pingpang/sdram_arbit.v
HDL-1007 : analyze verilog file ../rtl/FlappyBird-main/source/rtl/sdram_pingpang/sdram_ctrl.v
HDL-1007 : analyze verilog file ../rtl/FlappyBird-main/source/rtl/sdram_pingpang/sdram_init.v
HDL-1007 : analyze verilog file ../rtl/FlappyBird-main/source/rtl/sdram_pingpang/sdram_read.v
HDL-1007 : analyze verilog file ../rtl/FlappyBird-main/source/rtl/sdram_pingpang/sdram_top.v
HDL-1007 : analyze verilog file ../rtl/FlappyBird-main/source/rtl/sdram_pingpang/sdram_write.v
HDL-1007 : analyze verilog file ../rtl/FlappyBird-main/source/rtl/shell/shell_go.v
HDL-1007 : analyze verilog file ../rtl/FlappyBird-main/al_ip/fifo/ramfifo.v
HDL-1007 : analyze verilog file ../rtl/FlappyBird-main/al_ip/bram_256_1bit.v
HDL-1007 : analyze verilog file ../rtl/FlappyBird-main/al_ip/bram_256_8bit.v
HDL-1007 : analyze verilog file ../rtl/FlappyBird-main/al_ip/custom1_bird1.v
HDL-1007 : analyze verilog file ../rtl/FlappyBird-main/al_ip/custom1_bird2.v
HDL-1007 : analyze verilog file ../rtl/FlappyBird-main/al_ip/custom2_bird1.v
HDL-1007 : analyze verilog file ../rtl/FlappyBird-main/al_ip/custom2_bird2.v
HDL-1007 : analyze verilog file ../rtl/FlappyBird-main/al_ip/ddio_out.v
HDL-1007 : analyze verilog file ../rtl/FlappyBird-main/al_ip/double_mode.v
HDL-1007 : analyze verilog file ../rtl/FlappyBird-main/al_ip/hdmi_pll.v
HDL-1007 : analyze verilog file ../rtl/FlappyBird-main/al_ip/method_mode.v
HDL-1007 : analyze verilog file ../rtl/FlappyBird-main/al_ip/PLL.v
HDL-1007 : analyze verilog file ../rtl/FlappyBird-main/al_ip/sdram.v
HDL-1007 : analyze verilog file ../rtl/FlappyBird-main/al_ip/shell.v
HDL-1007 : analyze verilog file ../rtl/FlappyBird-main/al_ip/single_mode.v
HDL-1007 : analyze verilog file ../rtl/FlappyBird-main/al_ip/triangle.v
HDL-1007 : analyze verilog file ../rtl/FlappyBird-main/source/rtl/Sobel_edge/line_shift_ram_1bit.v
HDL-1007 : analyze verilog file ../rtl/FlappyBird-main/source/rtl/Sobel_edge/line_shift_ram_8bit.v
HDL-1007 : analyze verilog file ../rtl/FlappyBird-main/source/rtl/Sobel_edge/threshold_binary.v
HDL-1007 : analyze verilog file ../rtl/FlappyBird-main/source/rtl/Sobel_edge/vip.v
HDL-5007 WARNING: redeclaration of ansi port 'sobel' is not allowed in ../rtl/FlappyBird-main/source/rtl/Sobel_edge/vip.v(97)
HDL-1007 : analyze verilog file ../rtl/FlappyBird-main/source/rtl/Sobel_edge/VIP_Bit_Dilation_Detector.v
HDL-5007 WARNING: identifier 'en' is used before its declaration in ../rtl/FlappyBird-main/source/rtl/Sobel_edge/VIP_Bit_Dilation_Detector.v(117)
HDL-1007 : analyze verilog file ../rtl/FlappyBird-main/source/rtl/Sobel_edge/VIP_Bit_Erosion_Detector.v
HDL-1007 : analyze verilog file ../rtl/FlappyBird-main/source/rtl/Sobel_edge/vip_matrix_generate_3x3_1bit.v
HDL-1007 : analyze verilog file ../rtl/FlappyBird-main/source/rtl/Sobel_edge/vip_matrix_generate_3x3_8bit.v
HDL-1007 : analyze verilog file ../rtl/FlappyBird-main/source/rtl/Sobel_edge/VIP_RGB888_YCbCr444.v
HDL-1007 : analyze verilog file ../rtl/FlappyBird-main/source/rtl/Sobel_edge/vip_sobel_edge_detector.v
HDL-1007 : analyze verilog file ip/total_pll.v
RUN-1001 : Project manager successfully analyzed 83 source files.
RUN-1003 : finish command "open_project Cortex_M0.al" in  1.405375s wall, 0.875000s user + 0.515625s system = 1.390625s CPU (99.0%)

RUN-1004 : used memory is 662 MB, reserved memory is 627 MB, peak memory is 1585 MB
