============================================================
   Tang Dynasty, V5.0.30786
   Copyright:   Shanghai Anlogic Infotech Co., Ltd.
                2011 - 2021
   Executable = E:/fpgadream/Anlogic_TD/bin/td.exe
   Run by =     86132
   Run Date =   Thu Jun 29 15:52:30 2023

   Run on =     THE-END-OF-THE-
============================================================
RUN-001 : GUI based run...
RUN-1002 : start command "open_project flybird.al"
RUN-1001 : Print Global Property
RUN-1001 : -------------------------------------------------------
RUN-1001 :        Parameters        |  Settings  |  Default Values  
RUN-1001 : -------------------------------------------------------
RUN-1001 :          message         |  standard  |     standard     
RUN-1001 :   mixed_pack_place_flow  |     on     |        on        
RUN-1001 :        syn_ip_flow       |    off     |       off        
RUN-1001 :          thread          |    auto    |       auto       
RUN-1001 : -------------------------------------------------------
RUN-1001 : Print Design Property
RUN-1001 : ------------------------------------------------------
RUN-1001 :        Parameters       |  Settings  |  Default Values  
RUN-1001 : ------------------------------------------------------
RUN-1001 :        infer_add        |     on     |        on        
RUN-1001 :        infer_fsm        |    off     |       off        
RUN-1001 :        infer_mult       |     on     |        on        
RUN-1001 :        infer_ram        |     on     |        on        
RUN-1001 :        infer_reg        |     on     |        on        
RUN-1001 :   infer_reg_init_value  |     on     |        on        
RUN-1001 :        infer_rom        |     on     |        on        
RUN-1001 :      infer_shifter      |    off     |       off        
RUN-1001 :         map_dram        |    auto    |       auto       
RUN-1001 : ------------------------------------------------------
RUN-1001 : Print Rtl Property
RUN-1001 : ------------------------------------------------------
RUN-1001 :        Parameters       |  Settings  |  Default Values  
RUN-1001 : ------------------------------------------------------
RUN-1001 :       compress_add      |   ripple   |      ripple      
RUN-1001 :        elf_sload        |    off     |       off        
RUN-1001 :       fix_undriven      |     0      |        0         
RUN-1001 :         flatten         |    off     |       off        
RUN-1001 :       gate_sharing      |     on     |        on        
RUN-1001 :    hdl_warning_level    |   normal   |      normal      
RUN-1001 :   impl_internal_tribuf  |     on     |        on        
RUN-1001 :      impl_set_reset     |     on     |        on        
RUN-1001 :        infer_gsr        |    off     |       off        
RUN-1001 :      keep_hierarchy     |    auto    |       auto       
RUN-1001 :        max_fanout       |    9999    |       9999       
RUN-1001 :      max_oh2bin_len     |     10     |        10        
RUN-1001 :       merge_equal       |     on     |        on        
RUN-1001 :       merge_equiv       |     on     |        on        
RUN-1001 :        merge_mux        |    off     |       off        
RUN-1001 :      min_ce_fanout      |     16     |        16        
RUN-1001 :      min_ripple_len     |    auto    |       auto       
RUN-1001 :       oh2bin_ratio      |    0.08    |       0.08       
RUN-1001 :     opt_adder_fanout    |     on     |        on        
RUN-1001 :        opt_arith        |     on     |        on        
RUN-1001 :       opt_big_gate      |    off     |       off        
RUN-1001 :        opt_const        |     on     |        on        
RUN-1001 :      opt_const_mult     |     on     |        on        
RUN-1001 :       opt_lessthan      |     on     |        on        
RUN-1001 :         opt_mux         |    off     |       off        
RUN-1001 :         opt_ram         |    high    |       high       
RUN-1001 :      rtl_sim_model      |    off     |       off        
RUN-1001 :         seq_syn         |     on     |        on        
RUN-1001 : ------------------------------------------------------
HDL-1007 : analyze verilog file ../source/rtl/AngryBird_Demo.v
HDL-5007 WARNING: 'photo_wr_done' is already implicitly declared on line 130 in ../source/rtl/AngryBird_Demo.v(163)
HDL-5007 WARNING: 'sdram_rd_b_addr' is already implicitly declared on line 245 in ../source/rtl/AngryBird_Demo.v(268)
HDL-5007 WARNING: 'sdram_rd_e_addr' is already implicitly declared on line 246 in ../source/rtl/AngryBird_Demo.v(269)
HDL-5007 WARNING: 'sdram_rden' is already implicitly declared on line 244 in ../source/rtl/AngryBird_Demo.v(270)
HDL-5007 WARNING: 'camera_rstn' is already implicitly declared on line 378 in ../source/rtl/AngryBird_Demo.v(486)
HDL-5007 WARNING: 'custom' is already implicitly declared on line 386 in ../source/rtl/AngryBird_Demo.v(487)
HDL-5007 WARNING: 'camera_sdram_rd_data' is already implicitly declared on line 306 in ../source/rtl/AngryBird_Demo.v(516)
HDL-5007 WARNING: 'int_sdram_rst_n' is already implicitly declared on line 550 in ../source/rtl/AngryBird_Demo.v(566)
HDL-5007 WARNING: 'int_sdram_rden' is already implicitly declared on line 546 in ../source/rtl/AngryBird_Demo.v(567)
HDL-5007 WARNING: 'color_binary_clken' is already implicitly declared on line 501 in ../source/rtl/AngryBird_Demo.v(594)
HDL-5007 WARNING: identifier 'locked' is used before its declaration in ../source/rtl/AngryBird_Demo.v(88)
HDL-5007 WARNING: identifier 'hdmi_locked' is used before its declaration in ../source/rtl/AngryBird_Demo.v(88)
HDL-5007 WARNING: identifier 'sdram_init_done' is used before its declaration in ../source/rtl/AngryBird_Demo.v(160)
HDL-5007 WARNING: identifier 'sdram_rst_n' is used before its declaration in ../source/rtl/AngryBird_Demo.v(221)
HDL-5007 WARNING: identifier 'sdram_rst_n' is used before its declaration in ../source/rtl/AngryBird_Demo.v(222)
HDL-5007 WARNING: identifier 'camera_rstn' is used before its declaration in ../source/rtl/AngryBird_Demo.v(361)
HDL-1007 : analyze verilog file ../source/rtl/Display.v
HDL-5007 WARNING: 'custom1_3_bird1_rom_add' is already implicitly declared on line 247 in ../source/rtl/Display.v(259)
HDL-5007 WARNING: 'custom1_3_bird1_rom_data' is already implicitly declared on line 248 in ../source/rtl/Display.v(260)
HDL-5007 WARNING: 'custom1_3_bird2_rom_add' is already implicitly declared on line 255 in ../source/rtl/Display.v(261)
HDL-5007 WARNING: 'custom1_3_bird2_rom_data' is already implicitly declared on line 256 in ../source/rtl/Display.v(262)
HDL-5007 WARNING: parameter 'RED' becomes localparam in 'Display' with formal parameter declaration list in ../source/rtl/Display.v(68)
HDL-5007 WARNING: parameter 'GREEN' becomes localparam in 'Display' with formal parameter declaration list in ../source/rtl/Display.v(69)
HDL-5007 WARNING: parameter 'BLUE' becomes localparam in 'Display' with formal parameter declaration list in ../source/rtl/Display.v(70)
HDL-5007 WARNING: parameter 'WHITE' becomes localparam in 'Display' with formal parameter declaration list in ../source/rtl/Display.v(71)
HDL-5007 WARNING: parameter 'BLACK' becomes localparam in 'Display' with formal parameter declaration list in ../source/rtl/Display.v(72)
HDL-5007 WARNING: parameter 'YELLOW' becomes localparam in 'Display' with formal parameter declaration list in ../source/rtl/Display.v(73)
HDL-5007 WARNING: parameter 'CYAN' becomes localparam in 'Display' with formal parameter declaration list in ../source/rtl/Display.v(74)
HDL-5007 WARNING: parameter 'ROYAL' becomes localparam in 'Display' with formal parameter declaration list in ../source/rtl/Display.v(75)
HDL-5007 WARNING: parameter 'start_scene' becomes localparam in 'Display' with formal parameter declaration list in ../source/rtl/Display.v(78)
HDL-5007 WARNING: parameter 'custom1_scene' becomes localparam in 'Display' with formal parameter declaration list in ../source/rtl/Display.v(79)
HDL-5007 WARNING: parameter 'custom2_scene' becomes localparam in 'Display' with formal parameter declaration list in ../source/rtl/Display.v(80)
HDL-5007 WARNING: parameter 'custom3_scene' becomes localparam in 'Display' with formal parameter declaration list in ../source/rtl/Display.v(81)
HDL-5007 WARNING: parameter 'pause_scene' becomes localparam in 'Display' with formal parameter declaration list in ../source/rtl/Display.v(82)
HDL-5007 WARNING: parameter 'gameover_scene' becomes localparam in 'Display' with formal parameter declaration list in ../source/rtl/Display.v(83)
HDL-5007 WARNING: parameter 'method_scene' becomes localparam in 'Display' with formal parameter declaration list in ../source/rtl/Display.v(84)
HDL-5007 WARNING: parameter 'singlebird' becomes localparam in 'Display' with formal parameter declaration list in ../source/rtl/Display.v(87)
HDL-5007 WARNING: parameter 'doublebird' becomes localparam in 'Display' with formal parameter declaration list in ../source/rtl/Display.v(88)
HDL-5007 WARNING: parameter 'method' becomes localparam in 'Display' with formal parameter declaration list in ../source/rtl/Display.v(89)
HDL-5007 WARNING: parameter 'continuegame' becomes localparam in 'Display' with formal parameter declaration list in ../source/rtl/Display.v(92)
HDL-5007 WARNING: parameter 'quitgame' becomes localparam in 'Display' with formal parameter declaration list in ../source/rtl/Display.v(93)
HDL-5007 WARNING: parameter 'pausemethod' becomes localparam in 'Display' with formal parameter declaration list in ../source/rtl/Display.v(94)
HDL-5007 WARNING: parameter 'cam_length' becomes localparam in 'Display' with formal parameter declaration list in ../source/rtl/Display.v(208)
HDL-5007 WARNING: parameter 'cam_width' becomes localparam in 'Display' with formal parameter declaration list in ../source/rtl/Display.v(209)
HDL-5007 WARNING: parameter 'sobel_length' becomes localparam in 'Display' with formal parameter declaration list in ../source/rtl/Display.v(210)
HDL-5007 WARNING: parameter 'sobel_width' becomes localparam in 'Display' with formal parameter declaration list in ../source/rtl/Display.v(211)
HDL-5007 WARNING: parameter 'custom1_bird_length' becomes localparam in 'Display' with formal parameter declaration list in ../source/rtl/Display.v(212)
HDL-5007 WARNING: parameter 'custom1_bird_width' becomes localparam in 'Display' with formal parameter declaration list in ../source/rtl/Display.v(213)
HDL-5007 WARNING: parameter 'custom2_bird_length' becomes localparam in 'Display' with formal parameter declaration list in ../source/rtl/Display.v(214)
HDL-5007 WARNING: parameter 'custom2_bird_width' becomes localparam in 'Display' with formal parameter declaration list in ../source/rtl/Display.v(215)
HDL-5007 WARNING: parameter 'custom3_bird_length' becomes localparam in 'Display' with formal parameter declaration list in ../source/rtl/Display.v(216)
HDL-5007 WARNING: parameter 'custom3_bird_width' becomes localparam in 'Display' with formal parameter declaration list in ../source/rtl/Display.v(217)
HDL-5007 WARNING: parameter 'Obstacle_length' becomes localparam in 'Display' with formal parameter declaration list in ../source/rtl/Display.v(218)
HDL-5007 WARNING: parameter 'background_length' becomes localparam in 'Display' with formal parameter declaration list in ../source/rtl/Display.v(219)
HDL-5007 WARNING: parameter 'background_width' becomes localparam in 'Display' with formal parameter declaration list in ../source/rtl/Display.v(220)
HDL-5007 WARNING: parameter 'modebutton_length' becomes localparam in 'Display' with formal parameter declaration list in ../source/rtl/Display.v(221)
HDL-5007 WARNING: parameter 'modebutton_width' becomes localparam in 'Display' with formal parameter declaration list in ../source/rtl/Display.v(222)
HDL-5007 WARNING: parameter 'trianglebutton_length' becomes localparam in 'Display' with formal parameter declaration list in ../source/rtl/Display.v(223)
HDL-5007 WARNING: parameter 'trianglebutton_width' becomes localparam in 'Display' with formal parameter declaration list in ../source/rtl/Display.v(224)
HDL-5007 WARNING: identifier 'single_state' is used before its declaration in ../source/rtl/Display.v(322)
HDL-5007 WARNING: identifier 'double_state' is used before its declaration in ../source/rtl/Display.v(323)
HDL-5007 WARNING: identifier 'method_state' is used before its declaration in ../source/rtl/Display.v(324)
HDL-5007 WARNING: identifier 'custom1_bird1dead_en' is used before its declaration in ../source/rtl/Display.v(356)
HDL-5007 WARNING: identifier 'custom1_bird2dead_en' is used before its declaration in ../source/rtl/Display.v(363)
HDL-5007 WARNING: identifier 'custom2_bird1dead' is used before its declaration in ../source/rtl/Display.v(376)
HDL-5007 WARNING: identifier 'custom2_bird2dead' is used before its declaration in ../source/rtl/Display.v(383)
HDL-5007 WARNING: parameter 'speed0' becomes localparam in 'Display' with formal parameter declaration list in ../source/rtl/Display.v(489)
HDL-5007 WARNING: parameter 'speed1' becomes localparam in 'Display' with formal parameter declaration list in ../source/rtl/Display.v(490)
HDL-5007 WARNING: parameter 'speed2' becomes localparam in 'Display' with formal parameter declaration list in ../source/rtl/Display.v(491)
HDL-5007 WARNING: parameter 'speed3' becomes localparam in 'Display' with formal parameter declaration list in ../source/rtl/Display.v(492)
HDL-5007 WARNING: parameter 'speed4' becomes localparam in 'Display' with formal parameter declaration list in ../source/rtl/Display.v(493)
HDL-5007 WARNING: parameter 'speed5' becomes localparam in 'Display' with formal parameter declaration list in ../source/rtl/Display.v(494)
HDL-5007 WARNING: parameter 'score0' becomes localparam in 'Display' with formal parameter declaration list in ../source/rtl/Display.v(496)
HDL-5007 WARNING: parameter 'score1' becomes localparam in 'Display' with formal parameter declaration list in ../source/rtl/Display.v(497)
HDL-5007 WARNING: parameter 'score2' becomes localparam in 'Display' with formal parameter declaration list in ../source/rtl/Display.v(498)
HDL-5007 WARNING: parameter 'score3' becomes localparam in 'Display' with formal parameter declaration list in ../source/rtl/Display.v(499)
HDL-5007 WARNING: parameter 'score4' becomes localparam in 'Display' with formal parameter declaration list in ../source/rtl/Display.v(500)
HDL-5007 WARNING: parameter 'second_score' becomes localparam in 'Display' with formal parameter declaration list in ../source/rtl/Display.v(502)
HDL-5007 WARNING: parameter 'Obstacle_width0' becomes localparam in 'Display' with formal parameter declaration list in ../source/rtl/Display.v(506)
HDL-5007 WARNING: parameter 'Obstacle_width1' becomes localparam in 'Display' with formal parameter declaration list in ../source/rtl/Display.v(507)
HDL-5007 WARNING: parameter 'Obstacle_width2' becomes localparam in 'Display' with formal parameter declaration list in ../source/rtl/Display.v(508)
HDL-5007 WARNING: parameter 'Obstacle_width3' becomes localparam in 'Display' with formal parameter declaration list in ../source/rtl/Display.v(509)
HDL-5007 WARNING: parameter 'Obstacle_width4' becomes localparam in 'Display' with formal parameter declaration list in ../source/rtl/Display.v(510)
HDL-5007 WARNING: parameter 'Obstacle_width5' becomes localparam in 'Display' with formal parameter declaration list in ../source/rtl/Display.v(511)
HDL-5007 WARNING: identifier 'custom2_x_max' is used before its declaration in ../source/rtl/Display.v(745)
HDL-5007 WARNING: identifier 'custom2_y_max' is used before its declaration in ../source/rtl/Display.v(745)
HDL-5007 WARNING: identifier 'custom2_x_max' is used before its declaration in ../source/rtl/Display.v(758)
HDL-5007 WARNING: identifier 'custom2_y_max' is used before its declaration in ../source/rtl/Display.v(758)
HDL-5007 WARNING: parameter 'custom1_y_min' becomes localparam in 'Display' with formal parameter declaration list in ../source/rtl/Display.v(848)
HDL-5007 WARNING: parameter 'custom1_y_max' becomes localparam in 'Display' with formal parameter declaration list in ../source/rtl/Display.v(849)
HDL-5007 WARNING: parameter 'custom2_y_min' becomes localparam in 'Display' with formal parameter declaration list in ../source/rtl/Display.v(851)
HDL-5007 WARNING: parameter 'custom2_y_max' becomes localparam in 'Display' with formal parameter declaration list in ../source/rtl/Display.v(852)
HDL-5007 WARNING: parameter 'custom2_x_min' becomes localparam in 'Display' with formal parameter declaration list in ../source/rtl/Display.v(853)
HDL-5007 WARNING: parameter 'custom2_x_max' becomes localparam in 'Display' with formal parameter declaration list in ../source/rtl/Display.v(854)
HDL-5007 WARNING: parameter 'DEAD_THRESHOLD' becomes localparam in 'Display' with formal parameter declaration list in ../source/rtl/Display.v(1149)
HDL-1007 : analyze verilog file ../source/rtl/Driver.v
HDL-1007 : analyze verilog file ../source/rtl/I2C_init.v
HDL-1007 : analyze verilog file ../source/rtl/ov2640_init.v
HDL-1007 : analyze verilog file ../source/rtl/ov2640_read.v
HDL-1007 : analyze verilog file ../source/rtl/process.v
HDL-1007 : analyze verilog file ../source/rtl/top.v
HDL-1007 : analyze verilog file ../source/rtl/Top_Logic.v
HDL-1007 : analyze verilog file ../al_ip/PLL.v
HDL-1007 : analyze verilog file ../al_ip/sdram.v
HDL-1007 : analyze verilog file ../al_ip/fifo/ramfifo.v
HDL-1007 : analyze verilog file ../source/rtl/bcd_8421.v
HDL-1007 : analyze verilog file ../source/rtl/seg_dynamic.v
HDL-1007 : analyze verilog file ../source/rtl/BGMPlayer.v
HDL-5007 WARNING: identifier 'high' is used before its declaration in ../source/rtl/BGMPlayer.v(71)
HDL-5007 WARNING: identifier 'med' is used before its declaration in ../source/rtl/BGMPlayer.v(71)
HDL-5007 WARNING: identifier 'low' is used before its declaration in ../source/rtl/BGMPlayer.v(71)
HDL-1007 : analyze verilog file ../al_ip/clk6Mhz.v
HDL-1007 : analyze verilog file ../source/rtl/Sdram_Control_4Port/command.v
HDL-1007 : analyze included file ../source/rtl/Sdram_Control_4Port/Sdram_Params.h in ../source/rtl/Sdram_Control_4Port/command.v(27)
HDL-1007 : back to file '../source/rtl/Sdram_Control_4Port/command.v' in ../source/rtl/Sdram_Control_4Port/command.v(27)
HDL-1007 : analyze verilog file ../source/rtl/Sdram_Control_4Port/control_interface.v
HDL-1007 : analyze included file ../source/rtl/Sdram_Control_4Port/Sdram_Params.h in ../source/rtl/Sdram_Control_4Port/control_interface.v(21)
HDL-1007 : back to file '../source/rtl/Sdram_Control_4Port/control_interface.v' in ../source/rtl/Sdram_Control_4Port/control_interface.v(21)
HDL-1007 : analyze verilog file ../source/rtl/Sdram_Control_4Port/sdr_data_path.v
HDL-1007 : analyze included file ../source/rtl/Sdram_Control_4Port/Sdram_Params.h in ../source/rtl/Sdram_Control_4Port/sdr_data_path.v(10)
HDL-1007 : back to file '../source/rtl/Sdram_Control_4Port/sdr_data_path.v' in ../source/rtl/Sdram_Control_4Port/sdr_data_path.v(10)
HDL-1007 : analyze verilog file ../source/rtl/Sdram_Control_4Port/Sdram_Control_4Port.v
HDL-1007 : analyze included file ../source/rtl/Sdram_Control_4Port/Sdram_Params.h in ../source/rtl/Sdram_Control_4Port/Sdram_Control_4Port.v(49)
HDL-1007 : back to file '../source/rtl/Sdram_Control_4Port/Sdram_Control_4Port.v' in ../source/rtl/Sdram_Control_4Port/Sdram_Control_4Port.v(49)
HDL-1007 : analyze verilog file ../source/rtl/Sdram_Control_4Port/Sdram_RD_FIFO.v
HDL-1007 : analyze verilog file ../source/rtl/Sdram_Control_4Port/Sdram_WR_FIFO.v
HDL-1007 : analyze verilog file ../al_ip/bram_256_1bit.v
HDL-1007 : analyze verilog file ../al_ip/bram_256_8bit.v
HDL-1007 : analyze verilog file ../al_ip/hdmi_pll.v
HDL-1007 : analyze verilog file ../source/rtl/hdmi/asyn_rst_syn.v
HDL-1007 : analyze verilog file ../source/rtl/hdmi/dvi_encoder.v
HDL-1007 : analyze verilog file ../source/rtl/hdmi/dvi_transmitter_top.v
HDL-1007 : analyze verilog file ../source/rtl/hdmi/hdmi_top.v
HDL-5007 WARNING: redeclaration of ansi port 'hcnt' is not allowed in ../source/rtl/hdmi/hdmi_top.v(30)
HDL-5007 WARNING: 'hcnt' was previously declared with a range in ../source/rtl/hdmi/hdmi_top.v(30)
HDL-5007 WARNING: redeclaration of ansi port 'vcnt' is not allowed in ../source/rtl/hdmi/hdmi_top.v(31)
HDL-5007 WARNING: 'vcnt' was previously declared with a range in ../source/rtl/hdmi/hdmi_top.v(31)
HDL-1007 : analyze verilog file ../source/rtl/hdmi/serializer_10_to_1.v
HDL-1007 : analyze verilog file ../al_ip/ddio_out.v
HDL-1007 : analyze verilog file ../source/rtl/sd_ctrl_top/sd_init.v
HDL-1007 : analyze verilog file ../source/rtl/sd_ctrl_top/sd_read.v
HDL-1007 : analyze verilog file ../source/rtl/sd_ctrl_top/sd_write.v
HDL-1007 : analyze verilog file ../source/rtl/sdram_pingpang/fifo_ctrl.v
HDL-1007 : analyze verilog file ../source/rtl/sdram_pingpang/sdram_a_ref.v
HDL-1007 : analyze verilog file ../source/rtl/sdram_pingpang/sdram_arbit.v
HDL-1007 : analyze verilog file ../source/rtl/sdram_pingpang/sdram_ctrl.v
HDL-1007 : analyze verilog file ../source/rtl/sdram_pingpang/sdram_init.v
HDL-1007 : analyze verilog file ../source/rtl/sdram_pingpang/sdram_read.v
HDL-1007 : analyze verilog file ../source/rtl/sdram_pingpang/sdram_top.v
HDL-1007 : analyze verilog file ../source/rtl/sdram_pingpang/sdram_write.v
HDL-1007 : analyze verilog file ../source/rtl/sd_read_photo.v
HDL-1007 : analyze verilog file ../source/rtl/sd_ctrl_top/sd_ctrl.v
HDL-1007 : analyze verilog file ../source/rtl/camera_init_control.v
HDL-1007 : analyze verilog file ../source/rtl/camera_rd_synchro.v
HDL-1007 : analyze verilog file ../source/rtl/sdcard_rd_synchro.v
HDL-1007 : analyze verilog file ../source/rtl/Sobel_edge/vip_rgb_gray/vip_rgb_to_ycbcr_and_gary.v
HDL-1007 : analyze verilog file ../source/rtl/Sobel_edge/vip_sobel_edge/line_shift_ram_1bit.v
HDL-1007 : analyze verilog file ../source/rtl/Sobel_edge/vip_sobel_edge/line_shift_ram_8bit.v
HDL-1007 : analyze verilog file ../source/rtl/Sobel_edge/vip_sobel_edge/vip.v
HDL-5007 WARNING: redeclaration of ansi port 'sobel' is not allowed in ../source/rtl/Sobel_edge/vip_sobel_edge/vip.v(67)
HDL-1007 : analyze verilog file ../source/rtl/Sobel_edge/vip_sobel_edge/VIP_Bit_Dilation_Detector.v
HDL-5007 WARNING: identifier 'en' is used before its declaration in ../source/rtl/Sobel_edge/vip_sobel_edge/VIP_Bit_Dilation_Detector.v(117)
HDL-1007 : analyze verilog file ../source/rtl/Sobel_edge/vip_sobel_edge/VIP_Bit_Erosion_Detector.v
HDL-1007 : analyze verilog file ../source/rtl/Sobel_edge/vip_sobel_edge/vip_matrix_generate_3x3_1bit.v
HDL-1007 : analyze verilog file ../source/rtl/Sobel_edge/vip_sobel_edge/vip_matrix_generate_3x3_8bit.v
HDL-1007 : analyze verilog file ../source/rtl/Sobel_edge/vip_sobel_edge/VIP_RGB888_YCbCr444.v
HDL-1007 : analyze verilog file ../source/rtl/Sobel_edge/vip_sobel_edge/vip_sobel_edge_detector.v
HDL-1007 : analyze verilog file ../al_ip/double_mode.v
HDL-1007 : analyze verilog file ../al_ip/method_mode.v
HDL-1007 : analyze verilog file ../source/rtl/Sobel_edge/vip_rgb_gray/threshold_binary.v
HDL-1007 : analyze verilog file ../al_ip/custom1_bird1.v
HDL-1007 : analyze verilog file ../al_ip/custom1_bird2.v
HDL-1007 : analyze verilog file ../al_ip/custom2_bird1.v
HDL-1007 : analyze verilog file ../al_ip/custom2_bird2.v
HDL-1007 : analyze verilog file ../al_ip/single_mode.v
HDL-1007 : analyze verilog file ../source/rtl/OV5640/cmos_capture_data.v
HDL-1007 : analyze verilog file ../source/rtl/OV5640/i2c_dri.v
HDL-1007 : analyze verilog file ../source/rtl/OV5640/i2c_ov5640_rgb565_cfg.v
HDL-1007 : analyze verilog file ../al_ip/triangle.v
RUN-1001 : Project manager successfully analyzed 69 source files.
