============================================================
   Tang Dynasty, V5.0.30786
   Copyright:   Shanghai Anlogic Infotech Co., Ltd.
                2011 - 2021
   Executable = E:/fpgadream/Anlogic_TD/bin/td.exe
   Run by =     86132
   Run Date =   Thu Jul  6 22:15:35 2023

   Run on =     THE-END-OF-THE-
============================================================
ARC-1001 : Device Initialization.
ARC-1001 : ------------------------------------------------------------------
ARC-1001 :            OPTION            |          IO          |   SETTING   
ARC-1001 : ------------------------------------------------------------------
ARC-1001 :   cso_b/cclk/mosi/miso/dout  |  T3/R11/T10/P10/S11  |    gpio    
ARC-1001 :             done             |         P13          |    gpio    
ARC-1001 :           program_b          |          T2          |  dedicate  
ARC-1001 :        tdi/tms/tck/tdo       |   C12/A15/C14/E14    |  dedicate  
ARC-1001 : ------------------------------------------------------------------
ARC-1004 : Device setting, marked 5 dedicate IOs in total.
RUN-1001 : Print Global Property
RUN-1001 : -------------------------------------------------------
RUN-1001 :        Parameters        |  Settings  |  Default Values  
RUN-1001 : -------------------------------------------------------
RUN-1001 :          message         |  standard  |     standard     
RUN-1001 :   mixed_pack_place_flow  |     on     |        on        
RUN-1001 :        syn_ip_flow       |    off     |       off        
RUN-1001 :          thread          |    auto    |       auto       
RUN-1001 : -------------------------------------------------------
RUN-1001 : Print Design Property
RUN-1001 : ------------------------------------------------------
RUN-1001 :        Parameters       |  Settings  |  Default Values  
RUN-1001 : ------------------------------------------------------
RUN-1001 :        infer_add        |     on     |        on        
RUN-1001 :        infer_fsm        |    off     |       off        
RUN-1001 :        infer_mult       |     on     |        on        
RUN-1001 :        infer_ram        |     on     |        on        
RUN-1001 :        infer_reg        |     on     |        on        
RUN-1001 :   infer_reg_init_value  |     on     |        on        
RUN-1001 :        infer_rom        |     on     |        on        
RUN-1001 :      infer_shifter      |    off     |       off        
RUN-1001 :         map_dram        |    auto    |       auto       
RUN-1001 : ------------------------------------------------------
RUN-1001 : Print Rtl Property
RUN-1001 : ------------------------------------------------------
RUN-1001 :        Parameters       |  Settings  |  Default Values  
RUN-1001 : ------------------------------------------------------
RUN-1001 :       compress_add      |   ripple   |      ripple      
RUN-1001 :        elf_sload        |    off     |       off        
RUN-1001 :       fix_undriven      |     0      |        0         
RUN-1001 :         flatten         |    off     |       off        
RUN-1001 :       gate_sharing      |     on     |        on        
RUN-1001 :    hdl_warning_level    |   normal   |      normal      
RUN-1001 :   impl_internal_tribuf  |     on     |        on        
RUN-1001 :      impl_set_reset     |     on     |        on        
RUN-1001 :        infer_gsr        |    off     |       off        
RUN-1001 :      keep_hierarchy     |    auto    |       auto       
RUN-1001 :        max_fanout       |    9999    |       9999       
RUN-1001 :      max_oh2bin_len     |     10     |        10        
RUN-1001 :       merge_equal       |     on     |        on        
RUN-1001 :       merge_equiv       |     on     |        on        
RUN-1001 :        merge_mux        |    off     |       off        
RUN-1001 :      min_ce_fanout      |     16     |        16        
RUN-1001 :      min_ripple_len     |    auto    |       auto       
RUN-1001 :       oh2bin_ratio      |    0.08    |       0.08       
RUN-1001 :     opt_adder_fanout    |     on     |        on        
RUN-1001 :        opt_arith        |     on     |        on        
RUN-1001 :       opt_big_gate      |    off     |       off        
RUN-1001 :        opt_const        |     on     |        on        
RUN-1001 :      opt_const_mult     |     on     |        on        
RUN-1001 :       opt_lessthan      |     on     |        on        
RUN-1001 :         opt_mux         |    off     |       off        
RUN-1001 :         opt_ram         |    high    |       high       
RUN-1001 :      rtl_sim_model      |    off     |       off        
RUN-1001 :         seq_syn         |     on     |        on        
RUN-1001 : ------------------------------------------------------
HDL-1007 : analyze verilog file shell_go.v
RUN-1001 : Print Global Property
RUN-1001 : -------------------------------------------------------
RUN-1001 :        Parameters        |  Settings  |  Default Values  
RUN-1001 : -------------------------------------------------------
RUN-1001 :          message         |  standard  |     standard     
RUN-1001 :   mixed_pack_place_flow  |     on     |        on        
RUN-1001 :        syn_ip_flow       |    off     |       off        
RUN-1001 :          thread          |    auto    |       auto       
RUN-1001 : -------------------------------------------------------
RUN-1001 : Print Design Property
RUN-1001 : ------------------------------------------------------
RUN-1001 :        Parameters       |  Settings  |  Default Values  
RUN-1001 : ------------------------------------------------------
RUN-1001 :        infer_add        |     on     |        on        
RUN-1001 :        infer_fsm        |    off     |       off        
RUN-1001 :        infer_mult       |     on     |        on        
RUN-1001 :        infer_ram        |     on     |        on        
RUN-1001 :        infer_reg        |     on     |        on        
RUN-1001 :   infer_reg_init_value  |     on     |        on        
RUN-1001 :        infer_rom        |     on     |        on        
RUN-1001 :      infer_shifter      |    off     |       off        
RUN-1001 :         map_dram        |    auto    |       auto       
RUN-1001 : ------------------------------------------------------
RUN-1001 : Print Rtl Property
RUN-1001 : ------------------------------------------------------
RUN-1001 :        Parameters       |  Settings  |  Default Values  
RUN-1001 : ------------------------------------------------------
RUN-1001 :       compress_add      |   ripple   |      ripple      
RUN-1001 :        elf_sload        |    off     |       off        
RUN-1001 :       fix_undriven      |     0      |        0         
RUN-1001 :         flatten         |    off     |       off        
RUN-1001 :       gate_sharing      |     on     |        on        
RUN-1001 :    hdl_warning_level    |   normal   |      normal      
RUN-1001 :   impl_internal_tribuf  |     on     |        on        
RUN-1001 :      impl_set_reset     |     on     |        on        
RUN-1001 :        infer_gsr        |    off     |       off        
RUN-1001 :      keep_hierarchy     |    auto    |       auto       
RUN-1001 :        max_fanout       |    9999    |       9999       
RUN-1001 :      max_oh2bin_len     |     10     |        10        
RUN-1001 :       merge_equal       |     on     |        on        
RUN-1001 :       merge_equiv       |     on     |        on        
RUN-1001 :        merge_mux        |    off     |       off        
RUN-1001 :      min_ce_fanout      |     16     |        16        
RUN-1001 :      min_ripple_len     |    auto    |       auto       
RUN-1001 :       oh2bin_ratio      |    0.08    |       0.08       
RUN-1001 :     opt_adder_fanout    |     on     |        on        
RUN-1001 :        opt_arith        |     on     |        on        
RUN-1001 :       opt_big_gate      |    off     |       off        
RUN-1001 :        opt_const        |     on     |        on        
RUN-1001 :      opt_const_mult     |     on     |        on        
RUN-1001 :       opt_lessthan      |     on     |        on        
RUN-1001 :         opt_mux         |    off     |       off        
RUN-1001 :         opt_ram         |    high    |       high       
RUN-1001 :      rtl_sim_model      |    off     |       off        
RUN-1001 :         seq_syn         |     on     |        on        
RUN-1001 : ------------------------------------------------------
HDL-1007 : analyze verilog file shell_go.v
RUN-1002 : start command "elaborate -top shell_go"
RUN-1001 : Print Design Property
RUN-1001 : ------------------------------------------------------
RUN-1001 :        Parameters       |  Settings  |  Default Values  
RUN-1001 : ------------------------------------------------------
RUN-1001 :        infer_add        |     on     |        on        
RUN-1001 :        infer_fsm        |    off     |       off        
RUN-1001 :        infer_mult       |     on     |        on        
RUN-1001 :        infer_ram        |     on     |        on        
RUN-1001 :        infer_reg        |     on     |        on        
RUN-1001 :   infer_reg_init_value  |     on     |        on        
RUN-1001 :        infer_rom        |     on     |        on        
RUN-1001 :      infer_shifter      |    off     |       off        
RUN-1001 :         map_dram        |    auto    |       auto       
RUN-1001 : ------------------------------------------------------
RUN-1001 : Print Rtl Property
RUN-1001 : ------------------------------------------------------
RUN-1001 :        Parameters       |  Settings  |  Default Values  
RUN-1001 : ------------------------------------------------------
RUN-1001 :       compress_add      |   ripple   |      ripple      
RUN-1001 :        elf_sload        |    off     |       off        
RUN-1001 :       fix_undriven      |     0      |        0         
RUN-1001 :         flatten         |    off     |       off        
RUN-1001 :       gate_sharing      |     on     |        on        
RUN-1001 :    hdl_warning_level    |   normal   |      normal      
RUN-1001 :   impl_internal_tribuf  |     on     |        on        
RUN-1001 :      impl_set_reset     |     on     |        on        
RUN-1001 :        infer_gsr        |    off     |       off        
RUN-1001 :      keep_hierarchy     |    auto    |       auto       
RUN-1001 :        max_fanout       |    9999    |       9999       
RUN-1001 :      max_oh2bin_len     |     10     |        10        
RUN-1001 :       merge_equal       |     on     |        on        
RUN-1001 :       merge_equiv       |     on     |        on        
RUN-1001 :        merge_mux        |    off     |       off        
RUN-1001 :      min_ce_fanout      |     16     |        16        
RUN-1001 :      min_ripple_len     |    auto    |       auto       
RUN-1001 :       oh2bin_ratio      |    0.08    |       0.08       
RUN-1001 :     opt_adder_fanout    |     on     |        on        
RUN-1001 :        opt_arith        |     on     |        on        
RUN-1001 :       opt_big_gate      |    off     |       off        
RUN-1001 :        opt_const        |     on     |        on        
RUN-1001 :      opt_const_mult     |     on     |        on        
RUN-1001 :       opt_lessthan      |     on     |        on        
RUN-1001 :         opt_mux         |    off     |       off        
RUN-1001 :         opt_ram         |    high    |       high       
RUN-1001 :      rtl_sim_model      |    off     |       off        
RUN-1001 :         seq_syn         |     on     |        on        
RUN-1001 : ------------------------------------------------------
RUN-1001 : Print Global Property
RUN-1001 : -------------------------------------------------------
RUN-1001 :        Parameters        |  Settings  |  Default Values  
RUN-1001 : -------------------------------------------------------
RUN-1001 :          message         |  standard  |     standard     
RUN-1001 :   mixed_pack_place_flow  |     on     |        on        
RUN-1001 :        syn_ip_flow       |    off     |       off        
RUN-1001 :          thread          |    auto    |       auto       
RUN-1001 : -------------------------------------------------------
RUN-1001 : Print Design Property
RUN-1001 : ------------------------------------------------------
RUN-1001 :        Parameters       |  Settings  |  Default Values  
RUN-1001 : ------------------------------------------------------
RUN-1001 :        infer_add        |     on     |        on        
RUN-1001 :        infer_fsm        |    off     |       off        
RUN-1001 :        infer_mult       |     on     |        on        
RUN-1001 :        infer_ram        |     on     |        on        
RUN-1001 :        infer_reg        |     on     |        on        
RUN-1001 :   infer_reg_init_value  |     on     |        on        
RUN-1001 :        infer_rom        |     on     |        on        
RUN-1001 :      infer_shifter      |    off     |       off        
RUN-1001 :         map_dram        |    auto    |       auto       
RUN-1001 : ------------------------------------------------------
HDL-1007 : elaborate module shell_go in shell_go.v(1)
HDL-1200 : Current top model is shell_go
HDL-1100 : Inferred 0 RAMs.
GUI-5001 WARNING: Found no ADC files
RUN-1002 : start command "optimize_rtl"
RUN-1001 : Open license file E:/fpgadream/Anlogic_TD/license/Anlogic.lic
RUN-1001 : Print Rtl Property
RUN-1001 : ------------------------------------------------------
RUN-1001 :        Parameters       |  Settings  |  Default Values  
RUN-1001 : ------------------------------------------------------
RUN-1001 :       compress_add      |   ripple   |      ripple      
RUN-1001 :        elf_sload        |    off     |       off        
RUN-1001 :       fix_undriven      |     0      |        0         
RUN-1001 :         flatten         |    off     |       off        
RUN-1001 :       gate_sharing      |     on     |        on        
RUN-1001 :    hdl_warning_level    |   normal   |      normal      
RUN-1001 :   impl_internal_tribuf  |     on     |        on        
RUN-1001 :      impl_set_reset     |     on     |        on        
RUN-1001 :        infer_gsr        |    off     |       off        
RUN-1001 :      keep_hierarchy     |    auto    |       auto       
RUN-1001 :        max_fanout       |    9999    |       9999       
RUN-1001 :      max_oh2bin_len     |     10     |        10        
RUN-1001 :       merge_equal       |     on     |        on        
RUN-1001 :       merge_equiv       |     on     |        on        
RUN-1001 :        merge_mux        |    off     |       off        
RUN-1001 :      min_ce_fanout      |     16     |        16        
RUN-1001 :      min_ripple_len     |    auto    |       auto       
RUN-1001 :       oh2bin_ratio      |    0.08    |       0.08       
RUN-1001 :     opt_adder_fanout    |     on     |        on        
RUN-1001 :        opt_arith        |     on     |        on        
RUN-1001 :       opt_big_gate      |    off     |       off        
RUN-1001 :        opt_const        |     on     |        on        
RUN-1001 :      opt_const_mult     |     on     |        on        
RUN-1001 :       opt_lessthan      |     on     |        on        
RUN-1001 :         opt_mux         |    off     |       off        
RUN-1001 :         opt_ram         |    high    |       high       
RUN-1001 :      rtl_sim_model      |    off     |       off        
RUN-1001 :         seq_syn         |     on     |        on        
RUN-1001 : ------------------------------------------------------
SYN-1012 : SanityCheck: Model "shell_go"
SYN-1011 : Flatten model shell_go
SYN-1014 : Optimize round 1
SYN-1032 : 1618/16 useful/useless nets, 1262/0 useful/useless insts
SYN-1020 : Optimized 352 distributor mux.
SYN-1016 : Merged 672 instances.
SYN-1015 : Optimize round 1, 1448 better
SYN-1014 : Optimize round 2
SYN-1032 : 1289/0 useful/useless nets, 933/352 useful/useless insts
SYN-1017 : Remove 8 const input seq instances
SYN-1002 :     reg10_b0
SYN-1002 :     reg11_b0
SYN-1002 :     reg13_b0
SYN-1002 :     reg15_b0
SYN-1002 :     reg17_b0
SYN-1002 :     reg4_b0
SYN-1002 :     reg6_b0
SYN-1002 :     reg8_b0
SYN-1015 : Optimize round 2, 373 better
SYN-1014 : Optimize round 3
SYN-1015 : Optimize round 3, 0 better
RUN-1002 : start command "td_mkdir simulation"
RUN-1002 : start command "report_area -file shell_test_rtl.area"
RUN-1001 : standard
***Report Model: shell_go***

IO Statistics
#IO                       413
  #input                   37
  #output                 376
  #inout                    0

Gate Statistics
#Basic gates              831
  #and                     32
  #nand                     0
  #or                      15
  #nor                      0
  #xor                      0
  #xnor                     0
  #buf                      0
  #not                     16
  #bufif1                   0
  #MX21                   400
  #FADD                     0
  #DFF                    368
  #LATCH                    0
#MACRO_ADD                 33
#MACRO_EQ                  43
#MACRO_MUX                 16

Report Hierarchy Area:
+-------------------------------------------+
|Instance |Module   |gates  |seq    |macros |
+-------------------------------------------+
|top      |shell_go |463    |368    |76     |
+-------------------------------------------+

RUN-1002 : start command "export_db shell_test_rtl.db"
RUN-1001 : Exported /
RUN-1001 : Exported libs
RUN-1001 : Exported entities
RUN-1001 : Exported ports
RUN-1001 : Exported pins
RUN-1001 : Exported instances
RUN-1001 : Exported nets
RUN-1001 : Exported buses
RUN-1001 : Exported models
RUN-1001 : Exported congestions
RUN-1001 : Exported violations
RUN-1001 : Exported IO constraints
RUN-1001 : Exported Inst constraints
RUN-1001 : Exported flow parameters
RUN-1002 : start command "optimize_gate -maparea shell_test_gate.area"
RUN-1001 : Open license file E:/fpgadream/Anlogic_TD/license/Anlogic.lic
RUN-1001 : Print Gate Property
RUN-1001 : ----------------------------------------------------------
RUN-1001 :          Parameters         |  Settings  |  Default Values  
RUN-1001 : ----------------------------------------------------------
RUN-1001 :        auto_partition       |    fine    |       fine       
RUN-1001 :         cascade_dsp         |    off     |       off        
RUN-1001 :         cascade_eram        |     on     |        on        
RUN-1001 :        gate_sim_model       |    off     |       off        
RUN-1001 :        map_sim_model        |    off     |       off        
RUN-1001 :           opt_area          |   medium   |      medium      
RUN-1001 :          opt_timing         |    auto    |       auto       
RUN-1001 :         pack_effort         |   medium   |      medium      
RUN-1001 :      pack_lslice_ripple     |     on     |        on        
RUN-1001 :   pack_lslice_ripple_ratio  |    0.5     |       0.5        
RUN-1001 :        pack_seq_in_io       |     on     |        on        
RUN-1001 :        ph1_mux_ratio        |    1.0     |       1.0        
RUN-1001 :            report           |  standard  |     standard     
RUN-1001 : ----------------------------------------------------------
SYN-2001 : Map 413 IOs to PADs
SYN-2501 : Processed 0 LOGIC_BUF instances.
SYN-2571 : Optimize after map_dsp, round 1
SYN-1032 : 1670/32 useful/useless nets, 1339/0 useful/useless insts
SYN-2571 : Optimize after map_dsp, round 1, 0 better
SYN-2501 : Optimize round 1
SYN-1016 : Merged 71 instances.
SYN-2501 : Optimize round 1, 411 better
SYN-2501 : Optimize round 2
SYN-2501 : Optimize round 2, 0 better
SYN-2501 : Map 33 macro adder
SYN-1016 : Merged 53 instances.
SYN-1032 : 2333/10 useful/useless nets, 2020/0 useful/useless insts
SYN-3004 : Optimized 8 const0 DFF(s)
SYN-1032 : 2675/16 useful/useless nets, 2362/16 useful/useless insts
SYN-1032 : 2280/37 useful/useless nets, 1967/37 useful/useless insts
SYN-3001 : Running gate level optimization.
SYN-2581 : Mapping with K=5, #lut = 457 (2.48), #lev = 5 (3.99)
SYN-2551 : Post LUT mapping optimization.
SYN-2581 : Mapping with K=5, #lut = 452 (2.48), #lev = 6 (4.07)
SYN-3001 : Logic optimization runtime opt =   0.04 sec, map =   0.00 sec
SYN-3001 : Mapper mapped 824 instances into 452 LUTs, name keeping = 81%.
RUN-1002 : start command "report_area -file shell_test_gate.area"
RUN-1001 : standard
***Report Model: shell_go***

IO Statistics
#IO                       413
  #input                   37
  #output                 376
  #inout                    0

LUT Statistics
#Total_luts               829
  #lut4                   435
  #lut5                    17
  #lut6                     0
  #lut5_mx41                0
  #lut4_alu1b             377

Utilization Statistics
#lut                      829   out of  19600    4.23%
#reg                      350   out of  19600    1.79%
#le                         0
#dsp                        0   out of     29    0.00%
#bram                       0   out of     64    0.00%
  #bram9k                   0
  #fifo9k                   0
#bram32k                    0   out of     16    0.00%
#pad                      413   out of    188  219.68%
  #ireg                     0
  #oreg                     0
  #treg                     0
#pll                        0   out of      4    0.00%

Report Hierarchy Area:
+-----------------------------------------------------------+
|Instance |Module   |lut    |ripple |seq    |bram   |dsp    |
+-----------------------------------------------------------+
|top      |shell_go |452    |377    |350    |0      |0      |
+-----------------------------------------------------------+

SYN-1001 : Packing model "shell_go" ...
SYN-4010 : Pack lib has 44 rtl pack models with 17 top pack blocks
SYN-1014 : Optimize round 1
SYN-1015 : Optimize round 1, 0 better
SYN-4002 : Packing 350 DFF/LATCH to SEQ ...
SYN-4009 : Pack 16 carry chain into lslice
SYN-4007 : Packing 185 adder to BLE ...
SYN-4008 : Packed 185 adder and 0 SEQ to BLE.
SYN-4007 : Packing 0 gate4 to BLE ...
SYN-4008 : Packed 0 gate4 and 0 SEQ to BLE.
SYN-4012 : Packed 0 FxMUX
RUN-1003 : finish command "optimize_gate -maparea shell_test_gate.area" in  1.537895s wall, 1.546875s user + 0.140625s system = 1.687500s CPU (109.7%)

RUN-1004 : used memory is 1119 MB, reserved memory is 1214 MB, peak memory is 2510 MB
RUN-1002 : start command "legalize_phy_inst"
SYN-1011 : Flatten model shell_go
RUN-1002 : start command "export_db shell_test_gate.db"
RUN-1001 : Exported /
RUN-1001 : Exported libs
RUN-1001 : Exported entities
RUN-1001 : Exported ports
RUN-1001 : Exported pins
RUN-1001 : Exported instances
RUN-1001 : Exported nets
RUN-1001 : Exported buses
RUN-1001 : Exported models
RUN-1001 : Exported congestions
RUN-1001 : Exported violations
RUN-1001 : Exported IO constraints
RUN-1001 : Exported Inst constraints
RUN-1001 : Exported flow parameters
RUN-1002 : start command "place"
RUN-1001 : Open license file E:/fpgadream/Anlogic_TD/license/Anlogic.lic
RUN-1001 : Print Place Property
RUN-1001 : ------------------------------------------------
RUN-1001 :     Parameters    |  Settings  |  Default Values  
RUN-1001 : ------------------------------------------------
RUN-1001 :   detailed_place  |     on     |        on        
RUN-1001 :       effort      |   medium   |      medium      
RUN-1001 :     opt_timing    |   medium   |      medium      
RUN-1001 :    pr_strategy    |     1      |        1         
RUN-1001 :     relaxation    |    1.00    |       1.00       
RUN-1001 :      retiming     |    off     |       off        
RUN-1001 : ------------------------------------------------
RUN-1002 : start command "set_param place timing_factor 2.5"
RUN-1002 : start command "set_param route tactics length"
RUN-1002 : start command "set_param route least_critical_net_perc 20"
RUN-1002 : start command "set_param route most_critical_net_perc 60"
PHY-3001 : Placer runs in 12 thread(s).
SYN-4024 : Net "clk_125hz_pad" drive clk pins.
SYN-4025 : Tag rtl::Net clk_125hz_pad as clock net
SYN-4026 : Tagged 1 rtl::Net as clock net
PHY-1001 : Populate physical database on model shell_go.
RUN-1001 : There are total 1367 instances
RUN-1001 : 452 luts, 350 seqs, 101 mslices, 48 lslices, 413 pads, 0 brams, 0 dsps
RUN-1001 : There are total 1680 nets
RUN-1001 : 1265 nets have 2 pins
RUN-1001 : 372 nets have [3 - 5] pins
RUN-1001 : 22 nets have [6 - 10] pins
RUN-1001 : 3 nets have [11 - 20] pins
RUN-1001 : 15 nets have [21 - 99] pins
RUN-1001 : 3 nets have 100+ pins
PHY-9016 ERROR: Design's pad number = 413, exceeds the limit 188.
RUN-1001 : Print Global Property
RUN-1001 : -------------------------------------------------------
RUN-1001 :        Parameters        |  Settings  |  Default Values  
RUN-1001 : -------------------------------------------------------
RUN-1001 :          message         |  standard  |     standard     
RUN-1001 :   mixed_pack_place_flow  |     on     |        on        
RUN-1001 :        syn_ip_flow       |    off     |       off        
RUN-1001 :          thread          |    auto    |       auto       
RUN-1001 : -------------------------------------------------------
RUN-1001 : Print Design Property
RUN-1001 : ------------------------------------------------------
RUN-1001 :        Parameters       |  Settings  |  Default Values  
RUN-1001 : ------------------------------------------------------
RUN-1001 :        infer_add        |     on     |        on        
RUN-1001 :        infer_fsm        |    off     |       off        
RUN-1001 :        infer_mult       |     on     |        on        
RUN-1001 :        infer_ram        |     on     |        on        
RUN-1001 :        infer_reg        |     on     |        on        
RUN-1001 :   infer_reg_init_value  |     on     |        on        
RUN-1001 :        infer_rom        |     on     |        on        
RUN-1001 :      infer_shifter      |    off     |       off        
RUN-1001 :         map_dram        |    auto    |       auto       
RUN-1001 : ------------------------------------------------------
RUN-1001 : Print Rtl Property
RUN-1001 : ------------------------------------------------------
RUN-1001 :        Parameters       |  Settings  |  Default Values  
RUN-1001 : ------------------------------------------------------
RUN-1001 :       compress_add      |   ripple   |      ripple      
RUN-1001 :        elf_sload        |    off     |       off        
RUN-1001 :       fix_undriven      |     0      |        0         
RUN-1001 :         flatten         |    off     |       off        
RUN-1001 :       gate_sharing      |     on     |        on        
RUN-1001 :    hdl_warning_level    |   normal   |      normal      
RUN-1001 :   impl_internal_tribuf  |     on     |        on        
RUN-1001 :      impl_set_reset     |     on     |        on        
RUN-1001 :        infer_gsr        |    off     |       off        
RUN-1001 :      keep_hierarchy     |    auto    |       auto       
RUN-1001 :        max_fanout       |    9999    |       9999       
RUN-1001 :      max_oh2bin_len     |     10     |        10        
RUN-1001 :       merge_equal       |     on     |        on        
RUN-1001 :       merge_equiv       |     on     |        on        
RUN-1001 :        merge_mux        |    off     |       off        
RUN-1001 :      min_ce_fanout      |     16     |        16        
RUN-1001 :      min_ripple_len     |    auto    |       auto       
RUN-1001 :       oh2bin_ratio      |    0.08    |       0.08       
RUN-1001 :     opt_adder_fanout    |     on     |        on        
RUN-1001 :        opt_arith        |     on     |        on        
RUN-1001 :       opt_big_gate      |    off     |       off        
RUN-1001 :        opt_const        |     on     |        on        
RUN-1001 :      opt_const_mult     |     on     |        on        
RUN-1001 :       opt_lessthan      |     on     |        on        
RUN-1001 :         opt_mux         |    off     |       off        
RUN-1001 :         opt_ram         |    high    |       high       
RUN-1001 :      rtl_sim_model      |    off     |       off        
RUN-1001 :         seq_syn         |     on     |        on        
RUN-1001 : ------------------------------------------------------
HDL-1007 : analyze verilog file shell_go.v
RUN-1001 : Print Global Property
RUN-1001 : -------------------------------------------------------
RUN-1001 :        Parameters        |  Settings  |  Default Values  
RUN-1001 : -------------------------------------------------------
RUN-1001 :          message         |  standard  |     standard     
RUN-1001 :   mixed_pack_place_flow  |     on     |        on        
RUN-1001 :        syn_ip_flow       |    off     |       off        
RUN-1001 :          thread          |    auto    |       auto       
RUN-1001 : -------------------------------------------------------
RUN-1001 : Print Design Property
RUN-1001 : ------------------------------------------------------
RUN-1001 :        Parameters       |  Settings  |  Default Values  
RUN-1001 : ------------------------------------------------------
RUN-1001 :        infer_add        |     on     |        on        
RUN-1001 :        infer_fsm        |    off     |       off        
RUN-1001 :        infer_mult       |     on     |        on        
RUN-1001 :        infer_ram        |     on     |        on        
RUN-1001 :        infer_reg        |     on     |        on        
RUN-1001 :   infer_reg_init_value  |     on     |        on        
RUN-1001 :        infer_rom        |     on     |        on        
RUN-1001 :      infer_shifter      |    off     |       off        
RUN-1001 :         map_dram        |    auto    |       auto       
RUN-1001 : ------------------------------------------------------
RUN-1001 : Print Rtl Property
RUN-1001 : ------------------------------------------------------
RUN-1001 :        Parameters       |  Settings  |  Default Values  
RUN-1001 : ------------------------------------------------------
RUN-1001 :       compress_add      |   ripple   |      ripple      
RUN-1001 :        elf_sload        |    off     |       off        
RUN-1001 :       fix_undriven      |     0      |        0         
RUN-1001 :         flatten         |    off     |       off        
RUN-1001 :       gate_sharing      |     on     |        on        
RUN-1001 :    hdl_warning_level    |   normal   |      normal      
RUN-1001 :   impl_internal_tribuf  |     on     |        on        
RUN-1001 :      impl_set_reset     |     on     |        on        
RUN-1001 :        infer_gsr        |    off     |       off        
RUN-1001 :      keep_hierarchy     |    auto    |       auto       
RUN-1001 :        max_fanout       |    9999    |       9999       
RUN-1001 :      max_oh2bin_len     |     10     |        10        
RUN-1001 :       merge_equal       |     on     |        on        
RUN-1001 :       merge_equiv       |     on     |        on        
RUN-1001 :        merge_mux        |    off     |       off        
RUN-1001 :      min_ce_fanout      |     16     |        16        
RUN-1001 :      min_ripple_len     |    auto    |       auto       
RUN-1001 :       oh2bin_ratio      |    0.08    |       0.08       
RUN-1001 :     opt_adder_fanout    |     on     |        on        
RUN-1001 :        opt_arith        |     on     |        on        
RUN-1001 :       opt_big_gate      |    off     |       off        
RUN-1001 :        opt_const        |     on     |        on        
RUN-1001 :      opt_const_mult     |     on     |        on        
RUN-1001 :       opt_lessthan      |     on     |        on        
RUN-1001 :         opt_mux         |    off     |       off        
RUN-1001 :         opt_ram         |    high    |       high       
RUN-1001 :      rtl_sim_model      |    off     |       off        
RUN-1001 :         seq_syn         |     on     |        on        
RUN-1001 : ------------------------------------------------------
HDL-1007 : analyze verilog file shell_go.v
RUN-1002 : start command "elaborate -top shell_go"
RUN-1001 : Print Design Property
RUN-1001 : ------------------------------------------------------
RUN-1001 :        Parameters       |  Settings  |  Default Values  
RUN-1001 : ------------------------------------------------------
RUN-1001 :        infer_add        |     on     |        on        
RUN-1001 :        infer_fsm        |    off     |       off        
RUN-1001 :        infer_mult       |     on     |        on        
RUN-1001 :        infer_ram        |     on     |        on        
RUN-1001 :        infer_reg        |     on     |        on        
RUN-1001 :   infer_reg_init_value  |     on     |        on        
RUN-1001 :        infer_rom        |     on     |        on        
RUN-1001 :      infer_shifter      |    off     |       off        
RUN-1001 :         map_dram        |    auto    |       auto       
RUN-1001 : ------------------------------------------------------
RUN-1001 : Print Rtl Property
RUN-1001 : ------------------------------------------------------
RUN-1001 :        Parameters       |  Settings  |  Default Values  
RUN-1001 : ------------------------------------------------------
RUN-1001 :       compress_add      |   ripple   |      ripple      
RUN-1001 :        elf_sload        |    off     |       off        
RUN-1001 :       fix_undriven      |     0      |        0         
RUN-1001 :         flatten         |    off     |       off        
RUN-1001 :       gate_sharing      |     on     |        on        
RUN-1001 :    hdl_warning_level    |   normal   |      normal      
RUN-1001 :   impl_internal_tribuf  |     on     |        on        
RUN-1001 :      impl_set_reset     |     on     |        on        
RUN-1001 :        infer_gsr        |    off     |       off        
RUN-1001 :      keep_hierarchy     |    auto    |       auto       
RUN-1001 :        max_fanout       |    9999    |       9999       
RUN-1001 :      max_oh2bin_len     |     10     |        10        
RUN-1001 :       merge_equal       |     on     |        on        
RUN-1001 :       merge_equiv       |     on     |        on        
RUN-1001 :        merge_mux        |    off     |       off        
RUN-1001 :      min_ce_fanout      |     16     |        16        
RUN-1001 :      min_ripple_len     |    auto    |       auto       
RUN-1001 :       oh2bin_ratio      |    0.08    |       0.08       
RUN-1001 :     opt_adder_fanout    |     on     |        on        
RUN-1001 :        opt_arith        |     on     |        on        
RUN-1001 :       opt_big_gate      |    off     |       off        
RUN-1001 :        opt_const        |     on     |        on        
RUN-1001 :      opt_const_mult     |     on     |        on        
RUN-1001 :       opt_lessthan      |     on     |        on        
RUN-1001 :         opt_mux         |    off     |       off        
RUN-1001 :         opt_ram         |    high    |       high       
RUN-1001 :      rtl_sim_model      |    off     |       off        
RUN-1001 :         seq_syn         |     on     |        on        
RUN-1001 : ------------------------------------------------------
RUN-1001 : Print Global Property
RUN-1001 : -------------------------------------------------------
RUN-1001 :        Parameters        |  Settings  |  Default Values  
RUN-1001 : -------------------------------------------------------
RUN-1001 :          message         |  standard  |     standard     
RUN-1001 :   mixed_pack_place_flow  |     on     |        on        
RUN-1001 :        syn_ip_flow       |    off     |       off        
RUN-1001 :          thread          |    auto    |       auto       
RUN-1001 : -------------------------------------------------------
RUN-1001 : Print Design Property
RUN-1001 : ------------------------------------------------------
RUN-1001 :        Parameters       |  Settings  |  Default Values  
RUN-1001 : ------------------------------------------------------
RUN-1001 :        infer_add        |     on     |        on        
RUN-1001 :        infer_fsm        |    off     |       off        
RUN-1001 :        infer_mult       |     on     |        on        
RUN-1001 :        infer_ram        |     on     |        on        
RUN-1001 :        infer_reg        |     on     |        on        
RUN-1001 :   infer_reg_init_value  |     on     |        on        
RUN-1001 :        infer_rom        |     on     |        on        
RUN-1001 :      infer_shifter      |    off     |       off        
RUN-1001 :         map_dram        |    auto    |       auto       
RUN-1001 : ------------------------------------------------------
HDL-1007 : elaborate module shell_go in shell_go.v(1)
HDL-1200 : Current top model is shell_go
HDL-1100 : Inferred 0 RAMs.
GUI-5001 WARNING: Found no ADC files
RUN-1002 : start command "optimize_rtl"
RUN-1001 : Open license file E:/fpgadream/Anlogic_TD/license/Anlogic.lic
RUN-1001 : Print Rtl Property
RUN-1001 : ------------------------------------------------------
RUN-1001 :        Parameters       |  Settings  |  Default Values  
RUN-1001 : ------------------------------------------------------
RUN-1001 :       compress_add      |   ripple   |      ripple      
RUN-1001 :        elf_sload        |    off     |       off        
RUN-1001 :       fix_undriven      |     0      |        0         
RUN-1001 :         flatten         |    off     |       off        
RUN-1001 :       gate_sharing      |     on     |        on        
RUN-1001 :    hdl_warning_level    |   normal   |      normal      
RUN-1001 :   impl_internal_tribuf  |     on     |        on        
RUN-1001 :      impl_set_reset     |     on     |        on        
RUN-1001 :        infer_gsr        |    off     |       off        
RUN-1001 :      keep_hierarchy     |    auto    |       auto       
RUN-1001 :        max_fanout       |    9999    |       9999       
RUN-1001 :      max_oh2bin_len     |     10     |        10        
RUN-1001 :       merge_equal       |     on     |        on        
RUN-1001 :       merge_equiv       |     on     |        on        
RUN-1001 :        merge_mux        |    off     |       off        
RUN-1001 :      min_ce_fanout      |     16     |        16        
RUN-1001 :      min_ripple_len     |    auto    |       auto       
RUN-1001 :       oh2bin_ratio      |    0.08    |       0.08       
RUN-1001 :     opt_adder_fanout    |     on     |        on        
RUN-1001 :        opt_arith        |     on     |        on        
RUN-1001 :       opt_big_gate      |    off     |       off        
RUN-1001 :        opt_const        |     on     |        on        
RUN-1001 :      opt_const_mult     |     on     |        on        
RUN-1001 :       opt_lessthan      |     on     |        on        
RUN-1001 :         opt_mux         |    off     |       off        
RUN-1001 :         opt_ram         |    high    |       high       
RUN-1001 :      rtl_sim_model      |    off     |       off        
RUN-1001 :         seq_syn         |     on     |        on        
RUN-1001 : ------------------------------------------------------
SYN-1012 : SanityCheck: Model "shell_go"
SYN-1011 : Flatten model shell_go
SYN-1014 : Optimize round 1
SYN-1032 : 914/720 useful/useless nets, 718/544 useful/useless insts
SYN-1020 : Optimized 176 distributor mux.
SYN-1016 : Merged 320 instances.
SYN-1015 : Optimize round 1, 1976 better
SYN-1014 : Optimize round 2
SYN-1032 : 761/0 useful/useless nets, 565/176 useful/useless insts
SYN-1017 : Remove 8 const input seq instances
SYN-1002 :     reg10_b0
SYN-1002 :     reg11_b0
SYN-1002 :     reg13_b0
SYN-1002 :     reg15_b0
SYN-1002 :     reg17_b0
SYN-1002 :     reg4_b0
SYN-1002 :     reg6_b0
SYN-1002 :     reg8_b0
SYN-1015 : Optimize round 2, 197 better
SYN-1014 : Optimize round 3
SYN-1015 : Optimize round 3, 0 better
RUN-1002 : start command "report_area -file shell_test_rtl.area"
RUN-1001 : standard
***Report Model: shell_go***

IO Statistics
#IO                        45
  #input                   37
  #output                   8
  #inout                    0

Gate Statistics
#Basic gates              479
  #and                     32
  #nand                     0
  #or                      15
  #nor                      0
  #xor                      0
  #xnor                     0
  #buf                      0
  #not                     16
  #bufif1                   0
  #MX21                   224
  #FADD                     0
  #DFF                    192
  #LATCH                    0
#MACRO_ADD                 17
#MACRO_EQ                  43
#MACRO_MUX                 16

Report Hierarchy Area:
+-------------------------------------------+
|Instance |Module   |gates  |seq    |macros |
+-------------------------------------------+
|top      |shell_go |287    |192    |60     |
+-------------------------------------------+

RUN-1002 : start command "export_db shell_test_rtl.db"
RUN-1001 : Exported /
RUN-1001 : Exported libs
RUN-1001 : Exported entities
RUN-1001 : Exported ports
RUN-1001 : Exported pins
RUN-1001 : Exported instances
RUN-1001 : Exported nets
RUN-1001 : Exported buses
RUN-1001 : Exported models
RUN-1001 : Exported congestions
RUN-1001 : Exported violations
RUN-1001 : Exported IO constraints
RUN-1001 : Exported Inst constraints
RUN-1001 : Exported flow parameters
RUN-1002 : start command "optimize_gate -maparea shell_test_gate.area"
RUN-1001 : Open license file E:/fpgadream/Anlogic_TD/license/Anlogic.lic
RUN-1001 : Print Gate Property
RUN-1001 : ----------------------------------------------------------
RUN-1001 :          Parameters         |  Settings  |  Default Values  
RUN-1001 : ----------------------------------------------------------
RUN-1001 :        auto_partition       |    fine    |       fine       
RUN-1001 :         cascade_dsp         |    off     |       off        
RUN-1001 :         cascade_eram        |     on     |        on        
RUN-1001 :        gate_sim_model       |    off     |       off        
RUN-1001 :        map_sim_model        |    off     |       off        
RUN-1001 :           opt_area          |   medium   |      medium      
RUN-1001 :          opt_timing         |    auto    |       auto       
RUN-1001 :         pack_effort         |   medium   |      medium      
RUN-1001 :      pack_lslice_ripple     |     on     |        on        
RUN-1001 :   pack_lslice_ripple_ratio  |    0.5     |       0.5        
RUN-1001 :        pack_seq_in_io       |     on     |        on        
RUN-1001 :        ph1_mux_ratio        |    1.0     |       1.0        
RUN-1001 :            report           |  standard  |     standard     
RUN-1001 : ----------------------------------------------------------
SYN-2001 : Map 45 IOs to PADs
SYN-2501 : Processed 0 LOGIC_BUF instances.
SYN-2571 : Optimize after map_dsp, round 1
SYN-1032 : 774/24 useful/useless nets, 603/0 useful/useless insts
SYN-2571 : Optimize after map_dsp, round 1, 0 better
SYN-2501 : Optimize round 1
SYN-1016 : Merged 71 instances.
SYN-2501 : Optimize round 1, 411 better
SYN-2501 : Optimize round 2
SYN-2501 : Optimize round 2, 0 better
SYN-2501 : Map 17 macro adder
SYN-1016 : Merged 17 instances.
SYN-3004 : Optimized 8 const0 DFF(s)
SYN-1032 : 1443/16 useful/useless nets, 1280/16 useful/useless insts
SYN-1032 : 1238/37 useful/useless nets, 1075/37 useful/useless insts
SYN-3001 : Running gate level optimization.
SYN-2581 : Mapping with K=5, #lut = 290 (2.78), #lev = 5 (3.91)
SYN-2551 : Post LUT mapping optimization.
SYN-2581 : Mapping with K=5, #lut = 290 (2.78), #lev = 5 (3.91)
SYN-3001 : Logic optimization runtime opt =   0.03 sec, map =   0.00 sec
SYN-3001 : Mapper mapped 658 instances into 290 LUTs, name keeping = 68%.
RUN-1002 : start command "report_area -file shell_test_gate.area"
RUN-1001 : standard
***Report Model: shell_go***

IO Statistics
#IO                        45
  #input                   37
  #output                   8
  #inout                    0

LUT Statistics
#Total_luts               475
  #lut4                   268
  #lut5                    22
  #lut6                     0
  #lut5_mx41                0
  #lut4_alu1b             185

Utilization Statistics
#lut                      475   out of  19600    2.42%
#reg                      184   out of  19600    0.94%
#le                         0
#dsp                        0   out of     29    0.00%
#bram                       0   out of     64    0.00%
  #bram9k                   0
  #fifo9k                   0
#bram32k                    0   out of     16    0.00%
#pad                       45   out of    188   23.94%
  #ireg                     0
  #oreg                     0
  #treg                     0
#pll                        0   out of      4    0.00%

Report Hierarchy Area:
+-----------------------------------------------------------+
|Instance |Module   |lut    |ripple |seq    |bram   |dsp    |
+-----------------------------------------------------------+
|top      |shell_go |290    |185    |184    |0      |0      |
+-----------------------------------------------------------+

SYN-1001 : Packing model "shell_go" ...
SYN-4010 : Pack lib has 44 rtl pack models with 17 top pack blocks
SYN-1014 : Optimize round 1
SYN-1015 : Optimize round 1, 0 better
SYN-4002 : Packing 184 DFF/LATCH to SEQ ...
SYN-4009 : Pack 9 carry chain into lslice
SYN-4007 : Packing 86 adder to BLE ...
SYN-4008 : Packed 86 adder and 0 SEQ to BLE.
SYN-4007 : Packing 0 gate4 to BLE ...
SYN-4008 : Packed 0 gate4 and 0 SEQ to BLE.
SYN-4012 : Packed 0 FxMUX
RUN-1003 : finish command "optimize_gate -maparea shell_test_gate.area" in  1.053076s wall, 1.031250s user + 0.093750s system = 1.125000s CPU (106.8%)

RUN-1004 : used memory is 1128 MB, reserved memory is 1239 MB, peak memory is 2510 MB
RUN-1002 : start command "legalize_phy_inst"
SYN-1011 : Flatten model shell_go
RUN-1002 : start command "export_db shell_test_gate.db"
RUN-1001 : Exported /
RUN-1001 : Exported libs
RUN-1001 : Exported entities
RUN-1001 : Exported ports
RUN-1001 : Exported pins
RUN-1001 : Exported instances
RUN-1001 : Exported nets
RUN-1001 : Exported buses
RUN-1001 : Exported models
RUN-1001 : Exported congestions
RUN-1001 : Exported violations
RUN-1001 : Exported IO constraints
RUN-1001 : Exported Inst constraints
RUN-1001 : Exported flow parameters
RUN-1002 : start command "place"
RUN-1001 : Open license file E:/fpgadream/Anlogic_TD/license/Anlogic.lic
RUN-1001 : Print Place Property
RUN-1001 : ------------------------------------------------
RUN-1001 :     Parameters    |  Settings  |  Default Values  
RUN-1001 : ------------------------------------------------
RUN-1001 :   detailed_place  |     on     |        on        
RUN-1001 :       effort      |   medium   |      medium      
RUN-1001 :     opt_timing    |   medium   |      medium      
RUN-1001 :    pr_strategy    |     1      |        1         
RUN-1001 :     relaxation    |    1.00    |       1.00       
RUN-1001 :      retiming     |    off     |       off        
RUN-1001 : ------------------------------------------------
RUN-1002 : start command "set_param place timing_factor 2.5"
RUN-1002 : start command "set_param route tactics length"
RUN-1002 : start command "set_param route least_critical_net_perc 20"
RUN-1002 : start command "set_param route most_critical_net_perc 60"
PHY-3001 : Placer runs in 12 thread(s).
SYN-4024 : Net "clk_125hz_pad" drive clk pins.
SYN-4025 : Tag rtl::Net clk_125hz_pad as clock net
SYN-4026 : Tagged 1 rtl::Net as clock net
PHY-1001 : Populate physical database on model shell_go.
RUN-1001 : There are total 596 instances
RUN-1001 : 290 luts, 184 seqs, 47 mslices, 27 lslices, 45 pads, 0 brams, 0 dsps
RUN-1001 : There are total 759 nets
RUN-1001 : 514 nets have 2 pins
RUN-1001 : 218 nets have [3 - 5] pins
RUN-1001 : 6 nets have [6 - 10] pins
RUN-1001 : 17 nets have [11 - 20] pins
RUN-1001 : 1 nets have [21 - 99] pins
RUN-1001 : 3 nets have 100+ pins
PHY-3001 : Initial placement ...
PHY-3001 : design contains 594 instances, 290 luts, 184 seqs, 74 slices, 17 macros(74 instances: 47 mslices 27 lslices)
PHY-3001 : Cell area utilization is 2%
PHY-3001 : Global placement ...
PHY-3001 : Initial: Len = 226379
PHY-3001 : Clustering ...
PHY-3001 : Level 0 #clusters 594.
PHY-3001 : End clustering;  0.000049s wall, 0.000000s user + 0.000000s system = 0.000000s CPU (n/a%)

PHY-3001 : Run with size of 4
PHY-3001 : Cell area utilization is 2%
PHY-3001 : :::0::: Try harder cell spreading with beta_ = 0
PHY-3002 : Step(887): len = 116777, overlap = 0
PHY-3002 : Step(888): len = 74207.1, overlap = 0
PHY-3002 : Step(889): len = 45466.1, overlap = 0
PHY-3002 : Step(890): len = 30583.5, overlap = 0
PHY-3002 : Step(891): len = 24328.1, overlap = 0
PHY-3002 : Step(892): len = 21973.7, overlap = 0
PHY-3002 : Step(893): len = 19335.1, overlap = 0
PHY-3002 : Step(894): len = 17306.7, overlap = 0
PHY-3002 : Step(895): len = 16268.5, overlap = 0
PHY-3002 : Step(896): len = 15749.3, overlap = 0
PHY-3002 : Step(897): len = 15964.4, overlap = 0
PHY-3002 : Step(898): len = 15571.8, overlap = 0
PHY-3002 : Step(899): len = 14835.9, overlap = 0
PHY-3002 : Step(900): len = 14220.8, overlap = 0
PHY-3002 : Step(901): len = 14020.5, overlap = 0
PHY-3002 : Step(902): len = 13540.2, overlap = 0
PHY-3002 : Step(903): len = 13727, overlap = 0
PHY-3002 : Step(904): len = 13417.3, overlap = 0
PHY-3002 : Step(905): len = 14000.6, overlap = 0
PHY-3002 : Step(906): len = 13424.2, overlap = 0
PHY-3002 : Step(907): len = 12600.7, overlap = 0
PHY-3002 : Step(908): len = 12928.4, overlap = 0
PHY-3002 : Step(909): len = 13002.9, overlap = 0
PHY-3001 : Legalization ...
PHY-3001 : End legalization;  0.003503s wall, 0.000000s user + 0.000000s system = 0.000000s CPU (n/a%)

PHY-3001 : Run with size of 4
PHY-3001 : Cell area utilization is 2%
PHY-3001 : :::0::: Try harder cell spreading with beta_ = 0
PHY-3002 : Step(910): len = 11432.3, overlap = 0
PHY-3002 : Step(911): len = 11466.1, overlap = 0
PHY-3002 : Step(912): len = 11511.2, overlap = 0
PHY-3002 : Step(913): len = 11574.8, overlap = 0.0625
PHY-3002 : Step(914): len = 11438.5, overlap = 0
PHY-3002 : Step(915): len = 11438.7, overlap = 0
PHY-3002 : Step(916): len = 11331.9, overlap = 0
PHY-3002 : Step(917): len = 11069.9, overlap = 0.0625
PHY-3002 : Step(918): len = 11179.4, overlap = 1.1875
PHY-3002 : Step(919): len = 11243, overlap = 0.9375
PHY-3002 : Step(920): len = 11152.6, overlap = 0.84375
PHY-3002 : Step(921): len = 11264.2, overlap = 1
PHY-3002 : Step(922): len = 10796.3, overlap = 0.5625
PHY-3002 : Step(923): len = 10927.6, overlap = 0.3125
PHY-3002 : Step(924): len = 11026.5, overlap = 0.875
PHY-3002 : Step(925): len = 11260.3, overlap = 1.0625
PHY-3002 : Step(926): len = 11034.7, overlap = 1.78125
PHY-3002 : Step(927): len = 10847.5, overlap = 5.375
PHY-3002 : Step(928): len = 10661.6, overlap = 8.78125
PHY-3002 : Step(929): len = 10390, overlap = 10.7813
PHY-3002 : Step(930): len = 10460.8, overlap = 10.125
PHY-3002 : Step(931): len = 10142.5, overlap = 10.8438
PHY-3002 : Step(932): len = 10045.1, overlap = 13.7813
PHY-3002 : Step(933): len = 9782.1, overlap = 13.4688
PHY-3002 : Step(934): len = 9715.9, overlap = 14.625
PHY-3002 : Step(935): len = 9773.1, overlap = 11.1875
PHY-3002 : Step(936): len = 9648.9, overlap = 10.625
PHY-3002 : Step(937): len = 9271.2, overlap = 10.875
PHY-3002 : Step(938): len = 9350.4, overlap = 11
PHY-3002 : Step(939): len = 9417.9, overlap = 10.625
PHY-3001 : :::1::: Try harder cell spreading with beta_ = 0.00014671
PHY-3002 : Step(940): len = 9009.8, overlap = 10.1875
PHY-3002 : Step(941): len = 9145.6, overlap = 10.1875
PHY-3002 : Step(942): len = 9196.4, overlap = 10.1875
PHY-3001 : :::2::: Try harder cell spreading with beta_ = 0.00029342
PHY-3002 : Step(943): len = 9115.1, overlap = 10
PHY-3002 : Step(944): len = 9115.1, overlap = 10
PHY-3001 : Run with size of 2
PHY-3001 : Cell area utilization is 2%
PHY-3001 : :::0::: Try harder cell spreading with beta_ = 9.63766e-06
PHY-3002 : Step(945): len = 9300.1, overlap = 16.0625
PHY-3002 : Step(946): len = 9300.1, overlap = 16.0625
PHY-3001 : :::1::: Try harder cell spreading with beta_ = 1.92753e-05
PHY-3002 : Step(947): len = 10034.1, overlap = 15.9063
PHY-3002 : Step(948): len = 10281.8, overlap = 15.8125
PHY-3002 : Step(949): len = 10684.3, overlap = 12.8125
PHY-3001 : :::2::: Try harder cell spreading with beta_ = 3.85506e-05
PHY-3002 : Step(950): len = 10021.9, overlap = 12.9688
PHY-3002 : Step(951): len = 10083.8, overlap = 12.9375
PHY-3002 : Step(952): len = 10156.7, overlap = 13.125
OPT-1001 : Start physical optimization ...
OPT-1001 : Total overflow 30.53 peak overflow 3.50
OPT-1001 : Start high-fanout net optimization ...
OPT-1001 : Update timing in global mode
PHY-1001 : Start incremental global routing ...
RUN-1001 : Generating global routing grids ...
PHY-1001 : Generate routing nets ...
PHY-1001 : Global iterations in 12 thread ...
PHY-1002 : len = 19000, over cnt = 26(0%), over = 44, worst = 2
PHY-1002 : len = 19464, over cnt = 8(0%), over = 15, worst = 2
PHY-1002 : len = 19624, over cnt = 3(0%), over = 5, worst = 2
PHY-1002 : len = 19704, over cnt = 0(0%), over = 0, worst = 0
PHY-1001 : End global iterations;  0.097616s wall, 0.031250s user + 0.093750s system = 0.125000s CPU (128.1%)

PHY-1001 : Congestion index: top1 = 11.88, top5 = 2.50, top10 = 1.25, top15 = 0.00.
PHY-1001 : End incremental global routing;  0.238414s wall, 0.187500s user + 0.093750s system = 0.281250s CPU (118.0%)

RUN-1002 : start command "start_timer"
TMR-5001 WARNING: No sdc constraints found while initiating timer.
TMR-2505 : Start building timing graph for model shell_go.
TMR-2506 : Build timing graph completely. Port num: 7, tpin num: 2392, tnet num: 757, tinst num: 594, tnode num: 2944, tedge num: 3662.
TMR-2508 : Levelizing timing graph completed, there are 17 levels in total.
TMR-2501 : Timing graph initialized successfully.
OPT-1001 : End timing update;  0.281768s wall, 0.265625s user + 0.000000s system = 0.265625s CPU (94.3%)

OPT-1001 : 0 high-fanout net processed.
OPT-1001 : End high-fanout net optimization;  0.556742s wall, 0.484375s user + 0.093750s system = 0.578125s CPU (103.8%)

OPT-1001 : End physical optimization;  0.582375s wall, 0.515625s user + 0.109375s system = 0.625000s CPU (107.3%)

PHY-3001 : Start packing ...
SYN-4007 : Packing 0 MUX to BLE ...
SYN-4008 : Packed 0 MUX and 0 SEQ to BLE.
SYN-4007 : Packing 290 LUT to BLE ...
SYN-4008 : Packed 290 LUT and 184 SEQ to BLE.
SYN-4003 : Packing 0 remaining SEQ's ...
SYN-4005 : Packed 0 SEQ with LUT/SLICE
SYN-4006 : 106 single LUT's are left
SYN-4006 : 0 single SEQ's are left
SYN-4011 : Packing model "shell_go" (AL_USER_NORMAL) with 290/412 primitive instances ...
PHY-3001 : End packing;  0.037198s wall, 0.046875s user + 0.000000s system = 0.046875s CPU (126.0%)

PHY-1001 : Populate physical database on model shell_go.
RUN-1001 : There are total 275 instances
RUN-1001 : 113 mslices, 114 lslices, 45 pads, 0 brams, 0 dsps
RUN-1001 : There are total 575 nets
RUN-1001 : 330 nets have 2 pins
RUN-1001 : 218 nets have [3 - 5] pins
RUN-1001 : 6 nets have [6 - 10] pins
RUN-1001 : 17 nets have [11 - 20] pins
RUN-1001 : 1 nets have [21 - 99] pins
RUN-1001 : 3 nets have 100+ pins
PHY-3001 : design contains 273 instances, 227 slices, 17 macros(74 instances: 47 mslices 27 lslices)
PHY-3001 : Cell area utilization is 3%
PHY-3001 : After packing: Len = 9692.4, Over = 18.75
PHY-3001 : Run with size of 2
PHY-3001 : Cell area utilization is 3%
PHY-3001 : :::0::: Try harder cell spreading with beta_ = 8.28808e-06
PHY-3002 : Step(953): len = 9210.7, overlap = 18
PHY-3002 : Step(954): len = 9257.5, overlap = 18.25
PHY-3002 : Step(955): len = 9338.9, overlap = 18.5
PHY-3001 : :::1::: Try harder cell spreading with beta_ = 1.65762e-05
PHY-3002 : Step(956): len = 9451.3, overlap = 16.5
PHY-3002 : Step(957): len = 9451.3, overlap = 16.5
PHY-3002 : Step(958): len = 9359.9, overlap = 16.25
PHY-3001 : :::2::: Try harder cell spreading with beta_ = 3.26823e-05
PHY-3002 : Step(959): len = 9727.6, overlap = 15.5
PHY-3002 : Step(960): len = 9727.6, overlap = 15.5
PHY-3002 : Step(961): len = 9456, overlap = 15.25
PHY-3001 : Legalization ...
PHY-3001 : End legalization;  0.596671s wall, 0.203125s user + 0.515625s system = 0.718750s CPU (120.5%)

PHY-3001 : Trial Legalized: Len = 16536.4
PHY-3001 : Run with size of 2
PHY-3001 : Cell area utilization is 3%
PHY-3001 : :::0::: Try harder cell spreading with beta_ = 0.000425381
PHY-3002 : Step(962): len = 13510.2, overlap = 4
PHY-3002 : Step(963): len = 12724, overlap = 5.75
PHY-3002 : Step(964): len = 11230.3, overlap = 6.75
PHY-3002 : Step(965): len = 10582.1, overlap = 7.5
PHY-3002 : Step(966): len = 10524.3, overlap = 7.5
PHY-3002 : Step(967): len = 10468, overlap = 7.75
PHY-3001 : :::1::: Try harder cell spreading with beta_ = 0.000850761
PHY-3002 : Step(968): len = 10453.9, overlap = 8
PHY-3002 : Step(969): len = 10449.1, overlap = 7.75
PHY-3001 : :::2::: Try harder cell spreading with beta_ = 0.00170152
PHY-3002 : Step(970): len = 10467.2, overlap = 7.5
PHY-3002 : Step(971): len = 10452.1, overlap = 7.25
PHY-3001 : Legalization ...
PHY-3001 : End legalization;  0.005709s wall, 0.000000s user + 0.000000s system = 0.000000s CPU (n/a%)

PHY-3001 : Legalized: Len = 13832.4, Over = 0
PHY-3001 : End spreading;  0.003712s wall, 0.015625s user + 0.015625s system = 0.031250s CPU (841.9%)

PHY-3001 : Final: Len = 13832.4, Over = 0
OPT-1001 : Start physical optimization ...
OPT-1001 : Total overflow 0.00 peak overflow 0.00
OPT-1001 : Start high-fanout net optimization ...
OPT-1001 : Update timing in global mode
PHY-1001 : Start incremental global routing ...
RUN-1001 : Generating global routing grids ...
PHY-1001 : Generate routing nets ...
PHY-1001 : Global iterations in 12 thread ...
PHY-1002 : len = 27472, over cnt = 5(0%), over = 5, worst = 1
PHY-1002 : len = 27536, over cnt = 1(0%), over = 1, worst = 1
PHY-1002 : len = 27552, over cnt = 0(0%), over = 0, worst = 0
PHY-1001 : End global iterations;  0.090052s wall, 0.062500s user + 0.046875s system = 0.109375s CPU (121.5%)

PHY-1001 : Congestion index: top1 = 13.13, top5 = 3.75, top10 = 1.25, top15 = 0.00.
PHY-1001 : End incremental global routing;  0.194804s wall, 0.171875s user + 0.046875s system = 0.218750s CPU (112.3%)

RUN-1002 : start command "start_timer"
TMR-5001 WARNING: No sdc constraints found while initiating timer.
TMR-2505 : Start building timing graph for model shell_go.
TMR-2506 : Build timing graph completely. Port num: 7, tpin num: 1880, tnet num: 573, tinst num: 273, tnode num: 2288, tedge num: 3078.
TMR-2508 : Levelizing timing graph completed, there are 15 levels in total.
TMR-2501 : Timing graph initialized successfully.
OPT-1001 : End timing update;  0.295054s wall, 0.296875s user + 0.000000s system = 0.296875s CPU (100.6%)

OPT-1001 : 0 high-fanout net processed.
OPT-1001 : End high-fanout net optimization;  0.528201s wall, 0.500000s user + 0.046875s system = 0.546875s CPU (103.5%)

OPT-1001 : End physical optimization;  0.555007s wall, 0.562500s user + 0.062500s system = 0.625000s CPU (112.6%)

RUN-1003 : finish command "place" in  18.843048s wall, 8.531250s user + 14.265625s system = 22.796875s CPU (121.0%)

RUN-1004 : used memory is 1051 MB, reserved memory is 1101 MB, peak memory is 2510 MB
RUN-1002 : start command "report_area -io_info -file shell_test_place.area"
RUN-1001 : standard
***Report Model: shell_go***

IO Statistics
#IO                        45
  #input                   37
  #output                   8
  #inout                    0

Utilization Statistics
#lut                      438   out of  19600    2.23%
#reg                      184   out of  19600    0.94%
#le                       438
  #lut only               254   out of    438   57.99%
  #reg only                 0   out of    438    0.00%
  #lut&reg                184   out of    438   42.01%
#dsp                        0   out of     29    0.00%
#bram                       0   out of     64    0.00%
  #bram9k                   0
  #fifo9k                   0
#bram32k                    0   out of     16    0.00%
#pad                       45   out of    188   23.94%
  #ireg                     0
  #oreg                     0
  #treg                     0
#pll                        0   out of      4    0.00%


Detailed IO Report

        Name          Direction    Location    IOStandard    DriveStrength    PullType    PackReg  
      angle[3]          INPUT        H16        LVCMOS25          N/A           N/A        NONE    
      angle[2]          INPUT        E15        LVCMOS25          N/A           N/A        NONE    
      angle[1]          INPUT        F12        LVCMOS25          N/A           N/A        NONE    
      angle[0]          INPUT        K16        LVCMOS25          N/A           N/A        NONE    
     clk_125hz          INPUT         F9        LVCMOS25          N/A           N/A        NONE    
    lcd_xpos[11]        INPUT        L14        LVCMOS25          N/A           N/A        NONE    
    lcd_xpos[10]        INPUT        P15        LVCMOS25          N/A           N/A        NONE    
    lcd_xpos[9]         INPUT         K1        LVCMOS25          N/A           N/A        NONE    
    lcd_xpos[8]         INPUT         P9        LVCMOS25          N/A           N/A        NONE    
    lcd_xpos[7]         INPUT         N5        LVCMOS25          N/A           N/A        NONE    
    lcd_xpos[6]         INPUT        K14        LVCMOS25          N/A           N/A        NONE    
    lcd_xpos[5]         INPUT        G16        LVCMOS25          N/A           N/A        NONE    
    lcd_xpos[4]         INPUT        D11        LVCMOS25          N/A           N/A        NONE    
    lcd_xpos[3]         INPUT        H13        LVCMOS25          N/A           N/A        NONE    
    lcd_xpos[2]         INPUT         F6        LVCMOS25          N/A           N/A        NONE    
    lcd_xpos[1]         INPUT         C1        LVCMOS25          N/A           N/A        NONE    
    lcd_xpos[0]         INPUT        M13        LVCMOS25          N/A           N/A        NONE    
    lcd_ypos[11]        INPUT        R14        LVCMOS25          N/A           N/A        NONE    
    lcd_ypos[10]        INPUT         P2        LVCMOS25          N/A           N/A        NONE    
    lcd_ypos[9]         INPUT        B10        LVCMOS25          N/A           N/A        NONE    
    lcd_ypos[8]         INPUT        E16        LVCMOS25          N/A           N/A        NONE    
    lcd_ypos[7]         INPUT        F14        LVCMOS25          N/A           N/A        NONE    
    lcd_ypos[6]         INPUT         B6        LVCMOS25          N/A           N/A        NONE    
    lcd_ypos[5]         INPUT         F2        LVCMOS25          N/A           N/A        NONE    
    lcd_ypos[4]         INPUT        M11        LVCMOS25          N/A           N/A        NONE    
    lcd_ypos[3]         INPUT        P10        LVCMOS25          N/A           N/A        NONE    
    lcd_ypos[2]         INPUT         P4        LVCMOS25          N/A           N/A        NONE    
    lcd_ypos[1]         INPUT        F16        LVCMOS25          N/A           N/A        NONE    
    lcd_ypos[0]         INPUT        J13        LVCMOS25          N/A           N/A        NONE    
       rst_n            INPUT         F4        LVCMOS25          N/A           N/A        NONE    
      state[6]          INPUT        L13        LVCMOS25          N/A           N/A        NONE    
      state[5]          INPUT         J6        LVCMOS25          N/A           N/A        NONE    
      state[4]          INPUT         D9        LVCMOS25          N/A           N/A        NONE    
      state[3]          INPUT        J16        LVCMOS25          N/A           N/A        NONE    
      state[2]          INPUT        A12        LVCMOS25          N/A           N/A        NONE    
      state[1]          INPUT         G5        LVCMOS25          N/A           N/A        NONE    
      state[0]          INPUT        T11        LVCMOS25          N/A           N/A        NONE    
  custom3_score[7]     OUTPUT        H11        LVCMOS25           8            N/A        NONE    
  custom3_score[6]     OUTPUT        C11        LVCMOS25           8            N/A        NONE    
  custom3_score[5]     OUTPUT        N16        LVCMOS25           8            N/A        NONE    
  custom3_score[4]     OUTPUT        B14        LVCMOS25           8            N/A        NONE    
  custom3_score[3]     OUTPUT         A5        LVCMOS25           8            N/A        NONE    
  custom3_score[2]     OUTPUT         B5        LVCMOS25           8            N/A        NONE    
  custom3_score[1]     OUTPUT         B1        LVCMOS25           8            N/A        NONE    
  custom3_score[0]     OUTPUT         G6        LVCMOS25           8            N/A        NONE    

Report Hierarchy Area:
+------------------------------------------------------------------+
|Instance |Module   |le    |lut    |ripple |seq    |bram   |dsp    |
+------------------------------------------------------------------+
|top      |shell_go |438   |364    |74     |184    |0      |0      |
+------------------------------------------------------------------+

RUN-1002 : start command "route"
RUN-1001 : Open license file E:/fpgadream/Anlogic_TD/license/Anlogic.lic
RUN-1001 : Print Route Property
RUN-1001 : -----------------------------------------------
RUN-1001 :    Parameters    |  Settings  |  Default Values  
RUN-1001 : -----------------------------------------------
RUN-1001 :      effort      |   medium   |      medium      
RUN-1001 :     fix_hold     |    off     |       off        
RUN-1001 :       lcnp       |     5      |        5         
RUN-1001 :       mcnp       |     10     |        10        
RUN-1001 :    opt_timing    |   medium   |      medium      
RUN-1001 :   phy_sim_model  |    off     |       off        
RUN-1001 :     priority     |   timing   |      timing      
RUN-1001 :     swap_pin     |     on     |        on        
RUN-1001 : -----------------------------------------------
PHY-1001 : Route runs in 12 thread(s)
RUN-1001 : There are total 275 instances
RUN-1001 : 113 mslices, 114 lslices, 45 pads, 0 brams, 0 dsps
RUN-1001 : There are total 575 nets
RUN-1001 : 330 nets have 2 pins
RUN-1001 : 218 nets have [3 - 5] pins
RUN-1001 : 6 nets have [6 - 10] pins
RUN-1001 : 17 nets have [11 - 20] pins
RUN-1001 : 1 nets have [21 - 99] pins
RUN-1001 : 3 nets have 100+ pins
PHY-1001 : Start global routing ...
RUN-1001 : Generating global routing grids ...
PHY-1001 : Generate routing nets ...
PHY-1001 : Global iterations in 12 thread ...
PHY-1002 : len = 27472, over cnt = 5(0%), over = 5, worst = 1
PHY-1002 : len = 27536, over cnt = 1(0%), over = 1, worst = 1
PHY-1002 : len = 27552, over cnt = 0(0%), over = 0, worst = 0
PHY-1001 : End global iterations;  0.093331s wall, 0.046875s user + 0.078125s system = 0.125000s CPU (133.9%)

PHY-1001 : Congestion index: top1 = 13.13, top5 = 3.75, top10 = 1.25, top15 = 0.00.
PHY-1001 : End global routing;  0.194886s wall, 0.140625s user + 0.078125s system = 0.218750s CPU (112.2%)

PHY-1001 : Start detail routing ...
PHY-1001 : Generate detailed routing grids ...
PHY-1001 : Generate nets ...
PHY-1001 : net clk_125hz_pad will be routed on clock mesh
PHY-1001 : Detail Route ...
PHY-1001 : ===== Detail Route Phase 1 =====
PHY-1001 : Routed 0% nets.
PHY-1002 : len = 8944, over cnt = 0(0%), over = 0, worst = 0
PHY-1001 : End Routed; 0.008102s wall, 0.000000s user + 0.000000s system = 0.000000s CPU (n/a%)

PHY-1001 : ===== Detail Route Phase 2 =====
PHY-1001 : Routed 0% nets.
PHY-1002 : len = 8944, over cnt = 0(0%), over = 0, worst = 0
PHY-1001 : End Routed; 0.000022s wall, 0.000000s user + 0.000000s system = 0.000000s CPU (n/a%)

PHY-1001 : ===== Detail Route Phase 3 =====
PHY-1001 : Routed 36% nets.
PHY-1001 : Routed 42% nets.
PHY-1001 : Routed 52% nets.
PHY-1001 : Routed 65% nets.
PHY-1001 : Routed 81% nets.
PHY-1002 : len = 57624, over cnt = 1(0%), over = 1, worst = 1
PHY-1001 : End Routed; 0.590121s wall, 0.609375s user + 0.312500s system = 0.921875s CPU (156.2%)

PHY-1001 : ===== DR Iter 1 =====
PHY-1002 : len = 57632, over cnt = 0(0%), over = 0, worst = 0
PHY-1003 : Routed, final wirelength = 57632
PHY-1001 : End DR Iter 1; 0.012414s wall, 0.015625s user + 0.015625s system = 0.031250s CPU (251.7%)

PHY-1001 : 0 feed throughs used by 0 nets
PHY-1001 : Generate detailed routing grids ...
PHY-1001 : Generate nets ...
PHY-1001 : net clk_125hz_pad will be routed on clock mesh
PHY-1001 : eco open net = 0
PHY-1001 : End detail routing;  6.214037s wall, 6.125000s user + 0.500000s system = 6.625000s CPU (106.6%)

PHY-1001 : Routing violations:
PHY-1001 : End of Routing Violations.
RUN-1003 : finish command "route" in  6.523095s wall, 6.375000s user + 0.578125s system = 6.953125s CPU (106.6%)

RUN-1004 : used memory is 1174 MB, reserved memory is 1227 MB, peak memory is 2510 MB
RUN-1002 : start command "report_area -io_info -file shell_test_phy.area"
RUN-1001 : standard
***Report Model: shell_go***

IO Statistics
#IO                        45
  #input                   37
  #output                   8
  #inout                    0

Utilization Statistics
#lut                      438   out of  19600    2.23%
#reg                      184   out of  19600    0.94%
#le                       438
  #lut only               254   out of    438   57.99%
  #reg only                 0   out of    438    0.00%
  #lut&reg                184   out of    438   42.01%
#dsp                        0   out of     29    0.00%
#bram                       0   out of     64    0.00%
  #bram9k                   0
  #fifo9k                   0
#bram32k                    0   out of     16    0.00%
#pad                       45   out of    188   23.94%
  #ireg                     0
  #oreg                     0
  #treg                     0
#pll                        0   out of      4    0.00%
#gclk                       1   out of     16    6.25%


Detailed IO Report

        Name          Direction    Location    IOStandard    DriveStrength    PullType    PackReg  
      angle[3]          INPUT        H16        LVCMOS25          N/A           N/A        NONE    
      angle[2]          INPUT        E15        LVCMOS25          N/A           N/A        NONE    
      angle[1]          INPUT        F12        LVCMOS25          N/A           N/A        NONE    
      angle[0]          INPUT        K16        LVCMOS25          N/A           N/A        NONE    
     clk_125hz          INPUT         F9        LVCMOS25          N/A           N/A        NONE    
    lcd_xpos[11]        INPUT        L14        LVCMOS25          N/A           N/A        NONE    
    lcd_xpos[10]        INPUT        P15        LVCMOS25          N/A           N/A        NONE    
    lcd_xpos[9]         INPUT         K1        LVCMOS25          N/A           N/A        NONE    
    lcd_xpos[8]         INPUT         P9        LVCMOS25          N/A           N/A        NONE    
    lcd_xpos[7]         INPUT         N5        LVCMOS25          N/A           N/A        NONE    
    lcd_xpos[6]         INPUT        K14        LVCMOS25          N/A           N/A        NONE    
    lcd_xpos[5]         INPUT        G16        LVCMOS25          N/A           N/A        NONE    
    lcd_xpos[4]         INPUT        D11        LVCMOS25          N/A           N/A        NONE    
    lcd_xpos[3]         INPUT        H13        LVCMOS25          N/A           N/A        NONE    
    lcd_xpos[2]         INPUT         F6        LVCMOS25          N/A           N/A        NONE    
    lcd_xpos[1]         INPUT         C1        LVCMOS25          N/A           N/A        NONE    
    lcd_xpos[0]         INPUT        M13        LVCMOS25          N/A           N/A        NONE    
    lcd_ypos[11]        INPUT        R14        LVCMOS25          N/A           N/A        NONE    
    lcd_ypos[10]        INPUT         P2        LVCMOS25          N/A           N/A        NONE    
    lcd_ypos[9]         INPUT        B10        LVCMOS25          N/A           N/A        NONE    
    lcd_ypos[8]         INPUT        E16        LVCMOS25          N/A           N/A        NONE    
    lcd_ypos[7]         INPUT        F14        LVCMOS25          N/A           N/A        NONE    
    lcd_ypos[6]         INPUT         B6        LVCMOS25          N/A           N/A        NONE    
    lcd_ypos[5]         INPUT         F2        LVCMOS25          N/A           N/A        NONE    
    lcd_ypos[4]         INPUT        M11        LVCMOS25          N/A           N/A        NONE    
    lcd_ypos[3]         INPUT        P10        LVCMOS25          N/A           N/A        NONE    
    lcd_ypos[2]         INPUT         P4        LVCMOS25          N/A           N/A        NONE    
    lcd_ypos[1]         INPUT        F16        LVCMOS25          N/A           N/A        NONE    
    lcd_ypos[0]         INPUT        J13        LVCMOS25          N/A           N/A        NONE    
       rst_n            INPUT         F4        LVCMOS25          N/A           N/A        NONE    
      state[6]          INPUT        L13        LVCMOS25          N/A           N/A        NONE    
      state[5]          INPUT         J6        LVCMOS25          N/A           N/A        NONE    
      state[4]          INPUT         D9        LVCMOS25          N/A           N/A        NONE    
      state[3]          INPUT        J16        LVCMOS25          N/A           N/A        NONE    
      state[2]          INPUT        A12        LVCMOS25          N/A           N/A        NONE    
      state[1]          INPUT         G5        LVCMOS25          N/A           N/A        NONE    
      state[0]          INPUT        T11        LVCMOS25          N/A           N/A        NONE    
  custom3_score[7]     OUTPUT        H11        LVCMOS25           8            N/A        NONE    
  custom3_score[6]     OUTPUT        C11        LVCMOS25           8            N/A        NONE    
  custom3_score[5]     OUTPUT        N16        LVCMOS25           8            N/A        NONE    
  custom3_score[4]     OUTPUT        B14        LVCMOS25           8            N/A        NONE    
  custom3_score[3]     OUTPUT         A5        LVCMOS25           8            N/A        NONE    
  custom3_score[2]     OUTPUT         B5        LVCMOS25           8            N/A        NONE    
  custom3_score[1]     OUTPUT         B1        LVCMOS25           8            N/A        NONE    
  custom3_score[0]     OUTPUT         G6        LVCMOS25           8            N/A        NONE    

Report Hierarchy Area:
+------------------------------------------------------------------+
|Instance |Module   |le    |lut    |ripple |seq    |bram   |dsp    |
+------------------------------------------------------------------+
|top      |shell_go |438   |364    |74     |184    |0      |0      |
+------------------------------------------------------------------+


DataNet Average Fanout:

   Index     Fanout     Nets  
    #1          1       285   
    #2          2       143   
    #3          3        67   
    #4          4        8    
    #5        5-10       12   
    #6        11-50      11   
    #7       101-500     1    
  Average     2.18            

RUN-1002 : start command "export_db shell_test_pr.db"
RUN-1001 : Exported /
RUN-1001 : Exported libs
RUN-1001 : Exported entities
RUN-1001 : Exported ports
RUN-1001 : Exported pins
RUN-1001 : Exported instances
RUN-1001 : Exported nets
RUN-1001 : Exported buses
RUN-1001 : Exported models
RUN-1001 : Exported congestions
RUN-1001 : Exported violations
RUN-1001 : Exported IO constraints
RUN-1001 : Exported Inst constraints
RUN-1001 : Exported flow parameters
RUN-1002 : start command "bitgen -bit shell_test.bit -version 0X00 -g ucode:000000000000000000000000"
BIT-1003 : Start to generate bitstream. 
BIT-1002 : Init instances with 12 threads.
BIT-1002 : Init instances completely, inst num: 275
BIT-1002 : Init pips with 12 threads.
BIT-1002 : Init pips completely, net num: 575, pip num: 3861
BIT-1003 : Multithreading accelaration with 12 threads.
BIT-1003 : Generate bitstream completely, there are 783 valid insts, and 12655 bits set as '1'.
BIT-1004 : PLL setting string = 0000
BIT-1004 : Generate bits file shell_test.bit.
RUN-1003 : finish command "bitgen -bit shell_test.bit -version 0X00 -g ucode:000000000000000000000000" in  1.869943s wall, 9.218750s user + 0.078125s system = 9.296875s CPU (497.2%)

RUN-1004 : used memory is 1194 MB, reserved memory is 1247 MB, peak memory is 2510 MB
RUN-1001 : Print Global Property
RUN-1001 : -------------------------------------------------------
RUN-1001 :        Parameters        |  Settings  |  Default Values  
RUN-1001 : -------------------------------------------------------
RUN-1001 :          message         |  standard  |     standard     
RUN-1001 :   mixed_pack_place_flow  |     on     |        on        
RUN-1001 :        syn_ip_flow       |    off     |       off        
RUN-1001 :          thread          |    auto    |       auto       
RUN-1001 : -------------------------------------------------------
RUN-1001 : Print Design Property
RUN-1001 : ------------------------------------------------------
RUN-1001 :        Parameters       |  Settings  |  Default Values  
RUN-1001 : ------------------------------------------------------
RUN-1001 :        infer_add        |     on     |        on        
RUN-1001 :        infer_fsm        |    off     |       off        
RUN-1001 :        infer_mult       |     on     |        on        
RUN-1001 :        infer_ram        |     on     |        on        
RUN-1001 :        infer_reg        |     on     |        on        
RUN-1001 :   infer_reg_init_value  |     on     |        on        
RUN-1001 :        infer_rom        |     on     |        on        
RUN-1001 :      infer_shifter      |    off     |       off        
RUN-1001 :         map_dram        |    auto    |       auto       
RUN-1001 : ------------------------------------------------------
RUN-1001 : Print Rtl Property
RUN-1001 : ------------------------------------------------------
RUN-1001 :        Parameters       |  Settings  |  Default Values  
RUN-1001 : ------------------------------------------------------
RUN-1001 :       compress_add      |   ripple   |      ripple      
RUN-1001 :        elf_sload        |    off     |       off        
RUN-1001 :       fix_undriven      |     0      |        0         
RUN-1001 :         flatten         |    off     |       off        
RUN-1001 :       gate_sharing      |     on     |        on        
RUN-1001 :    hdl_warning_level    |   normal   |      normal      
RUN-1001 :   impl_internal_tribuf  |     on     |        on        
RUN-1001 :      impl_set_reset     |     on     |        on        
RUN-1001 :        infer_gsr        |    off     |       off        
RUN-1001 :      keep_hierarchy     |    auto    |       auto       
RUN-1001 :        max_fanout       |    9999    |       9999       
RUN-1001 :      max_oh2bin_len     |     10     |        10        
RUN-1001 :       merge_equal       |     on     |        on        
RUN-1001 :       merge_equiv       |     on     |        on        
RUN-1001 :        merge_mux        |    off     |       off        
RUN-1001 :      min_ce_fanout      |     16     |        16        
RUN-1001 :      min_ripple_len     |    auto    |       auto       
RUN-1001 :       oh2bin_ratio      |    0.08    |       0.08       
RUN-1001 :     opt_adder_fanout    |     on     |        on        
RUN-1001 :        opt_arith        |     on     |        on        
RUN-1001 :       opt_big_gate      |    off     |       off        
RUN-1001 :        opt_const        |     on     |        on        
RUN-1001 :      opt_const_mult     |     on     |        on        
RUN-1001 :       opt_lessthan      |     on     |        on        
RUN-1001 :         opt_mux         |    off     |       off        
RUN-1001 :         opt_ram         |    high    |       high       
RUN-1001 :      rtl_sim_model      |    off     |       off        
RUN-1001 :         seq_syn         |     on     |        on        
RUN-1001 : ------------------------------------------------------
HDL-1007 : analyze verilog file shell_go.v
