


ARM Macro Assembler    Page 1 


    1 00000000         ;/******************************************************
                       ********************//**
    2 00000000         ; * @file     startup_CMSDK_CM0.s
    3 00000000         ; * @brief    CMSIS Cortex-M0 Core Device Startup File f
                       or
    4 00000000         ; *           Device CMSDK_CM0
    5 00000000         ; * @version  V3.01
    6 00000000         ; * @date     06. March 2012
    7 00000000         ; *
    8 00000000         ; * @note
    9 00000000         ; * Copyright (C) 2012 ARM Limited. All rights reserved.
                       
   10 00000000         ; *
   11 00000000         ; * @par
   12 00000000         ; * ARM Limited (ARM) is supplying this software for use
                        with Cortex-M
   13 00000000         ; * processor based microcontrollers.  This file can be 
                       freely distributed
   14 00000000         ; * within development tools that are supporting such AR
                       M based processors.
   15 00000000         ; *
   16 00000000         ; * @par
   17 00000000         ; * THIS SOFTWARE IS PROVIDED "AS IS".  NO WARRANTIES, W
                       HETHER EXPRESS, IMPLIED
   18 00000000         ; * OR STATUTORY, INCLUDING, BUT NOT LIMITED TO, IMPLIED
                        WARRANTIES OF
   19 00000000         ; * MERCHANTABILITY AND FITNESS FOR A PARTICULAR PURPOSE
                        APPLY TO THIS SOFTWARE.
   20 00000000         ; * ARM SHALL NOT, IN ANY CIRCUMSTANCES, BE LIABLE FOR S
                       PECIAL, INCIDENTAL, OR
   21 00000000         ; * CONSEQUENTIAL DAMAGES, FOR ANY REASON WHATSOEVER.
   22 00000000         ; *
   23 00000000         ; ******************************************************
                       ************************/
   24 00000000         ;/*
   25 00000000         ;//-------- <<< Use Configuration Wizard in Context Menu
                        >>> ------------------
   26 00000000         ;*/
   27 00000000         
   28 00000000         
   29 00000000         ; <h> Stack Configuration
   30 00000000         ;   <o> Stack Size (in Bytes) <0x0-0xFFFFFFFF:8>
   31 00000000         ; </h>
   32 00000000         
   33 00000000 00000200 
                       Stack_Size
                               EQU              0x00000200
   34 00000000         
   35 00000000                 AREA             STACK, NOINIT, READWRITE, ALIGN
=3
   36 00000000         Stack_Mem
                               SPACE            Stack_Size
   37 00000200         __initial_sp
   38 00000200         
   39 00000200         
   40 00000200         ; <h> Heap Configuration
   41 00000200         ;   <o>  Heap Size (in Bytes) <0x0-0xFFFFFFFF:8>
   42 00000200         ; </h>
   43 00000200         



ARM Macro Assembler    Page 2 


   44 00000200 00000100 
                       Heap_Size
                               EQU              0x00000100
   45 00000200         
   46 00000200                 AREA             HEAP, NOINIT, READWRITE, ALIGN=
3
   47 00000000         __heap_base
   48 00000000         Heap_Mem
                               SPACE            Heap_Size
   49 00000100         __heap_limit
   50 00000100         
   51 00000100         
   52 00000100                 PRESERVE8
   53 00000100                 THUMB
   54 00000100         
   55 00000100         
   56 00000100         ; Vector Table Mapped to Address 0 at Reset
   57 00000100         
   58 00000100                 AREA             RESET, DATA, READONLY
   59 00000000                 EXPORT           __Vectors
   60 00000000                 EXPORT           __Vectors_End
   61 00000000                 EXPORT           __Vectors_Size
   62 00000000         
   63 00000000 00000000 
                       __Vectors
                               DCD              __initial_sp ; Top of Stack
   64 00000004 00000000        DCD              Reset_Handler ; Reset Handler
   65 00000008 00000000        DCD              NMI_Handler ; NMI Handler
   66 0000000C 00000000        DCD              HardFault_Handler ; Hard Fault 
                                                            Handler
   67 00000010 00000000        DCD              0           ; Reserved
   68 00000014 00000000        DCD              0           ; Reserved
   69 00000018 00000000        DCD              0           ; Reserved
   70 0000001C 00000000        DCD              0           ; Reserved
   71 00000020 00000000        DCD              0           ; Reserved
   72 00000024 00000000        DCD              0           ; Reserved
   73 00000028 00000000        DCD              0           ; Reserved
   74 0000002C 00000000        DCD              SVC_Handler ; SVCall Handler
   75 00000030 00000000        DCD              0           ; Reserved
   76 00000034 00000000        DCD              0           ; Reserved
   77 00000038 00000000        DCD              PendSV_Handler ; PendSV Handler
                                                            
   78 0000003C 00000000        DCD              SysTick_Handler 
                                                            ; SysTick Handler
   79 00000040         
   80 00000040 00000000        DCD              UARTRX0_Handler 
                                                            ; UART 0 RX Handler
                                                            
   81 00000044 00000000        DCD              UARTTX0_Handler 
                                                            ; UART 0 TX Handler
                                                            
   82 00000048 00000000        DCD              UARTRX1_Handler 
                                                            ; UART 1 RX Handler
                                                            
   83 0000004C 00000000        DCD              UARTTX1_Handler 
                                                            ; UART 1 TX Handler
                                                            
   84 00000050 00000000        DCD              UARTRX2_Handler 
                                                            ; UART 2 RX Handler



ARM Macro Assembler    Page 3 


                                                            
   85 00000054 00000000        DCD              UARTTX2_Handler 
                                                            ; UART 2 TX Handler
                                                            
   86 00000058 00000000        DCD              SPTIMER0_Handler 
                                                            ; SPTIMER0 Handler
   87 0000005C 00000000        DCD              SPTIMER1_Handler 
                                                            ; SPTIMER1 Handler
   88 00000060 00000000        DCD              EXIT_Handler0 ;
   89 00000064 00000000        DCD              EXIT_Handler1 ;
   90 00000068 00000000        DCD              EXIT_Handler2 ;
   91 0000006C 00000000        DCD              EXIT_Handler3 ;
   92 00000070 00000000        DCD              EXIT_Handler4 ;
   93 00000074 00000000        DCD              EXIT_Handler5 ;
   94 00000078 00000000        DCD              EXIT_Handler6 ;
   95 0000007C 00000000        DCD              EXIT_Handler7 ;
   96 00000080 00000000        DCD              EXIT_Handler8 ;
   97 00000084         
   98 00000084         __Vectors_End
   99 00000084         
  100 00000084 00000084 
                       __Vectors_Size
                               EQU              __Vectors_End - __Vectors
  101 00000084         
  102 00000084                 AREA             |.text|, CODE, READONLY
  103 00000000         
  104 00000000         
  105 00000000         ; Reset Handler
  106 00000000         
  107 00000000         Reset_Handler
                               PROC
  108 00000000                 EXPORT           Reset_Handler             [WEAK
]
  109 00000000                 IMPORT           SystemInit
  110 00000000                 IMPORT           __main
  111 00000000 482C            LDR              R0, =SystemInit
  112 00000002         ; Initialise at least r8, r9 to avoid X in tests
  113 00000002         ; Only important for simulation where X can cause
  114 00000002         ; unexpected core behaviour
  115 00000002 4680            MOV              R8, R0
  116 00000004 46C1            MOV              R9, R8
  117 00000006 4780            BLX              R0
  118 00000008 482B            LDR              R0, =__main
  119 0000000A 4700            BX               R0
  120 0000000C                 ENDP
  121 0000000C         
  122 0000000C         
  123 0000000C         ; Dummy Exception Handlers (infinite loops which can be 
                       modified)
  124 0000000C         
  125 0000000C         NMI_Handler
                               PROC
  126 0000000C                 EXPORT           NMI_Handler               [WEAK
]
  127 0000000C E7FE            B                .
  128 0000000E                 ENDP
  130 0000000E         HardFault_Handler
                               PROC
  131 0000000E                 EXPORT           HardFault_Handler         [WEAK



ARM Macro Assembler    Page 4 


]
  132 0000000E E7FE            B                .
  133 00000010                 ENDP
  134 00000010         SVC_Handler
                               PROC
  135 00000010                 EXPORT           SVC_Handler               [WEAK
]
  136 00000010 E7FE            B                .
  137 00000012                 ENDP
  138 00000012         PendSV_Handler
                               PROC
  139 00000012                 EXPORT           PendSV_Handler            [WEAK
]
  140 00000012 E7FE            B                .
  141 00000014                 ENDP
  142 00000014         SysTick_Handler
                               PROC
  143 00000014                 EXPORT           SysTick_Handler            [WEA
K]
  144 00000014 E7FE            B                .
  145 00000016                 ENDP
  146 00000016         UARTRX0_Handler
                               PROC
  147 00000016                 EXPORT           UARTRX0_Handler               [
WEAK]
  148 00000016                 IMPORT           UARTRX0Handler
  149 00000016 B507            PUSH             {R0,R1,R2,LR}
  150 00000018 F7FF FFFE       BL               UARTRX0Handler
  151 0000001C BD07            POP              {R0,R1,R2,PC}
  152 0000001E                 ENDP
  153 0000001E         UARTTX0_Handler
                               PROC
  154 0000001E                 EXPORT           UARTTX0_Handler               [
WEAK]
  155 0000001E                 IMPORT           UARTTX0Handler
  156 0000001E B507            PUSH             {R0,R1,R2,LR}
  157 00000020 F7FF FFFE       BL               UARTTX0Handler
  158 00000024 BD07            POP              {R0,R1,R2,PC}
  159 00000026                 ENDP
  160 00000026         UARTRX1_Handler
                               PROC
  161 00000026                 EXPORT           UARTRX1_Handler               [
WEAK]
  162 00000026                 IMPORT           UARTRX1Handler
  163 00000026 B507            PUSH             {R0,R1,R2,LR}
  164 00000028 F7FF FFFE       BL               UARTRX1Handler
  165 0000002C BD07            POP              {R0,R1,R2,PC}
  166 0000002E                 ENDP
  167 0000002E         UARTTX1_Handler
                               PROC
  168 0000002E                 EXPORT           UARTTX1_Handler               [
WEAK]
  169 0000002E                 IMPORT           UARTTX1Handler
  170 0000002E B507            PUSH             {R0,R1,R2,LR}
  171 00000030 F7FF FFFE       BL               UARTTX1Handler
  172 00000034 BD07            POP              {R0,R1,R2,PC}
  173 00000036                 ENDP
  174 00000036         UARTRX2_Handler
                               PROC



ARM Macro Assembler    Page 5 


  175 00000036                 EXPORT           UARTRX2_Handler               [
WEAK]
  176 00000036                 IMPORT           UARTRX2Handler
  177 00000036 B507            PUSH             {R0,R1,R2,LR}
  178 00000038 F7FF FFFE       BL               UARTRX2Handler
  179 0000003C BD07            POP              {R0,R1,R2,PC}
  180 0000003E                 ENDP
  181 0000003E         UARTTX2_Handler
                               PROC
  182 0000003E                 EXPORT           UARTTX2_Handler               [
WEAK]
  183 0000003E                 IMPORT           UARTTX2Handler
  184 0000003E B507            PUSH             {R0,R1,R2,LR}
  185 00000040 F7FF FFFE       BL               UARTTX2Handler
  186 00000044 BD07            POP              {R0,R1,R2,PC}
  187 00000046                 ENDP
  189 00000046         SPTIMER0_Handler
                               PROC
  190 00000046                 EXPORT           SPTIMER0_Handler               
[WEAK]
  191 00000046                 IMPORT           SPTIMER0Handler
  192 00000046 B507            PUSH             {R0,R1,R2,LR}
  193 00000048 F7FF FFFE       BL               SPTIMER0Handler
  194 0000004C BD07            POP              {R0,R1,R2,PC}
  195 0000004E                 ENDP
  197 0000004E         SPTIMER1_Handler
                               PROC
  198 0000004E                 EXPORT           SPTIMER1_Handler               
[WEAK]
  199 0000004E                 IMPORT           SPTIMER1Handler
  200 0000004E B507            PUSH             {R0,R1,R2,LR}
  201 00000050 F7FF FFFE       BL               SPTIMER1Handler
  202 00000054 BD07            POP              {R0,R1,R2,PC}
  203 00000056                 ENDP
  204 00000056         EXIT_Handler0
                               PROC
  205 00000056                 EXPORT           EXIT_Handler0               [WE
AK]
  206 00000056                 IMPORT           EXITHandler0
  207 00000056 B507            PUSH             {R0,R1,R2,LR}
  208 00000058 F7FF FFFE       BL               EXITHandler0
  209 0000005C BD07            POP              {R0,R1,R2,PC}
  210 0000005E                 ENDP
  211 0000005E         EXIT_Handler1
                               PROC
  212 0000005E                 EXPORT           EXIT_Handler1               [WE
AK]
  213 0000005E                 IMPORT           EXITHandler1
  214 0000005E B507            PUSH             {R0,R1,R2,LR}
  215 00000060 F7FF FFFE       BL               EXITHandler1
  216 00000064 BD07            POP              {R0,R1,R2,PC}
  217 00000066                 ENDP
  218 00000066         EXIT_Handler2
                               PROC
  219 00000066                 EXPORT           EXIT_Handler2               [WE
AK]
  220 00000066                 IMPORT           EXITHandler2
  221 00000066 B507            PUSH             {R0,R1,R2,LR}
  222 00000068 F7FF FFFE       BL               EXITHandler2



ARM Macro Assembler    Page 6 


  223 0000006C BD07            POP              {R0,R1,R2,PC}
  224 0000006E                 ENDP
  225 0000006E         EXIT_Handler3
                               PROC
  226 0000006E                 EXPORT           EXIT_Handler3               [WE
AK]
  227 0000006E                 IMPORT           EXITHandler3
  228 0000006E B507            PUSH             {R0,R1,R2,LR}
  229 00000070 F7FF FFFE       BL               EXITHandler3
  230 00000074 BD07            POP              {R0,R1,R2,PC}
  231 00000076                 ENDP
  232 00000076         EXIT_Handler4
                               PROC
  233 00000076                 EXPORT           EXIT_Handler4               [WE
AK]
  234 00000076                 IMPORT           EXITHandler4
  235 00000076 B507            PUSH             {R0,R1,R2,LR}
  236 00000078 F7FF FFFE       BL               EXITHandler4
  237 0000007C BD07            POP              {R0,R1,R2,PC}
  238 0000007E                 ENDP
  239 0000007E         EXIT_Handler5
                               PROC
  240 0000007E                 EXPORT           EXIT_Handler5               [WE
AK]
  241 0000007E                 IMPORT           EXITHandler5
  242 0000007E B507            PUSH             {R0,R1,R2,LR}
  243 00000080 F7FF FFFE       BL               EXITHandler5
  244 00000084 BD07            POP              {R0,R1,R2,PC}
  245 00000086                 ENDP
  246 00000086         EXIT_Handler6
                               PROC
  247 00000086                 EXPORT           EXIT_Handler6               [WE
AK]
  248 00000086                 IMPORT           EXITHandler6
  249 00000086 B507            PUSH             {R0,R1,R2,LR}
  250 00000088 F7FF FFFE       BL               EXITHandler6
  251 0000008C BD07            POP              {R0,R1,R2,PC}
  252 0000008E                 ENDP
  253 0000008E         EXIT_Handler7
                               PROC
  254 0000008E                 EXPORT           EXIT_Handler7               [WE
AK]
  255 0000008E                 IMPORT           EXITHandler7
  256 0000008E B507            PUSH             {R0,R1,R2,LR}
  257 00000090 F7FF FFFE       BL               EXITHandler7
  258 00000094 BD07            POP              {R0,R1,R2,PC}
  259 00000096                 ENDP
  260 00000096         EXIT_Handler8
                               PROC
  261 00000096                 EXPORT           EXIT_Handler8               [WE
AK]
  262 00000096                 IMPORT           EXITHandler8
  263 00000096 B507            PUSH             {R0,R1,R2,LR}
  264 00000098 F7FF FFFE       BL               EXITHandler8
  265 0000009C BD07            POP              {R0,R1,R2,PC}
  266 0000009E                 ENDP
  267 0000009E         EXIT_Handler9
                               PROC
  268 0000009E                 EXPORT           EXIT_Handler9               [WE



ARM Macro Assembler    Page 7 


AK]
  269 0000009E                 IMPORT           EXITHandler9
  270 0000009E B507            PUSH             {R0,R1,R2,LR}
  271 000000A0 F7FF FFFE       BL               EXITHandler9
  272 000000A4 BD07            POP              {R0,R1,R2,PC}
  273 000000A6                 ENDP
  274 000000A6         
  275 000000A6 00 00           ALIGN
  276 000000A8         
  277 000000A8         
  278 000000A8         ; User Initial Stack & Heap
  279 000000A8         
  280 000000A8                 IF               :DEF:__MICROLIB
  287 000000A8         
  288 000000A8                 IMPORT           __use_two_region_memory
  289 000000A8                 EXPORT           __user_initial_stackheap
  290 000000A8         
  291 000000A8         __user_initial_stackheap
                               PROC
  292 000000A8 4804            LDR              R0, =  Heap_Mem
  293 000000AA 4905            LDR              R1, =(Stack_Mem + Stack_Size)
  294 000000AC 4A05            LDR              R2, = (Heap_Mem +  Heap_Size)
  295 000000AE 4B06            LDR              R3, = Stack_Mem
  296 000000B0 4770            BX               LR
  297 000000B2                 ENDP
  298 000000B2         
  299 000000B2 00 00           ALIGN
  300 000000B4         
  301 000000B4                 ENDIF
  302 000000B4         
  303 000000B4         
  304 000000B4                 END
              00000000 
              00000000 
              00000000 
              00000200 
              00000100 
              00000000 
Command Line: --debug --xref --diag_suppress=9931 --cpu=Cortex-M0 --apcs=interw
ork --depend=.\startup_cmsdk_cm0.d -o.\startup_cmsdk_cm0.o -IE:\Keil5\Keil\V2M-
MPS2_CMx_BSP\1.8.1\Device\CMSDK_CM0\Include --predefine="__UVISION_VERSION SETA
 538" --predefine="CMSDK_CM0 SETA 1" --list=.\listings\startup_cmsdk_cm0.lst ..
\CORE\startup_CMSDK_CM0.s



ARM Macro Assembler    Page 1 Alphabetic symbol ordering
Relocatable symbols

STACK 00000000

Symbol: STACK
   Definitions
      At line 35 in file ..\CORE\startup_CMSDK_CM0.s
   Uses
      None
Comment: STACK unused
Stack_Mem 00000000

Symbol: Stack_Mem
   Definitions
      At line 36 in file ..\CORE\startup_CMSDK_CM0.s
   Uses
      At line 293 in file ..\CORE\startup_CMSDK_CM0.s
      At line 295 in file ..\CORE\startup_CMSDK_CM0.s

__initial_sp 00000200

Symbol: __initial_sp
   Definitions
      At line 37 in file ..\CORE\startup_CMSDK_CM0.s
   Uses
      At line 63 in file ..\CORE\startup_CMSDK_CM0.s
Comment: __initial_sp used once
3 symbols



ARM Macro Assembler    Page 1 Alphabetic symbol ordering
Relocatable symbols

HEAP 00000000

Symbol: HEAP
   Definitions
      At line 46 in file ..\CORE\startup_CMSDK_CM0.s
   Uses
      None
Comment: HEAP unused
Heap_Mem 00000000

Symbol: Heap_Mem
   Definitions
      At line 48 in file ..\CORE\startup_CMSDK_CM0.s
   Uses
      At line 292 in file ..\CORE\startup_CMSDK_CM0.s
      At line 294 in file ..\CORE\startup_CMSDK_CM0.s

__heap_base 00000000

Symbol: __heap_base
   Definitions
      At line 47 in file ..\CORE\startup_CMSDK_CM0.s
   Uses
      None
Comment: __heap_base unused
__heap_limit 00000100

Symbol: __heap_limit
   Definitions
      At line 49 in file ..\CORE\startup_CMSDK_CM0.s
   Uses
      None
Comment: __heap_limit unused
4 symbols



ARM Macro Assembler    Page 1 Alphabetic symbol ordering
Relocatable symbols

RESET 00000000

Symbol: RESET
   Definitions
      At line 58 in file ..\CORE\startup_CMSDK_CM0.s
   Uses
      None
Comment: RESET unused
__Vectors 00000000

Symbol: __Vectors
   Definitions
      At line 63 in file ..\CORE\startup_CMSDK_CM0.s
   Uses
      At line 59 in file ..\CORE\startup_CMSDK_CM0.s
      At line 100 in file ..\CORE\startup_CMSDK_CM0.s

__Vectors_End 00000084

Symbol: __Vectors_End
   Definitions
      At line 98 in file ..\CORE\startup_CMSDK_CM0.s
   Uses
      At line 60 in file ..\CORE\startup_CMSDK_CM0.s
      At line 100 in file ..\CORE\startup_CMSDK_CM0.s

3 symbols



ARM Macro Assembler    Page 1 Alphabetic symbol ordering
Relocatable symbols

.text 00000000

Symbol: .text
   Definitions
      At line 102 in file ..\CORE\startup_CMSDK_CM0.s
   Uses
      None
Comment: .text unused
EXIT_Handler0 00000056

Symbol: EXIT_Handler0
   Definitions
      At line 204 in file ..\CORE\startup_CMSDK_CM0.s
   Uses
      At line 88 in file ..\CORE\startup_CMSDK_CM0.s
      At line 205 in file ..\CORE\startup_CMSDK_CM0.s

EXIT_Handler1 0000005E

Symbol: EXIT_Handler1
   Definitions
      At line 211 in file ..\CORE\startup_CMSDK_CM0.s
   Uses
      At line 89 in file ..\CORE\startup_CMSDK_CM0.s
      At line 212 in file ..\CORE\startup_CMSDK_CM0.s

EXIT_Handler2 00000066

Symbol: EXIT_Handler2
   Definitions
      At line 218 in file ..\CORE\startup_CMSDK_CM0.s
   Uses
      At line 90 in file ..\CORE\startup_CMSDK_CM0.s
      At line 219 in file ..\CORE\startup_CMSDK_CM0.s

EXIT_Handler3 0000006E

Symbol: EXIT_Handler3
   Definitions
      At line 225 in file ..\CORE\startup_CMSDK_CM0.s
   Uses
      At line 91 in file ..\CORE\startup_CMSDK_CM0.s
      At line 226 in file ..\CORE\startup_CMSDK_CM0.s

EXIT_Handler4 00000076

Symbol: EXIT_Handler4
   Definitions
      At line 232 in file ..\CORE\startup_CMSDK_CM0.s
   Uses
      At line 92 in file ..\CORE\startup_CMSDK_CM0.s
      At line 233 in file ..\CORE\startup_CMSDK_CM0.s

EXIT_Handler5 0000007E

Symbol: EXIT_Handler5
   Definitions
      At line 239 in file ..\CORE\startup_CMSDK_CM0.s
   Uses



ARM Macro Assembler    Page 2 Alphabetic symbol ordering
Relocatable symbols

      At line 93 in file ..\CORE\startup_CMSDK_CM0.s
      At line 240 in file ..\CORE\startup_CMSDK_CM0.s

EXIT_Handler6 00000086

Symbol: EXIT_Handler6
   Definitions
      At line 246 in file ..\CORE\startup_CMSDK_CM0.s
   Uses
      At line 94 in file ..\CORE\startup_CMSDK_CM0.s
      At line 247 in file ..\CORE\startup_CMSDK_CM0.s

EXIT_Handler7 0000008E

Symbol: EXIT_Handler7
   Definitions
      At line 253 in file ..\CORE\startup_CMSDK_CM0.s
   Uses
      At line 95 in file ..\CORE\startup_CMSDK_CM0.s
      At line 254 in file ..\CORE\startup_CMSDK_CM0.s

EXIT_Handler8 00000096

Symbol: EXIT_Handler8
   Definitions
      At line 260 in file ..\CORE\startup_CMSDK_CM0.s
   Uses
      At line 96 in file ..\CORE\startup_CMSDK_CM0.s
      At line 261 in file ..\CORE\startup_CMSDK_CM0.s

EXIT_Handler9 0000009E

Symbol: EXIT_Handler9
   Definitions
      At line 267 in file ..\CORE\startup_CMSDK_CM0.s
   Uses
      At line 268 in file ..\CORE\startup_CMSDK_CM0.s
Comment: EXIT_Handler9 used once
HardFault_Handler 0000000E

Symbol: HardFault_Handler
   Definitions
      At line 130 in file ..\CORE\startup_CMSDK_CM0.s
   Uses
      At line 66 in file ..\CORE\startup_CMSDK_CM0.s
      At line 131 in file ..\CORE\startup_CMSDK_CM0.s

NMI_Handler 0000000C

Symbol: NMI_Handler
   Definitions
      At line 125 in file ..\CORE\startup_CMSDK_CM0.s
   Uses
      At line 65 in file ..\CORE\startup_CMSDK_CM0.s
      At line 126 in file ..\CORE\startup_CMSDK_CM0.s

PendSV_Handler 00000012

Symbol: PendSV_Handler



ARM Macro Assembler    Page 3 Alphabetic symbol ordering
Relocatable symbols

   Definitions
      At line 138 in file ..\CORE\startup_CMSDK_CM0.s
   Uses
      At line 77 in file ..\CORE\startup_CMSDK_CM0.s
      At line 139 in file ..\CORE\startup_CMSDK_CM0.s

Reset_Handler 00000000

Symbol: Reset_Handler
   Definitions
      At line 107 in file ..\CORE\startup_CMSDK_CM0.s
   Uses
      At line 64 in file ..\CORE\startup_CMSDK_CM0.s
      At line 108 in file ..\CORE\startup_CMSDK_CM0.s

SPTIMER0_Handler 00000046

Symbol: SPTIMER0_Handler
   Definitions
      At line 189 in file ..\CORE\startup_CMSDK_CM0.s
   Uses
      At line 86 in file ..\CORE\startup_CMSDK_CM0.s
      At line 190 in file ..\CORE\startup_CMSDK_CM0.s

SPTIMER1_Handler 0000004E

Symbol: SPTIMER1_Handler
   Definitions
      At line 197 in file ..\CORE\startup_CMSDK_CM0.s
   Uses
      At line 87 in file ..\CORE\startup_CMSDK_CM0.s
      At line 198 in file ..\CORE\startup_CMSDK_CM0.s

SVC_Handler 00000010

Symbol: SVC_Handler
   Definitions
      At line 134 in file ..\CORE\startup_CMSDK_CM0.s
   Uses
      At line 74 in file ..\CORE\startup_CMSDK_CM0.s
      At line 135 in file ..\CORE\startup_CMSDK_CM0.s

SysTick_Handler 00000014

Symbol: SysTick_Handler
   Definitions
      At line 142 in file ..\CORE\startup_CMSDK_CM0.s
   Uses
      At line 78 in file ..\CORE\startup_CMSDK_CM0.s
      At line 143 in file ..\CORE\startup_CMSDK_CM0.s

UARTRX0_Handler 00000016

Symbol: UARTRX0_Handler
   Definitions
      At line 146 in file ..\CORE\startup_CMSDK_CM0.s
   Uses
      At line 80 in file ..\CORE\startup_CMSDK_CM0.s
      At line 147 in file ..\CORE\startup_CMSDK_CM0.s



ARM Macro Assembler    Page 4 Alphabetic symbol ordering
Relocatable symbols


UARTRX1_Handler 00000026

Symbol: UARTRX1_Handler
   Definitions
      At line 160 in file ..\CORE\startup_CMSDK_CM0.s
   Uses
      At line 82 in file ..\CORE\startup_CMSDK_CM0.s
      At line 161 in file ..\CORE\startup_CMSDK_CM0.s

UARTRX2_Handler 00000036

Symbol: UARTRX2_Handler
   Definitions
      At line 174 in file ..\CORE\startup_CMSDK_CM0.s
   Uses
      At line 84 in file ..\CORE\startup_CMSDK_CM0.s
      At line 175 in file ..\CORE\startup_CMSDK_CM0.s

UARTTX0_Handler 0000001E

Symbol: UARTTX0_Handler
   Definitions
      At line 153 in file ..\CORE\startup_CMSDK_CM0.s
   Uses
      At line 81 in file ..\CORE\startup_CMSDK_CM0.s
      At line 154 in file ..\CORE\startup_CMSDK_CM0.s

UARTTX1_Handler 0000002E

Symbol: UARTTX1_Handler
   Definitions
      At line 167 in file ..\CORE\startup_CMSDK_CM0.s
   Uses
      At line 83 in file ..\CORE\startup_CMSDK_CM0.s
      At line 168 in file ..\CORE\startup_CMSDK_CM0.s

UARTTX2_Handler 0000003E

Symbol: UARTTX2_Handler
   Definitions
      At line 181 in file ..\CORE\startup_CMSDK_CM0.s
   Uses
      At line 85 in file ..\CORE\startup_CMSDK_CM0.s
      At line 182 in file ..\CORE\startup_CMSDK_CM0.s

__user_initial_stackheap 000000A8

Symbol: __user_initial_stackheap
   Definitions
      At line 291 in file ..\CORE\startup_CMSDK_CM0.s
   Uses
      At line 289 in file ..\CORE\startup_CMSDK_CM0.s
Comment: __user_initial_stackheap used once
26 symbols



ARM Macro Assembler    Page 1 Alphabetic symbol ordering
Absolute symbols

Heap_Size 00000100

Symbol: Heap_Size
   Definitions
      At line 44 in file ..\CORE\startup_CMSDK_CM0.s
   Uses
      At line 48 in file ..\CORE\startup_CMSDK_CM0.s
      At line 294 in file ..\CORE\startup_CMSDK_CM0.s

Stack_Size 00000200

Symbol: Stack_Size
   Definitions
      At line 33 in file ..\CORE\startup_CMSDK_CM0.s
   Uses
      At line 36 in file ..\CORE\startup_CMSDK_CM0.s
      At line 293 in file ..\CORE\startup_CMSDK_CM0.s

__Vectors_Size 00000084

Symbol: __Vectors_Size
   Definitions
      At line 100 in file ..\CORE\startup_CMSDK_CM0.s
   Uses
      At line 61 in file ..\CORE\startup_CMSDK_CM0.s
Comment: __Vectors_Size used once
3 symbols



ARM Macro Assembler    Page 1 Alphabetic symbol ordering
External symbols

EXITHandler0 00000000

Symbol: EXITHandler0
   Definitions
      At line 206 in file ..\CORE\startup_CMSDK_CM0.s
   Uses
      At line 208 in file ..\CORE\startup_CMSDK_CM0.s
Comment: EXITHandler0 used once
EXITHandler1 00000000

Symbol: EXITHandler1
   Definitions
      At line 213 in file ..\CORE\startup_CMSDK_CM0.s
   Uses
      At line 215 in file ..\CORE\startup_CMSDK_CM0.s
Comment: EXITHandler1 used once
EXITHandler2 00000000

Symbol: EXITHandler2
   Definitions
      At line 220 in file ..\CORE\startup_CMSDK_CM0.s
   Uses
      At line 222 in file ..\CORE\startup_CMSDK_CM0.s
Comment: EXITHandler2 used once
EXITHandler3 00000000

Symbol: EXITHandler3
   Definitions
      At line 227 in file ..\CORE\startup_CMSDK_CM0.s
   Uses
      At line 229 in file ..\CORE\startup_CMSDK_CM0.s
Comment: EXITHandler3 used once
EXITHandler4 00000000

Symbol: EXITHandler4
   Definitions
      At line 234 in file ..\CORE\startup_CMSDK_CM0.s
   Uses
      At line 236 in file ..\CORE\startup_CMSDK_CM0.s
Comment: EXITHandler4 used once
EXITHandler5 00000000

Symbol: EXITHandler5
   Definitions
      At line 241 in file ..\CORE\startup_CMSDK_CM0.s
   Uses
      At line 243 in file ..\CORE\startup_CMSDK_CM0.s
Comment: EXITHandler5 used once
EXITHandler6 00000000

Symbol: EXITHandler6
   Definitions
      At line 248 in file ..\CORE\startup_CMSDK_CM0.s
   Uses
      At line 250 in file ..\CORE\startup_CMSDK_CM0.s
Comment: EXITHandler6 used once
EXITHandler7 00000000

Symbol: EXITHandler7



ARM Macro Assembler    Page 2 Alphabetic symbol ordering
External symbols

   Definitions
      At line 255 in file ..\CORE\startup_CMSDK_CM0.s
   Uses
      At line 257 in file ..\CORE\startup_CMSDK_CM0.s
Comment: EXITHandler7 used once
EXITHandler8 00000000

Symbol: EXITHandler8
   Definitions
      At line 262 in file ..\CORE\startup_CMSDK_CM0.s
   Uses
      At line 264 in file ..\CORE\startup_CMSDK_CM0.s
Comment: EXITHandler8 used once
EXITHandler9 00000000

Symbol: EXITHandler9
   Definitions
      At line 269 in file ..\CORE\startup_CMSDK_CM0.s
   Uses
      At line 271 in file ..\CORE\startup_CMSDK_CM0.s
Comment: EXITHandler9 used once
SPTIMER0Handler 00000000

Symbol: SPTIMER0Handler
   Definitions
      At line 191 in file ..\CORE\startup_CMSDK_CM0.s
   Uses
      At line 193 in file ..\CORE\startup_CMSDK_CM0.s
Comment: SPTIMER0Handler used once
SPTIMER1Handler 00000000

Symbol: SPTIMER1Handler
   Definitions
      At line 199 in file ..\CORE\startup_CMSDK_CM0.s
   Uses
      At line 201 in file ..\CORE\startup_CMSDK_CM0.s
Comment: SPTIMER1Handler used once
SystemInit 00000000

Symbol: SystemInit
   Definitions
      At line 109 in file ..\CORE\startup_CMSDK_CM0.s
   Uses
      At line 111 in file ..\CORE\startup_CMSDK_CM0.s
Comment: SystemInit used once
UARTRX0Handler 00000000

Symbol: UARTRX0Handler
   Definitions
      At line 148 in file ..\CORE\startup_CMSDK_CM0.s
   Uses
      At line 150 in file ..\CORE\startup_CMSDK_CM0.s
Comment: UARTRX0Handler used once
UARTRX1Handler 00000000

Symbol: UARTRX1Handler
   Definitions
      At line 162 in file ..\CORE\startup_CMSDK_CM0.s
   Uses



ARM Macro Assembler    Page 3 Alphabetic symbol ordering
External symbols

      At line 164 in file ..\CORE\startup_CMSDK_CM0.s
Comment: UARTRX1Handler used once
UARTRX2Handler 00000000

Symbol: UARTRX2Handler
   Definitions
      At line 176 in file ..\CORE\startup_CMSDK_CM0.s
   Uses
      At line 178 in file ..\CORE\startup_CMSDK_CM0.s
Comment: UARTRX2Handler used once
UARTTX0Handler 00000000

Symbol: UARTTX0Handler
   Definitions
      At line 155 in file ..\CORE\startup_CMSDK_CM0.s
   Uses
      At line 157 in file ..\CORE\startup_CMSDK_CM0.s
Comment: UARTTX0Handler used once
UARTTX1Handler 00000000

Symbol: UARTTX1Handler
   Definitions
      At line 169 in file ..\CORE\startup_CMSDK_CM0.s
   Uses
      At line 171 in file ..\CORE\startup_CMSDK_CM0.s
Comment: UARTTX1Handler used once
UARTTX2Handler 00000000

Symbol: UARTTX2Handler
   Definitions
      At line 183 in file ..\CORE\startup_CMSDK_CM0.s
   Uses
      At line 185 in file ..\CORE\startup_CMSDK_CM0.s
Comment: UARTTX2Handler used once
__main 00000000

Symbol: __main
   Definitions
      At line 110 in file ..\CORE\startup_CMSDK_CM0.s
   Uses
      At line 118 in file ..\CORE\startup_CMSDK_CM0.s
Comment: __main used once
__use_two_region_memory 00000000

Symbol: __use_two_region_memory
   Definitions
      At line 288 in file ..\CORE\startup_CMSDK_CM0.s
   Uses
      None
Comment: __use_two_region_memory unused
21 symbols
396 symbols in table
